# JRE version: OpenJDK Runtime Environment Temurin-17.0.7+7 (17.0.7+7) (build 17.0.7+7)
# Java VM: OpenJDK 64-Bit Server VM Temurin-17.0.7+7 (17.0.7+7, mixed mode, sharing, tiered, compressed oops, compressed class ptrs, g1 gc, windows-amd64)
GC Precious Log:
 CPUs: 16 total, 16 available
 Memory: 16003M
 Large Page Support: Disabled
 NUMA Support: Disabled
 Compressed Oops: Enabled (Zero based)
 Heap Region Size: 2M
 Heap Min Capacity: 512M
 Heap Initial Capacity: 512M
 Heap Max Capacity: 4072M
 Pre-touch: Disabled
 Parallel Workers: 13
 Concurrent Workers: 3
 Concurrent Refinement Workers: 13
 Periodic GC: Disabled
 String Deduplication is enabled
Heap:
 garbage-first heap   total 524288K, used 128648K [0x0000000701800000, 0x0000000800000000)
  region size 2048K, 16 young (32768K), 3 survivors (6144K)
 Metaspace       used 85795K, committed 86528K, reserved 1179648K
  class space    used 11695K, committed 12096K, reserved 1048576K
GC Heap History (20 events):
Event: 502.337 GC heap before
{Heap before GC invocations=60 (full 14):
 garbage-first heap   total 524288K, used 179225K [0x0000000701800000, 0x0000000800000000)
  region size 2048K, 40 young (81920K), 1 survivors (2048K)
 Metaspace       used 85366K, committed 86080K, reserved 1179648K
  class space    used 11667K, committed 12032K, reserved 1048576K
}
Event: 502.341 GC heap after
{Heap after GC invocations=61 (full 14):
 garbage-first heap   total 524288K, used 99629K [0x0000000701800000, 0x0000000800000000)
  region size 2048K, 1 young (2048K), 1 survivors (2048K)
 Metaspace       used 85366K, committed 86080K, reserved 1179648K
  class space    used 11667K, committed 12032K, reserved 1048576K
}
Event: 525.881 GC heap before
{Heap before GC invocations=61 (full 14):
 garbage-first heap   total 524288K, used 179501K [0x0000000701800000, 0x0000000800000000)
  region size 2048K, 40 young (81920K), 1 survivors (2048K)
 Metaspace       used 85377K, committed 86144K, reserved 1179648K
  class space    used 11668K, committed 12032K, reserved 1048576K
}
Event: 525.889 GC heap after
{Heap after GC invocations=62 (full 14):
 garbage-first heap   total 524288K, used 99560K [0x0000000701800000, 0x0000000800000000)
  region size 2048K, 1 young (2048K), 1 survivors (2048K)
 Metaspace       used 85377K, committed 86144K, reserved 1179648K
  class space    used 11668K, committed 12032K, reserved 1048576K
}
Event: 550.532 GC heap before
{Heap before GC invocations=62 (full 14):
 garbage-first heap   total 524288K, used 179432K [0x0000000701800000, 0x0000000800000000)
  region size 2048K, 40 young (81920K), 1 survivors (2048K)
 Metaspace       used 85550K, committed 86336K, reserved 1179648K
  class space    used 11694K, committed 12096K, reserved 1048576K
}
Event: 550.535 GC heap after
{Heap after GC invocations=63 (full 14):
 garbage-first heap   total 524288K, used 99726K [0x0000000701800000, 0x0000000800000000)
  region size 2048K, 1 young (2048K), 1 survivors (2048K)
 Metaspace       used 85550K, committed 86336K, reserved 1179648K
  class space    used 11694K, committed 12096K, reserved 1048576K
}
Event: 573.614 GC heap before
{Heap before GC invocations=63 (full 14):
 garbage-first heap   total 524288K, used 179598K [0x0000000701800000, 0x0000000800000000)
  region size 2048K, 40 young (81920K), 1 survivors (2048K)
 Metaspace       used 85603K, committed 86336K, reserved 1179648K
  class space    used 11695K, committed 12096K, reserved 1048576K
}
Event: 573.618 GC heap after
{Heap after GC invocations=64 (full 14):
 garbage-first heap   total 524288K, used 100421K [0x0000000701800000, 0x0000000800000000)
  region size 2048K, 2 young (4096K), 2 survivors (4096K)
 Metaspace       used 85603K, committed 86336K, reserved 1179648K
  class space    used 11695K, committed 12096K, reserved 1048576K
}
Event: 586.768 GC heap before
{Heap before GC invocations=64 (full 14):
 garbage-first heap   total 524288K, used 178245K [0x0000000701800000, 0x0000000800000000)
  region size 2048K, 40 young (81920K), 2 survivors (4096K)
 Metaspace       used 85660K, committed 86464K, reserved 1179648K
  class space    used 11695K, committed 12096K, reserved 1048576K
}
Event: 586.772 GC heap after
{Heap after GC invocations=65 (full 14):
 garbage-first heap   total 524288K, used 100687K [0x0000000701800000, 0x0000000800000000)
  region size 2048K, 2 young (4096K), 2 survivors (4096K)
 Metaspace       used 85660K, committed 86464K, reserved 1179648K
  class space    used 11695K, committed 12096K, reserved 1048576K
}
Event: 587.040 GC heap before
{Heap before GC invocations=65 (full 14):
 garbage-first heap   total 524288K, used 178511K [0x0000000701800000, 0x0000000800000000)
  region size 2048K, 40 young (81920K), 2 survivors (4096K)
 Metaspace       used 85660K, committed 86464K, reserved 1179648K
  class space    used 11695K, committed 12096K, reserved 1048576K
}
Event: 587.043 GC heap after
{Heap after GC invocations=66 (full 14):
 garbage-first heap   total 524288K, used 100682K [0x0000000701800000, 0x0000000800000000)
  region size 2048K, 2 young (4096K), 2 survivors (4096K)
 Metaspace       used 85660K, committed 86464K, reserved 1179648K
  class space    used 11695K, committed 12096K, reserved 1048576K
}
Event: 588.281 GC heap before
{Heap before GC invocations=66 (full 14):
 garbage-first heap   total 524288K, used 178506K [0x0000000701800000, 0x0000000800000000)
  region size 2048K, 40 young (81920K), 2 survivors (4096K)
 Metaspace       used 85662K, committed 86464K, reserved 1179648K
  class space    used 11695K, committed 12096K, reserved 1048576K
}
Event: 588.287 GC heap after
{Heap after GC invocations=67 (full 14):
 garbage-first heap   total 524288K, used 100746K [0x0000000701800000, 0x0000000800000000)
  region size 2048K, 2 young (4096K), 2 survivors (4096K)
 Metaspace       used 85662K, committed 86464K, reserved 1179648K
  class space    used 11695K, committed 12096K, reserved 1048576K
}
Event: 591.983 GC heap before
{Heap before GC invocations=67 (full 14):
 garbage-first heap   total 524288K, used 178570K [0x0000000701800000, 0x0000000800000000)
  region size 2048K, 40 young (81920K), 2 survivors (4096K)
 Metaspace       used 85721K, committed 86464K, reserved 1179648K
  class space    used 11695K, committed 12096K, reserved 1048576K
}
Event: 591.987 GC heap after
{Heap after GC invocations=68 (full 14):
 garbage-first heap   total 524288K, used 103724K [0x0000000701800000, 0x0000000800000000)
  region size 2048K, 3 young (6144K), 3 survivors (6144K)
 Metaspace       used 85721K, committed 86464K, reserved 1179648K
  class space    used 11695K, committed 12096K, reserved 1048576K
}
Event: 592.776 GC heap before
{Heap before GC invocations=68 (full 14):
 garbage-first heap   total 524288K, used 179500K [0x0000000701800000, 0x0000000800000000)
  region size 2048K, 40 young (81920K), 3 survivors (6144K)
 Metaspace       used 85740K, committed 86464K, reserved 1179648K
  class space    used 11695K, committed 12096K, reserved 1048576K
}
Event: 592.782 GC heap after
{Heap after GC invocations=69 (full 14):
 garbage-first heap   total 524288K, used 103969K [0x0000000701800000, 0x0000000800000000)
  region size 2048K, 3 young (6144K), 3 survivors (6144K)
 Metaspace       used 85740K, committed 86464K, reserved 1179648K
  class space    used 11695K, committed 12096K, reserved 1048576K
}
Event: 594.589 GC heap before
{Heap before GC invocations=69 (full 14):
 garbage-first heap   total 524288K, used 179745K [0x0000000701800000, 0x0000000800000000)
  region size 2048K, 40 young (81920K), 3 survivors (6144K)
 Metaspace       used 85750K, committed 86528K, reserved 1179648K
  class space    used 11695K, committed 12096K, reserved 1048576K
}
Event: 594.595 GC heap after
{Heap after GC invocations=70 (full 14):
 garbage-first heap   total 524288K, used 104072K [0x0000000701800000, 0x0000000800000000)
  region size 2048K, 3 young (6144K), 3 survivors (6144K)
 Metaspace       used 85750K, committed 86528K, reserved 1179648K
  class space    used 11695K, committed 12096K, reserved 1048576K
}

