# JRE version: OpenJDK Runtime Environment Temurin-17.0.7+7 (17.0.7+7) (build 17.0.7+7)
# Java VM: OpenJDK 64-Bit Server VM Temurin-17.0.7+7 (17.0.7+7, mixed mode, sharing, tiered, compressed oops, compressed class ptrs, g1 gc, windows-amd64)
GC Precious Log:
 CPUs: 16 total, 16 available
 Memory: 16003M
 Large Page Support: Disabled
 NUMA Support: Disabled
 Compressed Oops: Enabled (Zero based)
 Heap Region Size: 2M
 Heap Min Capacity: 512M
 Heap Initial Capacity: 512M
 Heap Max Capacity: 4072M
 Pre-touch: Disabled
 Parallel Workers: 13
 Concurrent Workers: 3
 Concurrent Refinement Workers: 13
 Periodic GC: Disabled
 String Deduplication is enabled
Heap:
 garbage-first heap   total 524288K, used 133817K [0x0000000701800000, 0x0000000800000000)
  region size 2048K, 8 young (16384K), 1 survivors (2048K)
 Metaspace       used 90660K, committed 91456K, reserved 1179648K
  class space    used 11956K, committed 12352K, reserved 1048576K
GC Heap History (20 events):
Event: 3176.422 GC heap before
{Heap before GC invocations=845 (full 367):
 garbage-first heap   total 524288K, used 138179K [0x0000000701800000, 0x0000000800000000)
  region size 2048K, 2 young (4096K), 0 survivors (0K)
 Metaspace       used 90641K, committed 91456K, reserved 1179648K
  class space    used 11956K, committed 12352K, reserved 1048576K
}
Event: 3176.489 GC heap after
{Heap after GC invocations=846 (full 368):
 garbage-first heap   total 524288K, used 119747K [0x0000000701800000, 0x0000000800000000)
  region size 2048K, 0 young (0K), 0 survivors (0K)
 Metaspace       used 90641K, committed 91456K, reserved 1179648K
  class space    used 11956K, committed 12352K, reserved 1048576K
}
Event: 3176.635 GC heap before
{Heap before GC invocations=846 (full 368):
 garbage-first heap   total 524288K, used 138179K [0x0000000701800000, 0x0000000800000000)
  region size 2048K, 2 young (4096K), 0 survivors (0K)
 Metaspace       used 90641K, committed 91456K, reserved 1179648K
  class space    used 11956K, committed 12352K, reserved 1048576K
}
Event: 3176.696 GC heap after
{Heap after GC invocations=847 (full 369):
 garbage-first heap   total 524288K, used 119747K [0x0000000701800000, 0x0000000800000000)
  region size 2048K, 0 young (0K), 0 survivors (0K)
 Metaspace       used 90641K, committed 91456K, reserved 1179648K
  class space    used 11956K, committed 12352K, reserved 1048576K
}
Event: 3176.728 GC heap before
{Heap before GC invocations=847 (full 369):
 garbage-first heap   total 524288K, used 129987K [0x0000000701800000, 0x0000000800000000)
  region size 2048K, 2 young (4096K), 0 survivors (0K)
 Metaspace       used 90641K, committed 91456K, reserved 1179648K
  class space    used 11956K, committed 12352K, reserved 1048576K
}
Event: 3176.781 GC heap after
{Heap after GC invocations=848 (full 370):
 garbage-first heap   total 524288K, used 119747K [0x0000000701800000, 0x0000000800000000)
  region size 2048K, 0 young (0K), 0 survivors (0K)
 Metaspace       used 90641K, committed 91456K, reserved 1179648K
  class space    used 11956K, committed 12352K, reserved 1048576K
}
Event: 3176.823 GC heap before
{Heap before GC invocations=848 (full 370):
 garbage-first heap   total 524288K, used 138179K [0x0000000701800000, 0x0000000800000000)
  region size 2048K, 2 young (4096K), 0 survivors (0K)
 Metaspace       used 90641K, committed 91456K, reserved 1179648K
  class space    used 11956K, committed 12352K, reserved 1048576K
}
Event: 3176.904 GC heap after
{Heap after GC invocations=849 (full 371):
 garbage-first heap   total 524288K, used 119746K [0x0000000701800000, 0x0000000800000000)
  region size 2048K, 0 young (0K), 0 survivors (0K)
 Metaspace       used 90641K, committed 91456K, reserved 1179648K
  class space    used 11956K, committed 12352K, reserved 1048576K
}
Event: 3177.062 GC heap before
{Heap before GC invocations=849 (full 371):
 garbage-first heap   total 524288K, used 146370K [0x0000000701800000, 0x0000000800000000)
  region size 2048K, 2 young (4096K), 0 survivors (0K)
 Metaspace       used 90641K, committed 91456K, reserved 1179648K
  class space    used 11956K, committed 12352K, reserved 1048576K
}
Event: 3177.114 GC heap after
{Heap after GC invocations=850 (full 372):
 garbage-first heap   total 524288K, used 119751K [0x0000000701800000, 0x0000000800000000)
  region size 2048K, 0 young (0K), 0 survivors (0K)
 Metaspace       used 90641K, committed 91456K, reserved 1179648K
  class space    used 11956K, committed 12352K, reserved 1048576K
}
Event: 3199.285 GC heap before
{Heap before GC invocations=850 (full 372):
 garbage-first heap   total 524288K, used 201671K [0x0000000701800000, 0x0000000800000000)
  region size 2048K, 40 young (81920K), 0 survivors (0K)
 Metaspace       used 90652K, committed 91456K, reserved 1179648K
  class space    used 11956K, committed 12352K, reserved 1048576K
}
Event: 3199.288 GC heap after
{Heap after GC invocations=851 (full 372):
 garbage-first heap   total 524288K, used 120142K [0x0000000701800000, 0x0000000800000000)
  region size 2048K, 1 young (2048K), 1 survivors (2048K)
 Metaspace       used 90652K, committed 91456K, reserved 1179648K
  class space    used 11956K, committed 12352K, reserved 1048576K
}
Event: 3202.589 GC heap before
{Heap before GC invocations=851 (full 372):
 garbage-first heap   total 524288K, used 200014K [0x0000000701800000, 0x0000000800000000)
  region size 2048K, 40 young (81920K), 1 survivors (2048K)
 Metaspace       used 90656K, committed 91456K, reserved 1179648K
  class space    used 11956K, committed 12352K, reserved 1048576K
}
Event: 3202.590 GC heap after
{Heap after GC invocations=852 (full 372):
 garbage-first heap   total 524288K, used 120331K [0x0000000701800000, 0x0000000800000000)
  region size 2048K, 1 young (2048K), 1 survivors (2048K)
 Metaspace       used 90656K, committed 91456K, reserved 1179648K
  class space    used 11956K, committed 12352K, reserved 1048576K
}
Event: 3209.681 GC heap before
{Heap before GC invocations=852 (full 372):
 garbage-first heap   total 524288K, used 200203K [0x0000000701800000, 0x0000000800000000)
  region size 2048K, 40 young (81920K), 1 survivors (2048K)
 Metaspace       used 90658K, committed 91456K, reserved 1179648K
  class space    used 11956K, committed 12352K, reserved 1048576K
}
Event: 3209.684 GC heap after
{Heap after GC invocations=853 (full 372):
 garbage-first heap   total 524288K, used 121439K [0x0000000701800000, 0x0000000800000000)
  region size 2048K, 1 young (2048K), 1 survivors (2048K)
 Metaspace       used 90658K, committed 91456K, reserved 1179648K
  class space    used 11956K, committed 12352K, reserved 1048576K
}
Event: 3238.085 GC heap before
{Heap before GC invocations=853 (full 372):
 garbage-first heap   total 524288K, used 201311K [0x0000000701800000, 0x0000000800000000)
  region size 2048K, 40 young (81920K), 1 survivors (2048K)
 Metaspace       used 90658K, committed 91456K, reserved 1179648K
  class space    used 11956K, committed 12352K, reserved 1048576K
}
Event: 3238.092 GC heap after
{Heap after GC invocations=854 (full 372):
 garbage-first heap   total 524288K, used 121537K [0x0000000701800000, 0x0000000800000000)
  region size 2048K, 1 young (2048K), 1 survivors (2048K)
 Metaspace       used 90658K, committed 91456K, reserved 1179648K
  class space    used 11956K, committed 12352K, reserved 1048576K
}
Event: 3261.705 GC heap before
{Heap before GC invocations=854 (full 372):
 garbage-first heap   total 524288K, used 201409K [0x0000000701800000, 0x0000000800000000)
  region size 2048K, 40 young (81920K), 1 survivors (2048K)
 Metaspace       used 90658K, committed 91456K, reserved 1179648K
  class space    used 11956K, committed 12352K, reserved 1048576K
}
Event: 3261.717 GC heap after
{Heap after GC invocations=855 (full 372):
 garbage-first heap   total 524288K, used 121529K [0x0000000701800000, 0x0000000800000000)
  region size 2048K, 1 young (2048K), 1 survivors (2048K)
 Metaspace       used 90658K, committed 91456K, reserved 1179648K
  class space    used 11956K, committed 12352K, reserved 1048576K
}

