# JRE version: OpenJDK Runtime Environment Temurin-17.0.7+7 (17.0.7+7) (build 17.0.7+7)
# Java VM: OpenJDK 64-Bit Server VM Temurin-17.0.7+7 (17.0.7+7, mixed mode, sharing, tiered, compressed oops, compressed class ptrs, g1 gc, windows-amd64)
GC Precious Log:
 CPUs: 16 total, 16 available
 Memory: 16003M
 Large Page Support: Disabled
 NUMA Support: Disabled
 Compressed Oops: Enabled (Zero based)
 Heap Region Size: 2M
 Heap Min Capacity: 512M
 Heap Initial Capacity: 512M
 Heap Max Capacity: 4072M
 Pre-touch: Disabled
 Parallel Workers: 13
 Concurrent Workers: 3
 Concurrent Refinement Workers: 13
 Periodic GC: Disabled
 String Deduplication is enabled
Heap:
 garbage-first heap   total 524288K, used 167900K [0x0000000701800000, 0x0000000800000000)
  region size 2048K, 10 young (20480K), 1 survivors (2048K)
 Metaspace       used 97978K, committed 98752K, reserved 1179648K
  class space    used 13830K, committed 14208K, reserved 1048576K
GC Heap History (20 events):
Event: 2423.889 GC heap before
{Heap before GC invocations=201 (full 19):
 garbage-first heap   total 524288K, used 250230K [0x0000000701800000, 0x0000000800000000)
  region size 2048K, 40 young (81920K), 3 survivors (6144K)
 Metaspace       used 97768K, committed 98560K, reserved 1179648K
  class space    used 13827K, committed 14208K, reserved 1048576K
}
Event: 2423.895 GC heap after
{Heap after GC invocations=202 (full 19):
 garbage-first heap   total 524288K, used 174735K [0x0000000701800000, 0x0000000800000000)
  region size 2048K, 3 young (6144K), 3 survivors (6144K)
 Metaspace       used 97768K, committed 98560K, reserved 1179648K
  class space    used 13827K, committed 14208K, reserved 1048576K
}
Event: 2451.908 GC heap before
{Heap before GC invocations=202 (full 19):
 garbage-first heap   total 524288K, used 250511K [0x0000000701800000, 0x0000000800000000)
  region size 2048K, 40 young (81920K), 3 survivors (6144K)
 Metaspace       used 97780K, committed 98560K, reserved 1179648K
  class space    used 13827K, committed 14208K, reserved 1048576K
}
Event: 2451.912 GC heap after
{Heap after GC invocations=203 (full 19):
 garbage-first heap   total 524288K, used 174604K [0x0000000701800000, 0x0000000800000000)
  region size 2048K, 3 young (6144K), 3 survivors (6144K)
 Metaspace       used 97780K, committed 98560K, reserved 1179648K
  class space    used 13827K, committed 14208K, reserved 1048576K
}
Event: 2461.547 GC heap before
{Heap before GC invocations=203 (full 19):
 garbage-first heap   total 524288K, used 250380K [0x0000000701800000, 0x0000000800000000)
  region size 2048K, 40 young (81920K), 3 survivors (6144K)
 Metaspace       used 97783K, committed 98560K, reserved 1179648K
  class space    used 13827K, committed 14208K, reserved 1048576K
}
Event: 2461.550 GC heap after
{Heap after GC invocations=204 (full 19):
 garbage-first heap   total 524288K, used 174332K [0x0000000701800000, 0x0000000800000000)
  region size 2048K, 3 young (6144K), 3 survivors (6144K)
 Metaspace       used 97783K, committed 98560K, reserved 1179648K
  class space    used 13827K, committed 14208K, reserved 1048576K
}
Event: 2468.709 GC heap before
{Heap before GC invocations=204 (full 19):
 garbage-first heap   total 524288K, used 250108K [0x0000000701800000, 0x0000000800000000)
  region size 2048K, 40 young (81920K), 3 survivors (6144K)
 Metaspace       used 97792K, committed 98624K, reserved 1179648K
  class space    used 13827K, committed 14208K, reserved 1048576K
}
Event: 2468.714 GC heap after
{Heap after GC invocations=205 (full 19):
 garbage-first heap   total 524288K, used 174953K [0x0000000701800000, 0x0000000800000000)
  region size 2048K, 3 young (6144K), 3 survivors (6144K)
 Metaspace       used 97792K, committed 98624K, reserved 1179648K
  class space    used 13827K, committed 14208K, reserved 1048576K
}
Event: 2474.449 GC heap before
{Heap before GC invocations=205 (full 19):
 garbage-first heap   total 524288K, used 250729K [0x0000000701800000, 0x0000000800000000)
  region size 2048K, 40 young (81920K), 3 survivors (6144K)
 Metaspace       used 97824K, committed 98624K, reserved 1179648K
  class space    used 13827K, committed 14208K, reserved 1048576K
}
Event: 2474.456 GC heap after
{Heap after GC invocations=206 (full 19):
 garbage-first heap   total 524288K, used 178382K [0x0000000701800000, 0x0000000800000000)
  region size 2048K, 5 young (10240K), 5 survivors (10240K)
 Metaspace       used 97824K, committed 98624K, reserved 1179648K
  class space    used 13827K, committed 14208K, reserved 1048576K
}
Event: 2474.705 GC heap before
{Heap before GC invocations=206 (full 19):
 garbage-first heap   total 524288K, used 213198K [0x0000000701800000, 0x0000000800000000)
  region size 2048K, 20 young (40960K), 5 survivors (10240K)
 Metaspace       used 97901K, committed 98688K, reserved 1179648K
  class space    used 13830K, committed 14208K, reserved 1048576K
}
Event: 2474.789 GC heap after
{Heap after GC invocations=207 (full 20):
 garbage-first heap   total 524288K, used 145839K [0x0000000701800000, 0x0000000800000000)
  region size 2048K, 0 young (0K), 0 survivors (0K)
 Metaspace       used 97901K, committed 98688K, reserved 1179648K
  class space    used 13830K, committed 14208K, reserved 1048576K
}
Event: 2487.655 GC heap before
{Heap before GC invocations=207 (full 20):
 garbage-first heap   total 524288K, used 229807K [0x0000000701800000, 0x0000000800000000)
  region size 2048K, 39 young (79872K), 0 survivors (0K)
 Metaspace       used 97935K, committed 98688K, reserved 1179648K
  class space    used 13830K, committed 14208K, reserved 1048576K
}
Event: 2487.658 GC heap after
{Heap after GC invocations=208 (full 20):
 garbage-first heap   total 524288K, used 153821K [0x0000000701800000, 0x0000000800000000)
  region size 2048K, 1 young (2048K), 1 survivors (2048K)
 Metaspace       used 97935K, committed 98688K, reserved 1179648K
  class space    used 13830K, committed 14208K, reserved 1048576K
}
Event: 2489.322 GC heap before
{Heap before GC invocations=208 (full 20):
 garbage-first heap   total 524288K, used 194781K [0x0000000701800000, 0x0000000800000000)
  region size 2048K, 13 young (26624K), 1 survivors (2048K)
 Metaspace       used 97949K, committed 98752K, reserved 1179648K
  class space    used 13830K, committed 14208K, reserved 1048576K
}
Event: 2489.385 GC heap after
{Heap after GC invocations=209 (full 21):
 garbage-first heap   total 524288K, used 150960K [0x0000000701800000, 0x0000000800000000)
  region size 2048K, 0 young (0K), 0 survivors (0K)
 Metaspace       used 97949K, committed 98752K, reserved 1179648K
  class space    used 13830K, committed 14208K, reserved 1048576K
}
Event: 2510.929 GC heap before
{Heap before GC invocations=209 (full 21):
 garbage-first heap   total 524288K, used 241072K [0x0000000701800000, 0x0000000800000000)
  region size 2048K, 40 young (81920K), 0 survivors (0K)
 Metaspace       used 97959K, committed 98752K, reserved 1179648K
  class space    used 13830K, committed 14208K, reserved 1048576K
}
Event: 2510.931 GC heap after
{Heap after GC invocations=210 (full 21):
 garbage-first heap   total 524288K, used 159953K [0x0000000701800000, 0x0000000800000000)
  region size 2048K, 1 young (2048K), 1 survivors (2048K)
 Metaspace       used 97959K, committed 98752K, reserved 1179648K
  class space    used 13830K, committed 14208K, reserved 1048576K
}
Event: 2524.112 GC heap before
{Heap before GC invocations=210 (full 21):
 garbage-first heap   total 524288K, used 239825K [0x0000000701800000, 0x0000000800000000)
  region size 2048K, 40 young (81920K), 1 survivors (2048K)
 Metaspace       used 97978K, committed 98752K, reserved 1179648K
  class space    used 13830K, committed 14208K, reserved 1048576K
}
Event: 2524.119 GC heap after
{Heap after GC invocations=211 (full 21):
 garbage-first heap   total 524288K, used 151516K [0x0000000701800000, 0x0000000800000000)
  region size 2048K, 1 young (2048K), 1 survivors (2048K)
 Metaspace       used 97978K, committed 98752K, reserved 1179648K
  class space    used 13830K, committed 14208K, reserved 1048576K
}

