# JRE version: OpenJDK Runtime Environment Temurin-17.0.7+7 (17.0.7+7) (build 17.0.7+7)
# Java VM: OpenJDK 64-Bit Server VM Temurin-17.0.7+7 (17.0.7+7, mixed mode, sharing, tiered, compressed oops, compressed class ptrs, g1 gc, windows-amd64)
GC Precious Log:
 CPUs: 16 total, 16 available
 Memory: 16003M
 Large Page Support: Disabled
 NUMA Support: Disabled
 Compressed Oops: Enabled (Zero based)
 Heap Region Size: 2M
 Heap Min Capacity: 512M
 Heap Initial Capacity: 512M
 Heap Max Capacity: 4072M
 Pre-touch: Disabled
 Parallel Workers: 13
 Concurrent Workers: 3
 Concurrent Refinement Workers: 13
 Periodic GC: Disabled
 String Deduplication is enabled
Heap:
 garbage-first heap   total 524288K, used 172529K [0x0000000701800000, 0x0000000800000000)
  region size 2048K, 36 young (73728K), 1 survivors (2048K)
 Metaspace       used 88750K, committed 89472K, reserved 1179648K
  class space    used 12352K, committed 12736K, reserved 1048576K
GC Heap History (20 events):
Event: 486.391 GC heap before
{Heap before GC invocations=71 (full 16):
 garbage-first heap   total 524288K, used 94698K [0x0000000701800000, 0x0000000800000000)
  region size 2048K, 1 young (2048K), 0 survivors (0K)
 Metaspace       used 88302K, committed 89024K, reserved 1179648K
  class space    used 12343K, committed 12736K, reserved 1048576K
}
Event: 486.425 GC heap after
{Heap after GC invocations=72 (full 17):
 garbage-first heap   total 524288K, used 94695K [0x0000000701800000, 0x0000000800000000)
  region size 2048K, 0 young (0K), 0 survivors (0K)
 Metaspace       used 88302K, committed 89024K, reserved 1179648K
  class space    used 12343K, committed 12736K, reserved 1048576K
}
Event: 488.857 GC heap before
{Heap before GC invocations=72 (full 17):
 garbage-first heap   total 524288K, used 109031K [0x0000000701800000, 0x0000000800000000)
  region size 2048K, 5 young (10240K), 0 survivors (0K)
 Metaspace       used 88350K, committed 89088K, reserved 1179648K
  class space    used 12343K, committed 12736K, reserved 1048576K
}
Event: 488.898 GC heap after
{Heap after GC invocations=73 (full 18):
 garbage-first heap   total 524288K, used 94784K [0x0000000701800000, 0x0000000800000000)
  region size 2048K, 0 young (0K), 0 survivors (0K)
 Metaspace       used 88350K, committed 89088K, reserved 1179648K
  class space    used 12343K, committed 12736K, reserved 1048576K
}
Event: 489.873 GC heap before
{Heap before GC invocations=73 (full 18):
 garbage-first heap   total 524288K, used 100928K [0x0000000701800000, 0x0000000800000000)
  region size 2048K, 1 young (2048K), 0 survivors (0K)
 Metaspace       used 88353K, committed 89088K, reserved 1179648K
  class space    used 12343K, committed 12736K, reserved 1048576K
}
Event: 489.921 GC heap after
{Heap after GC invocations=74 (full 19):
 garbage-first heap   total 524288K, used 94782K [0x0000000701800000, 0x0000000800000000)
  region size 2048K, 0 young (0K), 0 survivors (0K)
 Metaspace       used 88353K, committed 89088K, reserved 1179648K
  class space    used 12343K, committed 12736K, reserved 1048576K
}
Event: 490.612 GC heap before
{Heap before GC invocations=74 (full 19):
 garbage-first heap   total 524288K, used 94782K [0x0000000701800000, 0x0000000800000000)
  region size 2048K, 1 young (2048K), 0 survivors (0K)
 Metaspace       used 88355K, committed 89088K, reserved 1179648K
  class space    used 12343K, committed 12736K, reserved 1048576K
}
Event: 490.656 GC heap after
{Heap after GC invocations=75 (full 20):
 garbage-first heap   total 524288K, used 94778K [0x0000000701800000, 0x0000000800000000)
  region size 2048K, 0 young (0K), 0 survivors (0K)
 Metaspace       used 88355K, committed 89088K, reserved 1179648K
  class space    used 12343K, committed 12736K, reserved 1048576K
}
Event: 491.273 GC heap before
{Heap before GC invocations=75 (full 20):
 garbage-first heap   total 524288K, used 102970K [0x0000000701800000, 0x0000000800000000)
  region size 2048K, 2 young (4096K), 0 survivors (0K)
 Metaspace       used 88357K, committed 89088K, reserved 1179648K
  class space    used 12343K, committed 12736K, reserved 1048576K
}
Event: 491.319 GC heap after
{Heap after GC invocations=76 (full 21):
 garbage-first heap   total 524288K, used 94806K [0x0000000701800000, 0x0000000800000000)
  region size 2048K, 0 young (0K), 0 survivors (0K)
 Metaspace       used 88357K, committed 89088K, reserved 1179648K
  class space    used 12343K, committed 12736K, reserved 1048576K
}
Event: 493.217 GC heap before
{Heap before GC invocations=76 (full 21):
 garbage-first heap   total 524288K, used 96854K [0x0000000701800000, 0x0000000800000000)
  region size 2048K, 2 young (4096K), 0 survivors (0K)
 Metaspace       used 88367K, committed 89088K, reserved 1179648K
  class space    used 12343K, committed 12736K, reserved 1048576K
}
Event: 493.254 GC heap after
{Heap after GC invocations=77 (full 22):
 garbage-first heap   total 524288K, used 94832K [0x0000000701800000, 0x0000000800000000)
  region size 2048K, 0 young (0K), 0 survivors (0K)
 Metaspace       used 88367K, committed 89088K, reserved 1179648K
  class space    used 12343K, committed 12736K, reserved 1048576K
}
Event: 520.102 GC heap before
{Heap before GC invocations=77 (full 22):
 garbage-first heap   total 524288K, used 182896K [0x0000000701800000, 0x0000000800000000)
  region size 2048K, 40 young (81920K), 0 survivors (0K)
 Metaspace       used 88393K, committed 89088K, reserved 1179648K
  class space    used 12343K, committed 12736K, reserved 1048576K
}
Event: 520.105 GC heap after
{Heap after GC invocations=78 (full 22):
 garbage-first heap   total 524288K, used 101394K [0x0000000701800000, 0x0000000800000000)
  region size 2048K, 1 young (2048K), 1 survivors (2048K)
 Metaspace       used 88393K, committed 89088K, reserved 1179648K
  class space    used 12343K, committed 12736K, reserved 1048576K
}
Event: 528.412 GC heap before
{Heap before GC invocations=78 (full 22):
 garbage-first heap   total 524288K, used 181266K [0x0000000701800000, 0x0000000800000000)
  region size 2048K, 40 young (81920K), 1 survivors (2048K)
 Metaspace       used 88452K, committed 89216K, reserved 1179648K
  class space    used 12350K, committed 12736K, reserved 1048576K
}
Event: 528.414 GC heap after
{Heap after GC invocations=79 (full 22):
 garbage-first heap   total 524288K, used 101480K [0x0000000701800000, 0x0000000800000000)
  region size 2048K, 1 young (2048K), 1 survivors (2048K)
 Metaspace       used 88452K, committed 89216K, reserved 1179648K
  class space    used 12350K, committed 12736K, reserved 1048576K
}
Event: 552.915 GC heap before
{Heap before GC invocations=79 (full 22):
 garbage-first heap   total 524288K, used 181352K [0x0000000701800000, 0x0000000800000000)
  region size 2048K, 40 young (81920K), 1 survivors (2048K)
 Metaspace       used 88595K, committed 89344K, reserved 1179648K
  class space    used 12350K, committed 12736K, reserved 1048576K
}
Event: 552.919 GC heap after
{Heap after GC invocations=80 (full 22):
 garbage-first heap   total 524288K, used 102268K [0x0000000701800000, 0x0000000800000000)
  region size 2048K, 1 young (2048K), 1 survivors (2048K)
 Metaspace       used 88595K, committed 89344K, reserved 1179648K
  class space    used 12350K, committed 12736K, reserved 1048576K
}
Event: 564.087 GC heap before
{Heap before GC invocations=80 (full 22):
 garbage-first heap   total 524288K, used 182140K [0x0000000701800000, 0x0000000800000000)
  region size 2048K, 40 young (81920K), 1 survivors (2048K)
 Metaspace       used 88701K, committed 89472K, reserved 1179648K
  class space    used 12352K, committed 12736K, reserved 1048576K
}
Event: 564.091 GC heap after
{Heap after GC invocations=81 (full 22):
 garbage-first heap   total 524288K, used 102897K [0x0000000701800000, 0x0000000800000000)
  region size 2048K, 1 young (2048K), 1 survivors (2048K)
 Metaspace       used 88701K, committed 89472K, reserved 1179648K
  class space    used 12352K, committed 12736K, reserved 1048576K
}

