# JRE version: OpenJDK Runtime Environment Temurin-17.0.7+7 (17.0.7+7) (build 17.0.7+7)
# Java VM: OpenJDK 64-Bit Server VM Temurin-17.0.7+7 (17.0.7+7, mixed mode, sharing, tiered, compressed oops, compressed class ptrs, g1 gc, windows-amd64)
GC Precious Log:
 CPUs: 16 total, 16 available
 Memory: 16003M
 Large Page Support: Disabled
 NUMA Support: Disabled
 Compressed Oops: Enabled (Zero based)
 Heap Region Size: 2M
 Heap Min Capacity: 512M
 Heap Initial Capacity: 512M
 Heap Max Capacity: 4072M
 Pre-touch: Disabled
 Parallel Workers: 13
 Concurrent Workers: 3
 Concurrent Refinement Workers: 13
 Periodic GC: Disabled
 String Deduplication is enabled
Heap:
 garbage-first heap   total 524288K, used 143718K [0x0000000701800000, 0x0000000800000000)
  region size 2048K, 20 young (40960K), 1 survivors (2048K)
 Metaspace       used 87160K, committed 87872K, reserved 1179648K
  class space    used 11807K, committed 12160K, reserved 1048576K
GC Heap History (20 events):
Event: 613.859 GC heap before
{Heap before GC invocations=126 (full 55):
 garbage-first heap   total 524288K, used 122538K [0x0000000701800000, 0x0000000800000000)
  region size 2048K, 1 young (2048K), 0 survivors (0K)
 Metaspace       used 87046K, committed 87744K, reserved 1179648K
  class space    used 11807K, committed 12160K, reserved 1048576K
}
Event: 613.906 GC heap after
{Heap after GC invocations=127 (full 56):
 garbage-first heap   total 524288K, used 114349K [0x0000000701800000, 0x0000000800000000)
  region size 2048K, 0 young (0K), 0 survivors (0K)
 Metaspace       used 87046K, committed 87744K, reserved 1179648K
  class space    used 11807K, committed 12160K, reserved 1048576K
}
Event: 613.933 GC heap before
{Heap before GC invocations=127 (full 56):
 garbage-first heap   total 524288K, used 138925K [0x0000000701800000, 0x0000000800000000)
  region size 2048K, 1 young (2048K), 0 survivors (0K)
 Metaspace       used 87046K, committed 87744K, reserved 1179648K
  class space    used 11807K, committed 12160K, reserved 1048576K
}
Event: 613.934 GC heap after
{Heap after GC invocations=128 (full 56):
 garbage-first heap   total 524288K, used 138993K [0x0000000701800000, 0x0000000800000000)
  region size 2048K, 1 young (2048K), 1 survivors (2048K)
 Metaspace       used 87046K, committed 87744K, reserved 1179648K
  class space    used 11807K, committed 12160K, reserved 1048576K
}
Event: 613.958 GC heap before
{Heap before GC invocations=128 (full 56):
 garbage-first heap   total 524288K, used 147185K [0x0000000701800000, 0x0000000800000000)
  region size 2048K, 2 young (4096K), 1 survivors (2048K)
 Metaspace       used 87051K, committed 87744K, reserved 1179648K
  class space    used 11807K, committed 12160K, reserved 1048576K
}
Event: 613.962 GC heap after
{Heap after GC invocations=129 (full 56):
 garbage-first heap   total 1572864K, used 138995K [0x0000000701800000, 0x0000000800000000)
  region size 2048K, 1 young (2048K), 1 survivors (2048K)
 Metaspace       used 87051K, committed 87744K, reserved 1179648K
  class space    used 11807K, committed 12160K, reserved 1048576K
}
Event: 613.980 GC heap before
{Heap before GC invocations=129 (full 56):
 garbage-first heap   total 1572864K, used 147187K [0x0000000701800000, 0x0000000800000000)
  region size 2048K, 2 young (4096K), 1 survivors (2048K)
 Metaspace       used 87051K, committed 87744K, reserved 1179648K
  class space    used 11807K, committed 12160K, reserved 1048576K
}
Event: 613.981 GC heap after
{Heap after GC invocations=130 (full 56):
 garbage-first heap   total 1572864K, used 130801K [0x0000000701800000, 0x0000000800000000)
  region size 2048K, 1 young (2048K), 1 survivors (2048K)
 Metaspace       used 87051K, committed 87744K, reserved 1179648K
  class space    used 11807K, committed 12160K, reserved 1048576K
}
Event: 614.005 GC heap before
{Heap before GC invocations=130 (full 56):
 garbage-first heap   total 1572864K, used 155377K [0x0000000701800000, 0x0000000800000000)
  region size 2048K, 2 young (4096K), 1 survivors (2048K)
 Metaspace       used 87051K, committed 87744K, reserved 1179648K
  class space    used 11807K, committed 12160K, reserved 1048576K
}
Event: 614.057 GC heap after
{Heap after GC invocations=131 (full 57):
 garbage-first heap   total 524288K, used 106156K [0x0000000701800000, 0x0000000800000000)
  region size 2048K, 0 young (0K), 0 survivors (0K)
 Metaspace       used 87051K, committed 87744K, reserved 1179648K
  class space    used 11807K, committed 12160K, reserved 1048576K
}
Event: 614.096 GC heap before
{Heap before GC invocations=131 (full 57):
 garbage-first heap   total 524288K, used 116396K [0x0000000701800000, 0x0000000800000000)
  region size 2048K, 2 young (4096K), 0 survivors (0K)
 Metaspace       used 87062K, committed 87808K, reserved 1179648K
  class space    used 11807K, committed 12160K, reserved 1048576K
}
Event: 614.098 GC heap after
{Heap after GC invocations=132 (full 57):
 garbage-first heap   total 524288K, used 114433K [0x0000000701800000, 0x0000000800000000)
  region size 2048K, 1 young (2048K), 1 survivors (2048K)
 Metaspace       used 87062K, committed 87808K, reserved 1179648K
  class space    used 11807K, committed 12160K, reserved 1048576K
}
Event: 614.127 GC heap before
{Heap before GC invocations=132 (full 57):
 garbage-first heap   total 524288K, used 139009K [0x0000000701800000, 0x0000000800000000)
  region size 2048K, 2 young (4096K), 1 survivors (2048K)
 Metaspace       used 87064K, committed 87808K, reserved 1179648K
  class space    used 11807K, committed 12160K, reserved 1048576K
}
Event: 614.173 GC heap after
{Heap after GC invocations=133 (full 58):
 garbage-first heap   total 524288K, used 106177K [0x0000000701800000, 0x0000000800000000)
  region size 2048K, 0 young (0K), 0 survivors (0K)
 Metaspace       used 87064K, committed 87808K, reserved 1179648K
  class space    used 11807K, committed 12160K, reserved 1048576K
}
Event: 614.208 GC heap before
{Heap before GC invocations=133 (full 58):
 garbage-first heap   total 524288K, used 122561K [0x0000000701800000, 0x0000000800000000)
  region size 2048K, 1 young (2048K), 0 survivors (0K)
 Metaspace       used 87065K, committed 87808K, reserved 1179648K
  class space    used 11807K, committed 12160K, reserved 1048576K
}
Event: 614.267 GC heap after
{Heap after GC invocations=134 (full 59):
 garbage-first heap   total 524288K, used 106178K [0x0000000701800000, 0x0000000800000000)
  region size 2048K, 0 young (0K), 0 survivors (0K)
 Metaspace       used 87065K, committed 87808K, reserved 1179648K
  class space    used 11807K, committed 12160K, reserved 1048576K
}
Event: 663.743 GC heap before
{Heap before GC invocations=134 (full 59):
 garbage-first heap   total 524288K, used 188098K [0x0000000701800000, 0x0000000800000000)
  region size 2048K, 40 young (81920K), 0 survivors (0K)
 Metaspace       used 87097K, committed 87808K, reserved 1179648K
  class space    used 11807K, committed 12160K, reserved 1048576K
}
Event: 663.745 GC heap after
{Heap after GC invocations=135 (full 59):
 garbage-first heap   total 524288K, used 106528K [0x0000000701800000, 0x0000000800000000)
  region size 2048K, 1 young (2048K), 1 survivors (2048K)
 Metaspace       used 87097K, committed 87808K, reserved 1179648K
  class space    used 11807K, committed 12160K, reserved 1048576K
}
Event: 672.034 GC heap before
{Heap before GC invocations=135 (full 59):
 garbage-first heap   total 524288K, used 186400K [0x0000000701800000, 0x0000000800000000)
  region size 2048K, 40 young (81920K), 1 survivors (2048K)
 Metaspace       used 87148K, committed 87872K, reserved 1179648K
  class space    used 11807K, committed 12160K, reserved 1048576K
}
Event: 672.036 GC heap after
{Heap after GC invocations=136 (full 59):
 garbage-first heap   total 524288K, used 106854K [0x0000000701800000, 0x0000000800000000)
  region size 2048K, 1 young (2048K), 1 survivors (2048K)
 Metaspace       used 87148K, committed 87872K, reserved 1179648K
  class space    used 11807K, committed 12160K, reserved 1048576K
}

