# JRE version: OpenJDK Runtime Environment Temurin-17.0.7+7 (17.0.7+7) (build 17.0.7+7)
# Java VM: OpenJDK 64-Bit Server VM Temurin-17.0.7+7 (17.0.7+7, mixed mode, sharing, tiered, compressed oops, compressed class ptrs, g1 gc, windows-amd64)
GC Precious Log:
 CPUs: 16 total, 16 available
 Memory: 16003M
 Large Page Support: Disabled
 NUMA Support: Disabled
 Compressed Oops: Enabled (Zero based)
 Heap Region Size: 2M
 Heap Min Capacity: 512M
 Heap Initial Capacity: 512M
 Heap Max Capacity: 4072M
 Pre-touch: Disabled
 Parallel Workers: 13
 Concurrent Workers: 3
 Concurrent Refinement Workers: 13
 Periodic GC: Disabled
 String Deduplication is enabled
Heap:
 garbage-first heap   total 524288K, used 125173K [0x0000000701800000, 0x0000000800000000)
  region size 2048K, 6 young (12288K), 2 survivors (4096K)
 Metaspace       used 90344K, committed 91136K, reserved 1179648K
  class space    used 12251K, committed 12608K, reserved 1048576K
GC Heap History (20 events):
Event: 2488.724 GC heap before
{Heap before GC invocations=178 (full 4):
 garbage-first heap   total 524288K, used 194091K [0x0000000701800000, 0x0000000800000000)
  region size 2048K, 40 young (81920K), 3 survivors (6144K)
 Metaspace       used 89960K, committed 90688K, reserved 1179648K
  class space    used 12205K, committed 12544K, reserved 1048576K
}
Event: 2488.730 GC heap after
{Heap after GC invocations=179 (full 4):
 garbage-first heap   total 524288K, used 118391K [0x0000000701800000, 0x0000000800000000)
  region size 2048K, 3 young (6144K), 3 survivors (6144K)
 Metaspace       used 89960K, committed 90688K, reserved 1179648K
  class space    used 12205K, committed 12544K, reserved 1048576K
}
Event: 2506.391 GC heap before
{Heap before GC invocations=179 (full 4):
 garbage-first heap   total 524288K, used 194167K [0x0000000701800000, 0x0000000800000000)
  region size 2048K, 40 young (81920K), 3 survivors (6144K)
 Metaspace       used 89967K, committed 90688K, reserved 1179648K
  class space    used 12205K, committed 12544K, reserved 1048576K
}
Event: 2506.397 GC heap after
{Heap after GC invocations=180 (full 4):
 garbage-first heap   total 524288K, used 118402K [0x0000000701800000, 0x0000000800000000)
  region size 2048K, 3 young (6144K), 3 survivors (6144K)
 Metaspace       used 89967K, committed 90688K, reserved 1179648K
  class space    used 12205K, committed 12544K, reserved 1048576K
}
Event: 2510.862 GC heap before
{Heap before GC invocations=180 (full 4):
 garbage-first heap   total 524288K, used 194178K [0x0000000701800000, 0x0000000800000000)
  region size 2048K, 40 young (81920K), 3 survivors (6144K)
 Metaspace       used 89967K, committed 90688K, reserved 1179648K
  class space    used 12205K, committed 12544K, reserved 1048576K
}
Event: 2510.872 GC heap after
{Heap after GC invocations=181 (full 4):
 garbage-first heap   total 524288K, used 118411K [0x0000000701800000, 0x0000000800000000)
  region size 2048K, 2 young (4096K), 2 survivors (4096K)
 Metaspace       used 89967K, committed 90688K, reserved 1179648K
  class space    used 12205K, committed 12544K, reserved 1048576K
}
Event: 2525.127 GC heap before
{Heap before GC invocations=181 (full 4):
 garbage-first heap   total 524288K, used 196235K [0x0000000701800000, 0x0000000800000000)
  region size 2048K, 40 young (81920K), 2 survivors (4096K)
 Metaspace       used 90014K, committed 90688K, reserved 1179648K
  class space    used 12214K, committed 12544K, reserved 1048576K
}
Event: 2525.131 GC heap after
{Heap after GC invocations=182 (full 4):
 garbage-first heap   total 524288K, used 118312K [0x0000000701800000, 0x0000000800000000)
  region size 2048K, 2 young (4096K), 2 survivors (4096K)
 Metaspace       used 90014K, committed 90688K, reserved 1179648K
  class space    used 12214K, committed 12544K, reserved 1048576K
}
Event: 2556.146 GC heap before
{Heap before GC invocations=182 (full 4):
 garbage-first heap   total 524288K, used 196136K [0x0000000701800000, 0x0000000800000000)
  region size 2048K, 40 young (81920K), 2 survivors (4096K)
 Metaspace       used 90244K, committed 90944K, reserved 1179648K
  class space    used 12250K, committed 12608K, reserved 1048576K
}
Event: 2556.156 GC heap after
{Heap after GC invocations=183 (full 4):
 garbage-first heap   total 524288K, used 118616K [0x0000000701800000, 0x0000000800000000)
  region size 2048K, 2 young (4096K), 2 survivors (4096K)
 Metaspace       used 90244K, committed 90944K, reserved 1179648K
  class space    used 12250K, committed 12608K, reserved 1048576K
}
Event: 2575.796 GC heap before
{Heap before GC invocations=183 (full 4):
 garbage-first heap   total 524288K, used 196440K [0x0000000701800000, 0x0000000800000000)
  region size 2048K, 40 young (81920K), 2 survivors (4096K)
 Metaspace       used 90256K, committed 90944K, reserved 1179648K
  class space    used 12250K, committed 12608K, reserved 1048576K
}
Event: 2575.801 GC heap after
{Heap after GC invocations=184 (full 4):
 garbage-first heap   total 524288K, used 119033K [0x0000000701800000, 0x0000000800000000)
  region size 2048K, 2 young (4096K), 2 survivors (4096K)
 Metaspace       used 90256K, committed 90944K, reserved 1179648K
  class space    used 12250K, committed 12608K, reserved 1048576K
}
Event: 2597.665 GC heap before
{Heap before GC invocations=184 (full 4):
 garbage-first heap   total 524288K, used 196857K [0x0000000701800000, 0x0000000800000000)
  region size 2048K, 40 young (81920K), 2 survivors (4096K)
 Metaspace       used 90270K, committed 91008K, reserved 1179648K
  class space    used 12250K, committed 12608K, reserved 1048576K
}
Event: 2597.674 GC heap after
{Heap after GC invocations=185 (full 4):
 garbage-first heap   total 524288K, used 118889K [0x0000000701800000, 0x0000000800000000)
  region size 2048K, 2 young (4096K), 2 survivors (4096K)
 Metaspace       used 90270K, committed 91008K, reserved 1179648K
  class space    used 12250K, committed 12608K, reserved 1048576K
}
Event: 2636.643 GC heap before
{Heap before GC invocations=185 (full 4):
 garbage-first heap   total 524288K, used 196713K [0x0000000701800000, 0x0000000800000000)
  region size 2048K, 40 young (81920K), 2 survivors (4096K)
 Metaspace       used 90298K, committed 91072K, reserved 1179648K
  class space    used 12251K, committed 12608K, reserved 1048576K
}
Event: 2636.650 GC heap after
{Heap after GC invocations=186 (full 4):
 garbage-first heap   total 524288K, used 119282K [0x0000000701800000, 0x0000000800000000)
  region size 2048K, 2 young (4096K), 2 survivors (4096K)
 Metaspace       used 90298K, committed 91072K, reserved 1179648K
  class space    used 12251K, committed 12608K, reserved 1048576K
}
Event: 2657.527 GC heap before
{Heap before GC invocations=186 (full 4):
 garbage-first heap   total 524288K, used 197106K [0x0000000701800000, 0x0000000800000000)
  region size 2048K, 41 young (83968K), 2 survivors (4096K)
 Metaspace       used 90334K, committed 91072K, reserved 1179648K
  class space    used 12251K, committed 12608K, reserved 1048576K
}
Event: 2657.534 GC heap after
{Heap after GC invocations=187 (full 4):
 garbage-first heap   total 524288K, used 118795K [0x0000000701800000, 0x0000000800000000)
  region size 2048K, 2 young (4096K), 2 survivors (4096K)
 Metaspace       used 90334K, committed 91072K, reserved 1179648K
  class space    used 12251K, committed 12608K, reserved 1048576K
}
Event: 2663.860 GC heap before
{Heap before GC invocations=187 (full 4):
 garbage-first heap   total 524288K, used 196619K [0x0000000701800000, 0x0000000800000000)
  region size 2048K, 40 young (81920K), 2 survivors (4096K)
 Metaspace       used 90344K, committed 91136K, reserved 1179648K
  class space    used 12251K, committed 12608K, reserved 1048576K
}
Event: 2663.863 GC heap after
{Heap after GC invocations=188 (full 4):
 garbage-first heap   total 524288K, used 119029K [0x0000000701800000, 0x0000000800000000)
  region size 2048K, 2 young (4096K), 2 survivors (4096K)
 Metaspace       used 90344K, committed 91136K, reserved 1179648K
  class space    used 12251K, committed 12608K, reserved 1048576K
}

