# JRE version: OpenJDK Runtime Environment Temurin-17.0.7+7 (17.0.7+7) (build 17.0.7+7)
# Java VM: OpenJDK 64-Bit Server VM Temurin-17.0.7+7 (17.0.7+7, mixed mode, sharing, tiered, compressed oops, compressed class ptrs, g1 gc, windows-amd64)
GC Precious Log:
 CPUs: 16 total, 16 available
 Memory: 16003M
 Large Page Support: Disabled
 NUMA Support: Disabled
 Compressed Oops: Enabled (Zero based)
 Heap Region Size: 2M
 Heap Min Capacity: 512M
 Heap Initial Capacity: 512M
 Heap Max Capacity: 4072M
 Pre-touch: Disabled
 Parallel Workers: 13
 Concurrent Workers: 3
 Concurrent Refinement Workers: 13
 Periodic GC: Disabled
 String Deduplication is enabled
Heap:
 garbage-first heap   total 524288K, used 163249K [0x0000000701800000, 0x0000000800000000)
  region size 2048K, 28 young (57344K), 3 survivors (6144K)
 Metaspace       used 90956K, committed 91648K, reserved 1179648K
  class space    used 12373K, committed 12736K, reserved 1048576K
GC Heap History (20 events):
Event: 2815.834 GC heap before
{Heap before GC invocations=141 (full 6):
 garbage-first heap   total 524288K, used 187654K [0x0000000701800000, 0x0000000800000000)
  region size 2048K, 40 young (81920K), 3 survivors (6144K)
 Metaspace       used 90779K, committed 91520K, reserved 1179648K
  class space    used 12373K, committed 12736K, reserved 1048576K
}
Event: 2815.839 GC heap after
{Heap after GC invocations=142 (full 6):
 garbage-first heap   total 524288K, used 112399K [0x0000000701800000, 0x0000000800000000)
  region size 2048K, 3 young (6144K), 3 survivors (6144K)
 Metaspace       used 90779K, committed 91520K, reserved 1179648K
  class space    used 12373K, committed 12736K, reserved 1048576K
}
Event: 2827.122 GC heap before
{Heap before GC invocations=142 (full 6):
 garbage-first heap   total 524288K, used 188175K [0x0000000701800000, 0x0000000800000000)
  region size 2048K, 40 young (81920K), 3 survivors (6144K)
 Metaspace       used 90789K, committed 91584K, reserved 1179648K
  class space    used 12373K, committed 12736K, reserved 1048576K
}
Event: 2827.127 GC heap after
{Heap after GC invocations=143 (full 6):
 garbage-first heap   total 524288K, used 112780K [0x0000000701800000, 0x0000000800000000)
  region size 2048K, 3 young (6144K), 3 survivors (6144K)
 Metaspace       used 90789K, committed 91584K, reserved 1179648K
  class space    used 12373K, committed 12736K, reserved 1048576K
}
Event: 2869.414 GC heap before
{Heap before GC invocations=143 (full 6):
 garbage-first heap   total 524288K, used 188556K [0x0000000701800000, 0x0000000800000000)
  region size 2048K, 40 young (81920K), 3 survivors (6144K)
 Metaspace       used 90837K, committed 91584K, reserved 1179648K
  class space    used 12373K, committed 12736K, reserved 1048576K
}
Event: 2869.424 GC heap after
{Heap after GC invocations=144 (full 6):
 garbage-first heap   total 524288K, used 113237K [0x0000000701800000, 0x0000000800000000)
  region size 2048K, 3 young (6144K), 3 survivors (6144K)
 Metaspace       used 90837K, committed 91584K, reserved 1179648K
  class space    used 12373K, committed 12736K, reserved 1048576K
}
Event: 2977.013 GC heap before
{Heap before GC invocations=144 (full 6):
 garbage-first heap   total 524288K, used 189013K [0x0000000701800000, 0x0000000800000000)
  region size 2048K, 40 young (81920K), 3 survivors (6144K)
 Metaspace       used 90838K, committed 91584K, reserved 1179648K
  class space    used 12373K, committed 12736K, reserved 1048576K
}
Event: 2977.022 GC heap after
{Heap after GC invocations=145 (full 6):
 garbage-first heap   total 524288K, used 113406K [0x0000000701800000, 0x0000000800000000)
  region size 2048K, 2 young (4096K), 2 survivors (4096K)
 Metaspace       used 90838K, committed 91584K, reserved 1179648K
  class space    used 12373K, committed 12736K, reserved 1048576K
}
Event: 3005.772 GC heap before
{Heap before GC invocations=145 (full 6):
 garbage-first heap   total 524288K, used 191230K [0x0000000701800000, 0x0000000800000000)
  region size 2048K, 40 young (81920K), 2 survivors (4096K)
 Metaspace       used 90864K, committed 91648K, reserved 1179648K
  class space    used 12373K, committed 12736K, reserved 1048576K
}
Event: 3005.775 GC heap after
{Heap after GC invocations=146 (full 6):
 garbage-first heap   total 524288K, used 113390K [0x0000000701800000, 0x0000000800000000)
  region size 2048K, 2 young (4096K), 2 survivors (4096K)
 Metaspace       used 90864K, committed 91648K, reserved 1179648K
  class space    used 12373K, committed 12736K, reserved 1048576K
}
Event: 3008.156 GC heap before
{Heap before GC invocations=146 (full 6):
 garbage-first heap   total 524288K, used 191214K [0x0000000701800000, 0x0000000800000000)
  region size 2048K, 40 young (81920K), 2 survivors (4096K)
 Metaspace       used 90893K, committed 91648K, reserved 1179648K
  class space    used 12373K, committed 12736K, reserved 1048576K
}
Event: 3008.162 GC heap after
{Heap after GC invocations=147 (full 6):
 garbage-first heap   total 524288K, used 113222K [0x0000000701800000, 0x0000000800000000)
  region size 2048K, 2 young (4096K), 2 survivors (4096K)
 Metaspace       used 90893K, committed 91648K, reserved 1179648K
  class space    used 12373K, committed 12736K, reserved 1048576K
}
Event: 3018.463 GC heap before
{Heap before GC invocations=147 (full 6):
 garbage-first heap   total 524288K, used 191046K [0x0000000701800000, 0x0000000800000000)
  region size 2048K, 40 young (81920K), 2 survivors (4096K)
 Metaspace       used 90895K, committed 91648K, reserved 1179648K
  class space    used 12373K, committed 12736K, reserved 1048576K
}
Event: 3018.468 GC heap after
{Heap after GC invocations=148 (full 6):
 garbage-first heap   total 524288K, used 113538K [0x0000000701800000, 0x0000000800000000)
  region size 2048K, 2 young (4096K), 2 survivors (4096K)
 Metaspace       used 90895K, committed 91648K, reserved 1179648K
  class space    used 12373K, committed 12736K, reserved 1048576K
}
Event: 3023.782 GC heap before
{Heap before GC invocations=148 (full 6):
 garbage-first heap   total 524288K, used 191362K [0x0000000701800000, 0x0000000800000000)
  region size 2048K, 40 young (81920K), 2 survivors (4096K)
 Metaspace       used 90903K, committed 91648K, reserved 1179648K
  class space    used 12373K, committed 12736K, reserved 1048576K
}
Event: 3023.788 GC heap after
{Heap after GC invocations=149 (full 6):
 garbage-first heap   total 524288K, used 113932K [0x0000000701800000, 0x0000000800000000)
  region size 2048K, 3 young (6144K), 3 survivors (6144K)
 Metaspace       used 90903K, committed 91648K, reserved 1179648K
  class space    used 12373K, committed 12736K, reserved 1048576K
}
Event: 3058.603 GC heap before
{Heap before GC invocations=149 (full 6):
 garbage-first heap   total 524288K, used 189708K [0x0000000701800000, 0x0000000800000000)
  region size 2048K, 40 young (81920K), 3 survivors (6144K)
 Metaspace       used 90928K, committed 91648K, reserved 1179648K
  class space    used 12373K, committed 12736K, reserved 1048576K
}
Event: 3058.611 GC heap after
{Heap after GC invocations=150 (full 6):
 garbage-first heap   total 524288K, used 113768K [0x0000000701800000, 0x0000000800000000)
  region size 2048K, 2 young (4096K), 2 survivors (4096K)
 Metaspace       used 90928K, committed 91648K, reserved 1179648K
  class space    used 12373K, committed 12736K, reserved 1048576K
}
Event: 3063.848 GC heap before
{Heap before GC invocations=150 (full 6):
 garbage-first heap   total 524288K, used 191592K [0x0000000701800000, 0x0000000800000000)
  region size 2048K, 40 young (81920K), 2 survivors (4096K)
 Metaspace       used 90940K, committed 91648K, reserved 1179648K
  class space    used 12373K, committed 12736K, reserved 1048576K
}
Event: 3063.851 GC heap after
{Heap after GC invocations=151 (full 6):
 garbage-first heap   total 524288K, used 114097K [0x0000000701800000, 0x0000000800000000)
  region size 2048K, 3 young (6144K), 3 survivors (6144K)
 Metaspace       used 90940K, committed 91648K, reserved 1179648K
  class space    used 12373K, committed 12736K, reserved 1048576K
}

