# JRE version: OpenJDK Runtime Environment Temurin-17.0.7+7 (17.0.7+7) (build 17.0.7+7)
# Java VM: OpenJDK 64-Bit Server VM Temurin-17.0.7+7 (17.0.7+7, mixed mode, sharing, tiered, compressed oops, compressed class ptrs, g1 gc, windows-amd64)
GC Precious Log:
 CPUs: 16 total, 16 available
 Memory: 16003M
 Large Page Support: Disabled
 NUMA Support: Disabled
 Compressed Oops: Enabled (Zero based)
 Heap Region Size: 2M
 Heap Min Capacity: 512M
 Heap Initial Capacity: 512M
 Heap Max Capacity: 4072M
 Pre-touch: Disabled
 Parallel Workers: 13
 Concurrent Workers: 3
 Concurrent Refinement Workers: 13
 Periodic GC: Disabled
 String Deduplication is enabled
Heap:
 garbage-first heap   total 854016K, used 273010K [0x0000000701800000, 0x0000000800000000)
  region size 2048K, 11 young (22528K), 1 survivors (2048K)
 Metaspace       used 96355K, committed 96960K, reserved 1179648K
  class space    used 13489K, committed 13824K, reserved 1048576K
GC Heap History (20 events):
Event: 7268.379 GC heap before
{Heap before GC invocations=643 (full 194):
 garbage-first heap   total 854016K, used 331309K [0x0000000701800000, 0x0000000800000000)
  region size 2048K, 40 young (81920K), 3 survivors (6144K)
 Metaspace       used 96298K, committed 96960K, reserved 1179648K
  class space    used 13487K, committed 13824K, reserved 1048576K
}
Event: 7268.392 GC heap after
{Heap after GC invocations=644 (full 194):
 garbage-first heap   total 854016K, used 259550K [0x0000000701800000, 0x0000000800000000)
  region size 2048K, 4 young (8192K), 4 survivors (8192K)
 Metaspace       used 96298K, committed 96960K, reserved 1179648K
  class space    used 13487K, committed 13824K, reserved 1048576K
}
Event: 7268.603 GC heap before
{Heap before GC invocations=644 (full 194):
 garbage-first heap   total 854016K, used 300510K [0x0000000701800000, 0x0000000800000000)
  region size 2048K, 22 young (45056K), 4 survivors (8192K)
 Metaspace       used 96298K, committed 96960K, reserved 1179648K
  class space    used 13487K, committed 13824K, reserved 1048576K
}
Event: 7268.752 GC heap after
{Heap after GC invocations=645 (full 195):
 garbage-first heap   total 854016K, used 248656K [0x0000000701800000, 0x0000000800000000)
  region size 2048K, 0 young (0K), 0 survivors (0K)
 Metaspace       used 96298K, committed 96960K, reserved 1179648K
  class space    used 13487K, committed 13824K, reserved 1048576K
}
Event: 7270.562 GC heap before
{Heap before GC invocations=645 (full 195):
 garbage-first heap   total 854016K, used 316240K [0x0000000701800000, 0x0000000800000000)
  region size 2048K, 31 young (63488K), 0 survivors (0K)
 Metaspace       used 96300K, committed 96960K, reserved 1179648K
  class space    used 13487K, committed 13824K, reserved 1048576K
}
Event: 7270.565 GC heap after
{Heap after GC invocations=646 (full 195):
 garbage-first heap   total 854016K, used 256438K [0x0000000701800000, 0x0000000800000000)
  region size 2048K, 1 young (2048K), 1 survivors (2048K)
 Metaspace       used 96300K, committed 96960K, reserved 1179648K
  class space    used 13487K, committed 13824K, reserved 1048576K
}
Event: 7272.258 GC heap before
{Heap before GC invocations=646 (full 195):
 garbage-first heap   total 854016K, used 301494K [0x0000000701800000, 0x0000000800000000)
  region size 2048K, 15 young (30720K), 1 survivors (2048K)
 Metaspace       used 96300K, committed 96960K, reserved 1179648K
  class space    used 13487K, committed 13824K, reserved 1048576K
}
Event: 7272.261 GC heap after
{Heap after GC invocations=647 (full 195):
 garbage-first heap   total 854016K, used 270207K [0x0000000701800000, 0x0000000800000000)
  region size 2048K, 1 young (2048K), 1 survivors (2048K)
 Metaspace       used 96300K, committed 96960K, reserved 1179648K
  class space    used 13487K, committed 13824K, reserved 1048576K
}
Event: 7278.401 GC heap before
{Heap before GC invocations=647 (full 195):
 garbage-first heap   total 854016K, used 302975K [0x0000000701800000, 0x0000000800000000)
  region size 2048K, 10 young (20480K), 1 survivors (2048K)
 Metaspace       used 96300K, committed 96960K, reserved 1179648K
  class space    used 13487K, committed 13824K, reserved 1048576K
}
Event: 7278.407 GC heap after
{Heap after GC invocations=648 (full 195):
 garbage-first heap   total 854016K, used 274258K [0x0000000701800000, 0x0000000800000000)
  region size 2048K, 1 young (2048K), 1 survivors (2048K)
 Metaspace       used 96300K, committed 96960K, reserved 1179648K
  class space    used 13487K, committed 13824K, reserved 1048576K
}
Event: 7287.909 GC heap before
{Heap before GC invocations=648 (full 195):
 garbage-first heap   total 854016K, used 292690K [0x0000000701800000, 0x0000000800000000)
  region size 2048K, 11 young (22528K), 1 survivors (2048K)
 Metaspace       used 96300K, committed 96960K, reserved 1179648K
  class space    used 13487K, committed 13824K, reserved 1048576K
}
Event: 7288.075 GC heap after
{Heap after GC invocations=649 (full 196):
 garbage-first heap   total 854016K, used 254624K [0x0000000701800000, 0x0000000800000000)
  region size 2048K, 0 young (0K), 0 survivors (0K)
 Metaspace       used 96300K, committed 96960K, reserved 1179648K
  class space    used 13487K, committed 13824K, reserved 1048576K
}
Event: 7312.068 GC heap before
{Heap before GC invocations=649 (full 196):
 garbage-first heap   total 854016K, used 320160K [0x0000000701800000, 0x0000000800000000)
  region size 2048K, 33 young (67584K), 0 survivors (0K)
 Metaspace       used 96301K, committed 96960K, reserved 1179648K
  class space    used 13487K, committed 13824K, reserved 1048576K
}
Event: 7312.183 GC heap after
{Heap after GC invocations=650 (full 197):
 garbage-first heap   total 854016K, used 254325K [0x0000000701800000, 0x0000000800000000)
  region size 2048K, 0 young (0K), 0 survivors (0K)
 Metaspace       used 96301K, committed 96960K, reserved 1179648K
  class space    used 13487K, committed 13824K, reserved 1048576K
}
Event: 7323.950 GC heap before
{Heap before GC invocations=650 (full 197):
 garbage-first heap   total 854016K, used 336245K [0x0000000701800000, 0x0000000800000000)
  region size 2048K, 40 young (81920K), 0 survivors (0K)
 Metaspace       used 96301K, committed 96960K, reserved 1179648K
  class space    used 13487K, committed 13824K, reserved 1048576K
}
Event: 7323.953 GC heap after
{Heap after GC invocations=651 (full 197):
 garbage-first heap   total 854016K, used 254616K [0x0000000701800000, 0x0000000800000000)
  region size 2048K, 1 young (2048K), 1 survivors (2048K)
 Metaspace       used 96301K, committed 96960K, reserved 1179648K
  class space    used 13487K, committed 13824K, reserved 1048576K
}
Event: 7342.102 GC heap before
{Heap before GC invocations=651 (full 197):
 garbage-first heap   total 854016K, used 334488K [0x0000000701800000, 0x0000000800000000)
  region size 2048K, 40 young (81920K), 1 survivors (2048K)
 Metaspace       used 96303K, committed 96960K, reserved 1179648K
  class space    used 13487K, committed 13824K, reserved 1048576K
}
Event: 7342.110 GC heap after
{Heap after GC invocations=652 (full 197):
 garbage-first heap   total 854016K, used 254522K [0x0000000701800000, 0x0000000800000000)
  region size 2048K, 1 young (2048K), 1 survivors (2048K)
 Metaspace       used 96303K, committed 96960K, reserved 1179648K
  class space    used 13487K, committed 13824K, reserved 1048576K
}
Event: 7365.844 GC heap before
{Heap before GC invocations=652 (full 197):
 garbage-first heap   total 854016K, used 334394K [0x0000000701800000, 0x0000000800000000)
  region size 2048K, 40 young (81920K), 1 survivors (2048K)
 Metaspace       used 96350K, committed 96960K, reserved 1179648K
  class space    used 13489K, committed 13824K, reserved 1048576K
}
Event: 7365.850 GC heap after
{Heap after GC invocations=653 (full 197):
 garbage-first heap   total 854016K, used 254578K [0x0000000701800000, 0x0000000800000000)
  region size 2048K, 1 young (2048K), 1 survivors (2048K)
 Metaspace       used 96350K, committed 96960K, reserved 1179648K
  class space    used 13489K, committed 13824K, reserved 1048576K
}

