# JRE version: OpenJDK Runtime Environment Temurin-17.0.7+7 (17.0.7+7) (build 17.0.7+7)
# Java VM: OpenJDK 64-Bit Server VM Temurin-17.0.7+7 (17.0.7+7, mixed mode, sharing, tiered, compressed oops, compressed class ptrs, g1 gc, windows-amd64)
GC Precious Log:
 CPUs: 16 total, 16 available
 Memory: 16003M
 Large Page Support: Disabled
 NUMA Support: Disabled
 Compressed Oops: Enabled (Zero based)
 Heap Region Size: 2M
 Heap Min Capacity: 512M
 Heap Initial Capacity: 512M
 Heap Max Capacity: 4072M
 Pre-touch: Disabled
 Parallel Workers: 13
 Concurrent Workers: 3
 Concurrent Refinement Workers: 13
 Periodic GC: Disabled
 String Deduplication is enabled
Heap:
 garbage-first heap   total 524288K, used 223350K [0x0000000701800000, 0x0000000800000000)
  region size 2048K, 39 young (79872K), 1 survivors (2048K)
 Metaspace       used 108355K, committed 109184K, reserved 1179648K
  class space    used 15545K, committed 16000K, reserved 1048576K
GC Heap History (20 events):
Event: 3296.112 GC heap before
{Heap before GC invocations=359 (full 37):
 garbage-first heap   total 524288K, used 223815K [0x0000000701800000, 0x0000000800000000)
  region size 2048K, 40 young (81920K), 3 survivors (6144K)
 Metaspace       used 108346K, committed 109184K, reserved 1179648K
  class space    used 15545K, committed 16000K, reserved 1048576K
}
Event: 3296.127 GC heap after
{Heap after GC invocations=360 (full 37):
 garbage-first heap   total 524288K, used 147745K [0x0000000701800000, 0x0000000800000000)
  region size 2048K, 3 young (6144K), 3 survivors (6144K)
 Metaspace       used 108346K, committed 109184K, reserved 1179648K
  class space    used 15545K, committed 16000K, reserved 1048576K
}
Event: 3377.803 GC heap before
{Heap before GC invocations=360 (full 37):
 garbage-first heap   total 524288K, used 223521K [0x0000000701800000, 0x0000000800000000)
  region size 2048K, 40 young (81920K), 3 survivors (6144K)
 Metaspace       used 108346K, committed 109184K, reserved 1179648K
  class space    used 15545K, committed 16000K, reserved 1048576K
}
Event: 3377.818 GC heap after
{Heap after GC invocations=361 (full 37):
 garbage-first heap   total 524288K, used 147976K [0x0000000701800000, 0x0000000800000000)
  region size 2048K, 3 young (6144K), 3 survivors (6144K)
 Metaspace       used 108346K, committed 109184K, reserved 1179648K
  class space    used 15545K, committed 16000K, reserved 1048576K
}
Event: 3454.032 GC heap before
{Heap before GC invocations=361 (full 37):
 garbage-first heap   total 524288K, used 223752K [0x0000000701800000, 0x0000000800000000)
  region size 2048K, 40 young (81920K), 3 survivors (6144K)
 Metaspace       used 108346K, committed 109184K, reserved 1179648K
  class space    used 15545K, committed 16000K, reserved 1048576K
}
Event: 3454.035 GC heap after
{Heap after GC invocations=362 (full 37):
 garbage-first heap   total 524288K, used 147975K [0x0000000701800000, 0x0000000800000000)
  region size 2048K, 3 young (6144K), 3 survivors (6144K)
 Metaspace       used 108346K, committed 109184K, reserved 1179648K
  class space    used 15545K, committed 16000K, reserved 1048576K
}
Event: 3498.578 GC heap before
{Heap before GC invocations=362 (full 37):
 garbage-first heap   total 524288K, used 223751K [0x0000000701800000, 0x0000000800000000)
  region size 2048K, 40 young (81920K), 3 survivors (6144K)
 Metaspace       used 108346K, committed 109184K, reserved 1179648K
  class space    used 15545K, committed 16000K, reserved 1048576K
}
Event: 3498.581 GC heap after
{Heap after GC invocations=363 (full 37):
 garbage-first heap   total 524288K, used 147971K [0x0000000701800000, 0x0000000800000000)
  region size 2048K, 3 young (6144K), 3 survivors (6144K)
 Metaspace       used 108346K, committed 109184K, reserved 1179648K
  class space    used 15545K, committed 16000K, reserved 1048576K
}
Event: 3577.902 GC heap before
{Heap before GC invocations=363 (full 37):
 garbage-first heap   total 524288K, used 223747K [0x0000000701800000, 0x0000000800000000)
  region size 2048K, 40 young (81920K), 3 survivors (6144K)
 Metaspace       used 108346K, committed 109184K, reserved 1179648K
  class space    used 15545K, committed 16000K, reserved 1048576K
}
Event: 3577.925 GC heap after
{Heap after GC invocations=364 (full 37):
 garbage-first heap   total 524288K, used 147812K [0x0000000701800000, 0x0000000800000000)
  region size 2048K, 3 young (6144K), 3 survivors (6144K)
 Metaspace       used 108346K, committed 109184K, reserved 1179648K
  class space    used 15545K, committed 16000K, reserved 1048576K
}
Event: 3671.375 GC heap before
{Heap before GC invocations=364 (full 37):
 garbage-first heap   total 524288K, used 223588K [0x0000000701800000, 0x0000000800000000)
  region size 2048K, 40 young (81920K), 3 survivors (6144K)
 Metaspace       used 108346K, committed 109184K, reserved 1179648K
  class space    used 15545K, committed 16000K, reserved 1048576K
}
Event: 3671.395 GC heap after
{Heap after GC invocations=365 (full 37):
 garbage-first heap   total 524288K, used 148209K [0x0000000701800000, 0x0000000800000000)
  region size 2048K, 2 young (4096K), 2 survivors (4096K)
 Metaspace       used 108346K, committed 109184K, reserved 1179648K
  class space    used 15545K, committed 16000K, reserved 1048576K
}
Event: 3759.165 GC heap before
{Heap before GC invocations=365 (full 37):
 garbage-first heap   total 524288K, used 226033K [0x0000000701800000, 0x0000000800000000)
  region size 2048K, 40 young (81920K), 2 survivors (4096K)
 Metaspace       used 108346K, committed 109184K, reserved 1179648K
  class space    used 15545K, committed 16000K, reserved 1048576K
}
Event: 3759.171 GC heap after
{Heap after GC invocations=366 (full 37):
 garbage-first heap   total 524288K, used 147931K [0x0000000701800000, 0x0000000800000000)
  region size 2048K, 2 young (4096K), 2 survivors (4096K)
 Metaspace       used 108346K, committed 109184K, reserved 1179648K
  class space    used 15545K, committed 16000K, reserved 1048576K
}
Event: 3778.896 GC heap before
{Heap before GC invocations=366 (full 37):
 garbage-first heap   total 524288K, used 225755K [0x0000000701800000, 0x0000000800000000)
  region size 2048K, 40 young (81920K), 2 survivors (4096K)
 Metaspace       used 108347K, committed 109184K, reserved 1179648K
  class space    used 15545K, committed 16000K, reserved 1048576K
}
Event: 3778.904 GC heap after
{Heap after GC invocations=367 (full 37):
 garbage-first heap   total 524288K, used 147678K [0x0000000701800000, 0x0000000800000000)
  region size 2048K, 1 young (2048K), 1 survivors (2048K)
 Metaspace       used 108347K, committed 109184K, reserved 1179648K
  class space    used 15545K, committed 16000K, reserved 1048576K
}
Event: 3833.010 GC heap before
{Heap before GC invocations=367 (full 37):
 garbage-first heap   total 524288K, used 227550K [0x0000000701800000, 0x0000000800000000)
  region size 2048K, 40 young (81920K), 1 survivors (2048K)
 Metaspace       used 108347K, committed 109184K, reserved 1179648K
  class space    used 15545K, committed 16000K, reserved 1048576K
}
Event: 3833.013 GC heap after
{Heap after GC invocations=368 (full 37):
 garbage-first heap   total 524288K, used 147679K [0x0000000701800000, 0x0000000800000000)
  region size 2048K, 1 young (2048K), 1 survivors (2048K)
 Metaspace       used 108347K, committed 109184K, reserved 1179648K
  class space    used 15545K, committed 16000K, reserved 1048576K
}
Event: 3877.325 GC heap before
{Heap before GC invocations=368 (full 37):
 garbage-first heap   total 524288K, used 227551K [0x0000000701800000, 0x0000000800000000)
  region size 2048K, 40 young (81920K), 1 survivors (2048K)
 Metaspace       used 108352K, committed 109184K, reserved 1179648K
  class space    used 15545K, committed 16000K, reserved 1048576K
}
Event: 3877.330 GC heap after
{Heap after GC invocations=369 (full 37):
 garbage-first heap   total 524288K, used 147574K [0x0000000701800000, 0x0000000800000000)
  region size 2048K, 1 young (2048K), 1 survivors (2048K)
 Metaspace       used 108352K, committed 109184K, reserved 1179648K
  class space    used 15545K, committed 16000K, reserved 1048576K
}

