# JRE version: OpenJDK Runtime Environment Temurin-17.0.7+7 (17.0.7+7) (build 17.0.7+7)
# Java VM: OpenJDK 64-Bit Server VM Temurin-17.0.7+7 (17.0.7+7, mixed mode, sharing, tiered, compressed oops, compressed class ptrs, g1 gc, windows-amd64)
GC Precious Log:
 CPUs: 16 total, 16 available
 Memory: 16003M
 Large Page Support: Disabled
 NUMA Support: Disabled
 Compressed Oops: Enabled (Zero based)
 Heap Region Size: 2M
 Heap Min Capacity: 512M
 Heap Initial Capacity: 512M
 Heap Max Capacity: 4072M
 Pre-touch: Disabled
 Parallel Workers: 13
 Concurrent Workers: 3
 Concurrent Refinement Workers: 13
 Periodic GC: Disabled
 String Deduplication is enabled
Heap:
 garbage-first heap   total 524288K, used 143778K [0x0000000701800000, 0x0000000800000000)
  region size 2048K, 13 young (26624K), 1 survivors (2048K)
 Metaspace       used 88218K, committed 88896K, reserved 1179648K
  class space    used 11788K, committed 12096K, reserved 1048576K
GC Heap History (20 events):
Event: 3162.841 GC heap before
{Heap before GC invocations=334 (full 220):
 garbage-first heap   total 524288K, used 147200K [0x0000000701800000, 0x0000000800000000)
  region size 2048K, 2 young (4096K), 0 survivors (0K)
 Metaspace       used 87934K, committed 88576K, reserved 1179648K
  class space    used 11763K, committed 12096K, reserved 1048576K
}
Event: 3162.888 GC heap after
{Heap after GC invocations=335 (full 221):
 garbage-first heap   total 524288K, used 120583K [0x0000000701800000, 0x0000000800000000)
  region size 2048K, 0 young (0K), 0 survivors (0K)
 Metaspace       used 87934K, committed 88576K, reserved 1179648K
  class space    used 11763K, committed 12096K, reserved 1048576K
}
Event: 3162.922 GC heap before
{Heap before GC invocations=335 (full 221):
 garbage-first heap   total 524288K, used 139015K [0x0000000701800000, 0x0000000800000000)
  region size 2048K, 2 young (4096K), 0 survivors (0K)
 Metaspace       used 87934K, committed 88576K, reserved 1179648K
  class space    used 11763K, committed 12096K, reserved 1048576K
}
Event: 3163.005 GC heap after
{Heap after GC invocations=336 (full 222):
 garbage-first heap   total 524288K, used 120575K [0x0000000701800000, 0x0000000800000000)
  region size 2048K, 0 young (0K), 0 survivors (0K)
 Metaspace       used 87934K, committed 88576K, reserved 1179648K
  class space    used 11763K, committed 12096K, reserved 1048576K
}
Event: 3163.044 GC heap before
{Heap before GC invocations=336 (full 222):
 garbage-first heap   total 524288K, used 147199K [0x0000000701800000, 0x0000000800000000)
  region size 2048K, 2 young (4096K), 0 survivors (0K)
 Metaspace       used 87934K, committed 88576K, reserved 1179648K
  class space    used 11763K, committed 12096K, reserved 1048576K
}
Event: 3163.118 GC heap after
{Heap after GC invocations=337 (full 223):
 garbage-first heap   total 524288K, used 120572K [0x0000000701800000, 0x0000000800000000)
  region size 2048K, 0 young (0K), 0 survivors (0K)
 Metaspace       used 87934K, committed 88576K, reserved 1179648K
  class space    used 11763K, committed 12096K, reserved 1048576K
}
Event: 3163.158 GC heap before
{Heap before GC invocations=337 (full 223):
 garbage-first heap   total 524288K, used 147196K [0x0000000701800000, 0x0000000800000000)
  region size 2048K, 2 young (4096K), 0 survivors (0K)
 Metaspace       used 87935K, committed 88576K, reserved 1179648K
  class space    used 11763K, committed 12096K, reserved 1048576K
}
Event: 3163.226 GC heap after
{Heap after GC invocations=338 (full 224):
 garbage-first heap   total 524288K, used 120526K [0x0000000701800000, 0x0000000800000000)
  region size 2048K, 0 young (0K), 0 survivors (0K)
 Metaspace       used 87935K, committed 88576K, reserved 1179648K
  class space    used 11763K, committed 12096K, reserved 1048576K
}
Event: 3163.265 GC heap before
{Heap before GC invocations=338 (full 224):
 garbage-first heap   total 524288K, used 141006K [0x0000000701800000, 0x0000000800000000)
  region size 2048K, 3 young (6144K), 0 survivors (0K)
 Metaspace       used 87935K, committed 88576K, reserved 1179648K
  class space    used 11763K, committed 12096K, reserved 1048576K
}
Event: 3163.313 GC heap after
{Heap after GC invocations=339 (full 225):
 garbage-first heap   total 524288K, used 120625K [0x0000000701800000, 0x0000000800000000)
  region size 2048K, 0 young (0K), 0 survivors (0K)
 Metaspace       used 87935K, committed 88576K, reserved 1179648K
  class space    used 11763K, committed 12096K, reserved 1048576K
}
Event: 3220.463 GC heap before
{Heap before GC invocations=339 (full 225):
 garbage-first heap   total 524288K, used 202545K [0x0000000701800000, 0x0000000800000000)
  region size 2048K, 40 young (81920K), 0 survivors (0K)
 Metaspace       used 87946K, committed 88576K, reserved 1179648K
  class space    used 11763K, committed 12096K, reserved 1048576K
}
Event: 3220.467 GC heap after
{Heap after GC invocations=340 (full 225):
 garbage-first heap   total 524288K, used 122109K [0x0000000701800000, 0x0000000800000000)
  region size 2048K, 1 young (2048K), 1 survivors (2048K)
 Metaspace       used 87946K, committed 88576K, reserved 1179648K
  class space    used 11763K, committed 12096K, reserved 1048576K
}
Event: 3256.198 GC heap before
{Heap before GC invocations=340 (full 225):
 garbage-first heap   total 524288K, used 201981K [0x0000000701800000, 0x0000000800000000)
  region size 2048K, 40 young (81920K), 1 survivors (2048K)
 Metaspace       used 87951K, committed 88704K, reserved 1179648K
  class space    used 11763K, committed 12096K, reserved 1048576K
}
Event: 3256.202 GC heap after
{Heap after GC invocations=341 (full 225):
 garbage-first heap   total 524288K, used 121143K [0x0000000701800000, 0x0000000800000000)
  region size 2048K, 1 young (2048K), 1 survivors (2048K)
 Metaspace       used 87951K, committed 88704K, reserved 1179648K
  class space    used 11763K, committed 12096K, reserved 1048576K
}
Event: 3300.468 GC heap before
{Heap before GC invocations=341 (full 225):
 garbage-first heap   total 524288K, used 201015K [0x0000000701800000, 0x0000000800000000)
  region size 2048K, 40 young (81920K), 1 survivors (2048K)
 Metaspace       used 87957K, committed 88704K, reserved 1179648K
  class space    used 11763K, committed 12096K, reserved 1048576K
}
Event: 3300.471 GC heap after
{Heap after GC invocations=342 (full 225):
 garbage-first heap   total 524288K, used 120968K [0x0000000701800000, 0x0000000800000000)
  region size 2048K, 1 young (2048K), 1 survivors (2048K)
 Metaspace       used 87957K, committed 88704K, reserved 1179648K
  class space    used 11763K, committed 12096K, reserved 1048576K
}
Event: 3323.049 GC heap before
{Heap before GC invocations=342 (full 225):
 garbage-first heap   total 524288K, used 200840K [0x0000000701800000, 0x0000000800000000)
  region size 2048K, 40 young (81920K), 1 survivors (2048K)
 Metaspace       used 88196K, committed 88832K, reserved 1179648K
  class space    used 11788K, committed 12096K, reserved 1048576K
}
Event: 3323.052 GC heap after
{Heap after GC invocations=343 (full 225):
 garbage-first heap   total 524288K, used 121013K [0x0000000701800000, 0x0000000800000000)
  region size 2048K, 1 young (2048K), 1 survivors (2048K)
 Metaspace       used 88196K, committed 88832K, reserved 1179648K
  class space    used 11788K, committed 12096K, reserved 1048576K
}
Event: 3343.216 GC heap before
{Heap before GC invocations=343 (full 225):
 garbage-first heap   total 524288K, used 200885K [0x0000000701800000, 0x0000000800000000)
  region size 2048K, 40 young (81920K), 1 survivors (2048K)
 Metaspace       used 88208K, committed 88832K, reserved 1179648K
  class space    used 11788K, committed 12096K, reserved 1048576K
}
Event: 3343.220 GC heap after
{Heap after GC invocations=344 (full 225):
 garbage-first heap   total 524288K, used 121250K [0x0000000701800000, 0x0000000800000000)
  region size 2048K, 1 young (2048K), 1 survivors (2048K)
 Metaspace       used 88208K, committed 88832K, reserved 1179648K
  class space    used 11788K, committed 12096K, reserved 1048576K
}

