# JRE version: OpenJDK Runtime Environment Temurin-17.0.7+7 (17.0.7+7) (build 17.0.7+7)
# Java VM: OpenJDK 64-Bit Server VM Temurin-17.0.7+7 (17.0.7+7, mixed mode, sharing, tiered, compressed oops, compressed class ptrs, g1 gc, windows-amd64)
GC Precious Log:
 CPUs: 16 total, 16 available
 Memory: 16003M
 Large Page Support: Disabled
 NUMA Support: Disabled
 Compressed Oops: Enabled (Zero based)
 Heap Region Size: 2M
 Heap Min Capacity: 512M
 Heap Initial Capacity: 512M
 Heap Max Capacity: 4072M
 Pre-touch: Disabled
 Parallel Workers: 13
 Concurrent Workers: 3
 Concurrent Refinement Workers: 13
 Periodic GC: Disabled
 String Deduplication is enabled
Heap:
 garbage-first heap   total 524288K, used 116851K [0x0000000701800000, 0x0000000800000000)
  region size 2048K, 5 young (10240K), 2 survivors (4096K)
 Metaspace       used 86861K, committed 87616K, reserved 1179648K
  class space    used 11847K, committed 12224K, reserved 1048576K
GC Heap History (20 events):
Event: 649.413 GC heap before
{Heap before GC invocations=57 (full 13):
 garbage-first heap   total 524288K, used 144189K [0x0000000701800000, 0x0000000800000000)
  region size 2048K, 22 young (45056K), 4 survivors (8192K)
 Metaspace       used 86428K, committed 87232K, reserved 1179648K
  class space    used 11846K, committed 12224K, reserved 1048576K
}
Event: 649.453 GC heap after
{Heap after GC invocations=58 (full 14):
 garbage-first heap   total 524288K, used 95817K [0x0000000701800000, 0x0000000800000000)
  region size 2048K, 0 young (0K), 0 survivors (0K)
 Metaspace       used 86428K, committed 87232K, reserved 1179648K
  class space    used 11846K, committed 12224K, reserved 1048576K
}
Event: 651.525 GC heap before
{Heap before GC invocations=58 (full 14):
 garbage-first heap   total 524288K, used 147017K [0x0000000701800000, 0x0000000800000000)
  region size 2048K, 23 young (47104K), 0 survivors (0K)
 Metaspace       used 86457K, committed 87232K, reserved 1179648K
  class space    used 11846K, committed 12224K, reserved 1048576K
}
Event: 651.566 GC heap after
{Heap after GC invocations=59 (full 15):
 garbage-first heap   total 524288K, used 96144K [0x0000000701800000, 0x0000000800000000)
  region size 2048K, 0 young (0K), 0 survivors (0K)
 Metaspace       used 86457K, committed 87232K, reserved 1179648K
  class space    used 11846K, committed 12224K, reserved 1048576K
}
Event: 653.963 GC heap before
{Heap before GC invocations=59 (full 15):
 garbage-first heap   total 524288K, used 135056K [0x0000000701800000, 0x0000000800000000)
  region size 2048K, 12 young (24576K), 0 survivors (0K)
 Metaspace       used 86495K, committed 87232K, reserved 1179648K
  class space    used 11846K, committed 12224K, reserved 1048576K
}
Event: 654.008 GC heap after
{Heap after GC invocations=60 (full 16):
 garbage-first heap   total 524288K, used 102182K [0x0000000701800000, 0x0000000800000000)
  region size 2048K, 0 young (0K), 0 survivors (0K)
 Metaspace       used 86495K, committed 87232K, reserved 1179648K
  class space    used 11846K, committed 12224K, reserved 1048576K
}
Event: 699.274 GC heap before
{Heap before GC invocations=60 (full 16):
 garbage-first heap   total 524288K, used 192294K [0x0000000701800000, 0x0000000800000000)
  region size 2048K, 40 young (81920K), 0 survivors (0K)
 Metaspace       used 86543K, committed 87296K, reserved 1179648K
  class space    used 11846K, committed 12224K, reserved 1048576K
}
Event: 699.277 GC heap after
{Heap after GC invocations=61 (full 16):
 garbage-first heap   total 524288K, used 112743K [0x0000000701800000, 0x0000000800000000)
  region size 2048K, 2 young (4096K), 2 survivors (4096K)
 Metaspace       used 86543K, committed 87296K, reserved 1179648K
  class space    used 11846K, committed 12224K, reserved 1048576K
}
Event: 724.349 GC heap before
{Heap before GC invocations=61 (full 16):
 garbage-first heap   total 524288K, used 190567K [0x0000000701800000, 0x0000000800000000)
  region size 2048K, 40 young (81920K), 2 survivors (4096K)
 Metaspace       used 86574K, committed 87296K, reserved 1179648K
  class space    used 11846K, committed 12224K, reserved 1048576K
}
Event: 724.353 GC heap after
{Heap after GC invocations=62 (full 16):
 garbage-first heap   total 524288K, used 112422K [0x0000000701800000, 0x0000000800000000)
  region size 2048K, 1 young (2048K), 1 survivors (2048K)
 Metaspace       used 86574K, committed 87296K, reserved 1179648K
  class space    used 11846K, committed 12224K, reserved 1048576K
}
Event: 758.050 GC heap before
{Heap before GC invocations=62 (full 16):
 garbage-first heap   total 524288K, used 192294K [0x0000000701800000, 0x0000000800000000)
  region size 2048K, 40 young (81920K), 1 survivors (2048K)
 Metaspace       used 86642K, committed 87360K, reserved 1179648K
  class space    used 11846K, committed 12224K, reserved 1048576K
}
Event: 758.060 GC heap after
{Heap after GC invocations=63 (full 16):
 garbage-first heap   total 524288K, used 112391K [0x0000000701800000, 0x0000000800000000)
  region size 2048K, 1 young (2048K), 1 survivors (2048K)
 Metaspace       used 86642K, committed 87360K, reserved 1179648K
  class space    used 11846K, committed 12224K, reserved 1048576K
}
Event: 800.641 GC heap before
{Heap before GC invocations=63 (full 16):
 garbage-first heap   total 524288K, used 192263K [0x0000000701800000, 0x0000000800000000)
  region size 2048K, 40 young (81920K), 1 survivors (2048K)
 Metaspace       used 86712K, committed 87488K, reserved 1179648K
  class space    used 11846K, committed 12224K, reserved 1048576K
}
Event: 800.644 GC heap after
{Heap after GC invocations=64 (full 16):
 garbage-first heap   total 524288K, used 112661K [0x0000000701800000, 0x0000000800000000)
  region size 2048K, 2 young (4096K), 2 survivors (4096K)
 Metaspace       used 86712K, committed 87488K, reserved 1179648K
  class space    used 11846K, committed 12224K, reserved 1048576K
}
Event: 831.181 GC heap before
{Heap before GC invocations=64 (full 16):
 garbage-first heap   total 524288K, used 190485K [0x0000000701800000, 0x0000000800000000)
  region size 2048K, 40 young (81920K), 2 survivors (4096K)
 Metaspace       used 86752K, committed 87488K, reserved 1179648K
  class space    used 11846K, committed 12224K, reserved 1048576K
}
Event: 831.194 GC heap after
{Heap after GC invocations=65 (full 16):
 garbage-first heap   total 524288K, used 112659K [0x0000000701800000, 0x0000000800000000)
  region size 2048K, 2 young (4096K), 2 survivors (4096K)
 Metaspace       used 86752K, committed 87488K, reserved 1179648K
  class space    used 11846K, committed 12224K, reserved 1048576K
}
Event: 861.074 GC heap before
{Heap before GC invocations=65 (full 16):
 garbage-first heap   total 524288K, used 190483K [0x0000000701800000, 0x0000000800000000)
  region size 2048K, 40 young (81920K), 2 survivors (4096K)
 Metaspace       used 86769K, committed 87488K, reserved 1179648K
  class space    used 11846K, committed 12224K, reserved 1048576K
}
Event: 861.078 GC heap after
{Heap after GC invocations=66 (full 16):
 garbage-first heap   total 524288K, used 112722K [0x0000000701800000, 0x0000000800000000)
  region size 2048K, 2 young (4096K), 2 survivors (4096K)
 Metaspace       used 86769K, committed 87488K, reserved 1179648K
  class space    used 11846K, committed 12224K, reserved 1048576K
}
Event: 900.837 GC heap before
{Heap before GC invocations=66 (full 16):
 garbage-first heap   total 524288K, used 190546K [0x0000000701800000, 0x0000000800000000)
  region size 2048K, 40 young (81920K), 2 survivors (4096K)
 Metaspace       used 86841K, committed 87552K, reserved 1179648K
  class space    used 11847K, committed 12224K, reserved 1048576K
}
Event: 900.841 GC heap after
{Heap after GC invocations=67 (full 16):
 garbage-first heap   total 524288K, used 112755K [0x0000000701800000, 0x0000000800000000)
  region size 2048K, 2 young (4096K), 2 survivors (4096K)
 Metaspace       used 86841K, committed 87552K, reserved 1179648K
  class space    used 11847K, committed 12224K, reserved 1048576K
}

