# JRE version: OpenJDK Runtime Environment Temurin-17.0.7+7 (17.0.7+7) (build 17.0.7+7)
# Java VM: OpenJDK 64-Bit Server VM Temurin-17.0.7+7 (17.0.7+7, mixed mode, sharing, tiered, compressed oops, compressed class ptrs, g1 gc, windows-amd64)
GC Precious Log:
 CPUs: 16 total, 16 available
 Memory: 16003M
 Large Page Support: Disabled
 NUMA Support: Disabled
 Compressed Oops: Enabled (Zero based)
 Heap Region Size: 2M
 Heap Min Capacity: 512M
 Heap Initial Capacity: 512M
 Heap Max Capacity: 4072M
 Pre-touch: Disabled
 Parallel Workers: 13
 Concurrent Workers: 3
 Concurrent Refinement Workers: 13
 Periodic GC: Disabled
 String Deduplication is enabled
Heap:
 garbage-first heap   total 524288K, used 147529K [0x0000000701800000, 0x0000000800000000)
  region size 2048K, 23 young (47104K), 2 survivors (4096K)
 Metaspace       used 87452K, committed 88192K, reserved 1179648K
  class space    used 11798K, committed 12160K, reserved 1048576K
GC Heap History (20 events):
Event: 1090.113 GC heap before
{Heap before GC invocations=83 (full 27):
 garbage-first heap   total 524288K, used 184214K [0x0000000701800000, 0x0000000800000000)
  region size 2048K, 40 young (81920K), 1 survivors (2048K)
 Metaspace       used 86994K, committed 87744K, reserved 1179648K
  class space    used 11771K, committed 12160K, reserved 1048576K
}
Event: 1090.115 GC heap after
{Heap after GC invocations=84 (full 27):
 garbage-first heap   total 524288K, used 104424K [0x0000000701800000, 0x0000000800000000)
  region size 2048K, 1 young (2048K), 1 survivors (2048K)
 Metaspace       used 86994K, committed 87744K, reserved 1179648K
  class space    used 11771K, committed 12160K, reserved 1048576K
}
Event: 1112.645 GC heap before
{Heap before GC invocations=84 (full 27):
 garbage-first heap   total 524288K, used 184296K [0x0000000701800000, 0x0000000800000000)
  region size 2048K, 40 young (81920K), 1 survivors (2048K)
 Metaspace       used 87057K, committed 87808K, reserved 1179648K
  class space    used 11771K, committed 12160K, reserved 1048576K
}
Event: 1112.647 GC heap after
{Heap after GC invocations=85 (full 27):
 garbage-first heap   total 524288K, used 104797K [0x0000000701800000, 0x0000000800000000)
  region size 2048K, 1 young (2048K), 1 survivors (2048K)
 Metaspace       used 87057K, committed 87808K, reserved 1179648K
  class space    used 11771K, committed 12160K, reserved 1048576K
}
Event: 1129.128 GC heap before
{Heap before GC invocations=85 (full 27):
 garbage-first heap   total 524288K, used 184669K [0x0000000701800000, 0x0000000800000000)
  region size 2048K, 40 young (81920K), 1 survivors (2048K)
 Metaspace       used 87228K, committed 88000K, reserved 1179648K
  class space    used 11798K, committed 12160K, reserved 1048576K
}
Event: 1129.131 GC heap after
{Heap after GC invocations=86 (full 27):
 garbage-first heap   total 524288K, used 105605K [0x0000000701800000, 0x0000000800000000)
  region size 2048K, 1 young (2048K), 1 survivors (2048K)
 Metaspace       used 87228K, committed 88000K, reserved 1179648K
  class space    used 11798K, committed 12160K, reserved 1048576K
}
Event: 1148.365 GC heap before
{Heap before GC invocations=86 (full 27):
 garbage-first heap   total 524288K, used 185477K [0x0000000701800000, 0x0000000800000000)
  region size 2048K, 40 young (81920K), 1 survivors (2048K)
 Metaspace       used 87279K, committed 88064K, reserved 1179648K
  class space    used 11798K, committed 12160K, reserved 1048576K
}
Event: 1148.368 GC heap after
{Heap after GC invocations=87 (full 27):
 garbage-first heap   total 524288K, used 105845K [0x0000000701800000, 0x0000000800000000)
  region size 2048K, 1 young (2048K), 1 survivors (2048K)
 Metaspace       used 87279K, committed 88064K, reserved 1179648K
  class space    used 11798K, committed 12160K, reserved 1048576K
}
Event: 1161.037 GC heap before
{Heap before GC invocations=87 (full 27):
 garbage-first heap   total 524288K, used 185717K [0x0000000701800000, 0x0000000800000000)
  region size 2048K, 40 young (81920K), 1 survivors (2048K)
 Metaspace       used 87325K, committed 88064K, reserved 1179648K
  class space    used 11798K, committed 12160K, reserved 1048576K
}
Event: 1161.041 GC heap after
{Heap after GC invocations=88 (full 27):
 garbage-first heap   total 524288K, used 105975K [0x0000000701800000, 0x0000000800000000)
  region size 2048K, 1 young (2048K), 1 survivors (2048K)
 Metaspace       used 87325K, committed 88064K, reserved 1179648K
  class space    used 11798K, committed 12160K, reserved 1048576K
}
Event: 1176.796 GC heap before
{Heap before GC invocations=88 (full 27):
 garbage-first heap   total 524288K, used 185847K [0x0000000701800000, 0x0000000800000000)
  region size 2048K, 40 young (81920K), 1 survivors (2048K)
 Metaspace       used 87341K, committed 88064K, reserved 1179648K
  class space    used 11798K, committed 12160K, reserved 1048576K
}
Event: 1176.798 GC heap after
{Heap after GC invocations=89 (full 27):
 garbage-first heap   total 524288K, used 105975K [0x0000000701800000, 0x0000000800000000)
  region size 2048K, 1 young (2048K), 1 survivors (2048K)
 Metaspace       used 87341K, committed 88064K, reserved 1179648K
  class space    used 11798K, committed 12160K, reserved 1048576K
}
Event: 1205.348 GC heap before
{Heap before GC invocations=89 (full 27):
 garbage-first heap   total 524288K, used 185847K [0x0000000701800000, 0x0000000800000000)
  region size 2048K, 40 young (81920K), 1 survivors (2048K)
 Metaspace       used 87353K, committed 88128K, reserved 1179648K
  class space    used 11798K, committed 12160K, reserved 1048576K
}
Event: 1205.351 GC heap after
{Heap after GC invocations=90 (full 27):
 garbage-first heap   total 524288K, used 106246K [0x0000000701800000, 0x0000000800000000)
  region size 2048K, 2 young (4096K), 2 survivors (4096K)
 Metaspace       used 87353K, committed 88128K, reserved 1179648K
  class space    used 11798K, committed 12160K, reserved 1048576K
}
Event: 1219.809 GC heap before
{Heap before GC invocations=90 (full 27):
 garbage-first heap   total 524288K, used 184070K [0x0000000701800000, 0x0000000800000000)
  region size 2048K, 40 young (81920K), 2 survivors (4096K)
 Metaspace       used 87379K, committed 88128K, reserved 1179648K
  class space    used 11798K, committed 12160K, reserved 1048576K
}
Event: 1219.813 GC heap after
{Heap after GC invocations=91 (full 27):
 garbage-first heap   total 524288K, used 106447K [0x0000000701800000, 0x0000000800000000)
  region size 2048K, 2 young (4096K), 2 survivors (4096K)
 Metaspace       used 87379K, committed 88128K, reserved 1179648K
  class space    used 11798K, committed 12160K, reserved 1048576K
}
Event: 1240.951 GC heap before
{Heap before GC invocations=91 (full 27):
 garbage-first heap   total 524288K, used 184271K [0x0000000701800000, 0x0000000800000000)
  region size 2048K, 40 young (81920K), 2 survivors (4096K)
 Metaspace       used 87387K, committed 88128K, reserved 1179648K
  class space    used 11798K, committed 12160K, reserved 1048576K
}
Event: 1240.959 GC heap after
{Heap after GC invocations=92 (full 27):
 garbage-first heap   total 524288K, used 106592K [0x0000000701800000, 0x0000000800000000)
  region size 2048K, 2 young (4096K), 2 survivors (4096K)
 Metaspace       used 87387K, committed 88128K, reserved 1179648K
  class space    used 11798K, committed 12160K, reserved 1048576K
}
Event: 1255.734 GC heap before
{Heap before GC invocations=92 (full 27):
 garbage-first heap   total 524288K, used 184416K [0x0000000701800000, 0x0000000800000000)
  region size 2048K, 40 young (81920K), 2 survivors (4096K)
 Metaspace       used 87438K, committed 88192K, reserved 1179648K
  class space    used 11798K, committed 12160K, reserved 1048576K
}
Event: 1255.738 GC heap after
{Heap after GC invocations=93 (full 27):
 garbage-first heap   total 524288K, used 106569K [0x0000000701800000, 0x0000000800000000)
  region size 2048K, 2 young (4096K), 2 survivors (4096K)
 Metaspace       used 87438K, committed 88192K, reserved 1179648K
  class space    used 11798K, committed 12160K, reserved 1048576K
}

