# JRE version: OpenJDK Runtime Environment Temurin-17.0.7+7 (17.0.7+7) (build 17.0.7+7)
# Java VM: OpenJDK 64-Bit Server VM Temurin-17.0.7+7 (17.0.7+7, mixed mode, sharing, tiered, compressed oops, compressed class ptrs, g1 gc, windows-amd64)
GC Precious Log:
 CPUs: 16 total, 16 available
 Memory: 16003M
 Large Page Support: Disabled
 NUMA Support: Disabled
 Compressed Oops: Enabled (Zero based)
 Heap Region Size: 2M
 Heap Min Capacity: 512M
 Heap Initial Capacity: 512M
 Heap Max Capacity: 4072M
 Pre-touch: Disabled
 Parallel Workers: 13
 Concurrent Workers: 3
 Concurrent Refinement Workers: 13
 Periodic GC: Disabled
 String Deduplication is enabled
Heap:
 garbage-first heap   total 524288K, used 135870K [0x0000000701800000, 0x0000000800000000)
  region size 2048K, 8 young (16384K), 2 survivors (4096K)
 Metaspace       used 92123K, committed 92928K, reserved 1179648K
  class space    used 12463K, committed 12864K, reserved 1048576K
GC Heap History (20 events):
Event: 1643.482 GC heap before
{Heap before GC invocations=259 (full 94):
 garbage-first heap   total 524288K, used 200759K [0x0000000701800000, 0x0000000800000000)
  region size 2048K, 40 young (81920K), 3 survivors (6144K)
 Metaspace       used 91777K, committed 92544K, reserved 1179648K
  class space    used 12443K, committed 12800K, reserved 1048576K
}
Event: 1643.491 GC heap after
{Heap after GC invocations=260 (full 94):
 garbage-first heap   total 524288K, used 124912K [0x0000000701800000, 0x0000000800000000)
  region size 2048K, 3 young (6144K), 3 survivors (6144K)
 Metaspace       used 91777K, committed 92544K, reserved 1179648K
  class space    used 12443K, committed 12800K, reserved 1048576K
}
Event: 1644.833 GC heap before
{Heap before GC invocations=260 (full 94):
 garbage-first heap   total 524288K, used 200688K [0x0000000701800000, 0x0000000800000000)
  region size 2048K, 40 young (81920K), 3 survivors (6144K)
 Metaspace       used 91777K, committed 92544K, reserved 1179648K
  class space    used 12443K, committed 12800K, reserved 1048576K
}
Event: 1644.838 GC heap after
{Heap after GC invocations=261 (full 94):
 garbage-first heap   total 524288K, used 125024K [0x0000000701800000, 0x0000000800000000)
  region size 2048K, 3 young (6144K), 3 survivors (6144K)
 Metaspace       used 91777K, committed 92544K, reserved 1179648K
  class space    used 12443K, committed 12800K, reserved 1048576K
}
Event: 1653.805 GC heap before
{Heap before GC invocations=261 (full 94):
 garbage-first heap   total 524288K, used 200800K [0x0000000701800000, 0x0000000800000000)
  region size 2048K, 40 young (81920K), 3 survivors (6144K)
 Metaspace       used 91931K, committed 92672K, reserved 1179648K
  class space    used 12443K, committed 12800K, reserved 1048576K
}
Event: 1653.810 GC heap after
{Heap after GC invocations=262 (full 94):
 garbage-first heap   total 524288K, used 125760K [0x0000000701800000, 0x0000000800000000)
  region size 2048K, 3 young (6144K), 3 survivors (6144K)
 Metaspace       used 91931K, committed 92672K, reserved 1179648K
  class space    used 12443K, committed 12800K, reserved 1048576K
}
Event: 1669.305 GC heap before
{Heap before GC invocations=262 (full 94):
 garbage-first heap   total 524288K, used 201536K [0x0000000701800000, 0x0000000800000000)
  region size 2048K, 40 young (81920K), 3 survivors (6144K)
 Metaspace       used 91933K, committed 92672K, reserved 1179648K
  class space    used 12443K, committed 12800K, reserved 1048576K
}
Event: 1669.311 GC heap after
{Heap after GC invocations=263 (full 94):
 garbage-first heap   total 524288K, used 125516K [0x0000000701800000, 0x0000000800000000)
  region size 2048K, 3 young (6144K), 3 survivors (6144K)
 Metaspace       used 91933K, committed 92672K, reserved 1179648K
  class space    used 12443K, committed 12800K, reserved 1048576K
}
Event: 1672.980 GC heap before
{Heap before GC invocations=263 (full 94):
 garbage-first heap   total 524288K, used 201292K [0x0000000701800000, 0x0000000800000000)
  region size 2048K, 40 young (81920K), 3 survivors (6144K)
 Metaspace       used 91942K, committed 92672K, reserved 1179648K
  class space    used 12443K, committed 12800K, reserved 1048576K
}
Event: 1672.983 GC heap after
{Heap after GC invocations=264 (full 94):
 garbage-first heap   total 524288K, used 125194K [0x0000000701800000, 0x0000000800000000)
  region size 2048K, 2 young (4096K), 2 survivors (4096K)
 Metaspace       used 91942K, committed 92672K, reserved 1179648K
  class space    used 12443K, committed 12800K, reserved 1048576K
}
Event: 1685.600 GC heap before
{Heap before GC invocations=264 (full 94):
 garbage-first heap   total 524288K, used 203018K [0x0000000701800000, 0x0000000800000000)
  region size 2048K, 40 young (81920K), 2 survivors (4096K)
 Metaspace       used 92064K, committed 92864K, reserved 1179648K
  class space    used 12463K, committed 12864K, reserved 1048576K
}
Event: 1685.605 GC heap after
{Heap after GC invocations=265 (full 94):
 garbage-first heap   total 524288K, used 125338K [0x0000000701800000, 0x0000000800000000)
  region size 2048K, 2 young (4096K), 2 survivors (4096K)
 Metaspace       used 92064K, committed 92864K, reserved 1179648K
  class space    used 12463K, committed 12864K, reserved 1048576K
}
Event: 1700.429 GC heap before
{Heap before GC invocations=265 (full 94):
 garbage-first heap   total 524288K, used 203162K [0x0000000701800000, 0x0000000800000000)
  region size 2048K, 40 young (81920K), 2 survivors (4096K)
 Metaspace       used 92073K, committed 92864K, reserved 1179648K
  class space    used 12463K, committed 12864K, reserved 1048576K
}
Event: 1700.434 GC heap after
{Heap after GC invocations=266 (full 94):
 garbage-first heap   total 524288K, used 125311K [0x0000000701800000, 0x0000000800000000)
  region size 2048K, 2 young (4096K), 2 survivors (4096K)
 Metaspace       used 92073K, committed 92864K, reserved 1179648K
  class space    used 12463K, committed 12864K, reserved 1048576K
}
Event: 1793.686 GC heap before
{Heap before GC invocations=266 (full 94):
 garbage-first heap   total 524288K, used 203135K [0x0000000701800000, 0x0000000800000000)
  region size 2048K, 40 young (81920K), 2 survivors (4096K)
 Metaspace       used 92074K, committed 92864K, reserved 1179648K
  class space    used 12463K, committed 12864K, reserved 1048576K
}
Event: 1793.696 GC heap after
{Heap after GC invocations=267 (full 94):
 garbage-first heap   total 524288K, used 125523K [0x0000000701800000, 0x0000000800000000)
  region size 2048K, 3 young (6144K), 3 survivors (6144K)
 Metaspace       used 92074K, committed 92864K, reserved 1179648K
  class space    used 12463K, committed 12864K, reserved 1048576K
}
Event: 1861.697 GC heap before
{Heap before GC invocations=267 (full 94):
 garbage-first heap   total 524288K, used 201299K [0x0000000701800000, 0x0000000800000000)
  region size 2048K, 40 young (81920K), 3 survivors (6144K)
 Metaspace       used 92103K, committed 92864K, reserved 1179648K
  class space    used 12463K, committed 12864K, reserved 1048576K
}
Event: 1861.706 GC heap after
{Heap after GC invocations=268 (full 94):
 garbage-first heap   total 524288K, used 125842K [0x0000000701800000, 0x0000000800000000)
  region size 2048K, 2 young (4096K), 2 survivors (4096K)
 Metaspace       used 92103K, committed 92864K, reserved 1179648K
  class space    used 12463K, committed 12864K, reserved 1048576K
}
Event: 1891.841 GC heap before
{Heap before GC invocations=268 (full 94):
 garbage-first heap   total 524288K, used 203666K [0x0000000701800000, 0x0000000800000000)
  region size 2048K, 40 young (81920K), 2 survivors (4096K)
 Metaspace       used 92114K, committed 92864K, reserved 1179648K
  class space    used 12463K, committed 12864K, reserved 1048576K
}
Event: 1891.852 GC heap after
{Heap after GC invocations=269 (full 94):
 garbage-first heap   total 524288K, used 125630K [0x0000000701800000, 0x0000000800000000)
  region size 2048K, 2 young (4096K), 2 survivors (4096K)
 Metaspace       used 92114K, committed 92864K, reserved 1179648K
  class space    used 12463K, committed 12864K, reserved 1048576K
}

