# JRE version: OpenJDK Runtime Environment Temurin-17.0.7+7 (17.0.7+7) (build 17.0.7+7)
# Java VM: OpenJDK 64-Bit Server VM Temurin-17.0.7+7 (17.0.7+7, mixed mode, sharing, tiered, compressed oops, compressed class ptrs, g1 gc, windows-amd64)
GC Precious Log:
 CPUs: 16 total, 16 available
 Memory: 16003M
 Large Page Support: Disabled
 NUMA Support: Disabled
 Compressed Oops: Enabled (Zero based)
 Heap Region Size: 2M
 Heap Min Capacity: 512M
 Heap Initial Capacity: 512M
 Heap Max Capacity: 4072M
 Pre-touch: Disabled
 Parallel Workers: 13
 Concurrent Workers: 3
 Concurrent Refinement Workers: 13
 Periodic GC: Disabled
 String Deduplication is enabled
Heap:
 garbage-first heap   total 524288K, used 178095K [0x0000000701800000, 0x0000000800000000)
  region size 2048K, 38 young (77824K), 3 survivors (6144K)
 Metaspace       used 89475K, committed 90304K, reserved 1179648K
  class space    used 12067K, committed 12480K, reserved 1048576K
GC Heap History (20 events):
Event: 770.592 GC heap before
{Heap before GC invocations=135 (full 33):
 garbage-first heap   total 1572864K, used 184357K [0x0000000701800000, 0x0000000800000000)
  region size 2048K, 40 young (81920K), 3 survivors (6144K)
 Metaspace       used 89000K, committed 89728K, reserved 1179648K
  class space    used 12041K, committed 12416K, reserved 1048576K
}
Event: 770.599 GC heap after
{Heap after GC invocations=136 (full 33):
 garbage-first heap   total 1572864K, used 111326K [0x0000000701800000, 0x0000000800000000)
  region size 2048K, 4 young (8192K), 4 survivors (8192K)
 Metaspace       used 89000K, committed 89728K, reserved 1179648K
  class space    used 12041K, committed 12416K, reserved 1048576K
}
Event: 770.883 GC heap before
{Heap before GC invocations=136 (full 33):
 garbage-first heap   total 1572864K, used 185054K [0x0000000701800000, 0x0000000800000000)
  region size 2048K, 40 young (81920K), 4 survivors (8192K)
 Metaspace       used 89040K, committed 89728K, reserved 1179648K
  class space    used 12041K, committed 12416K, reserved 1048576K
}
Event: 770.888 GC heap after
{Heap after GC invocations=137 (full 33):
 garbage-first heap   total 1572864K, used 111593K [0x0000000701800000, 0x0000000800000000)
  region size 2048K, 3 young (6144K), 3 survivors (6144K)
 Metaspace       used 89040K, committed 89728K, reserved 1179648K
  class space    used 12041K, committed 12416K, reserved 1048576K
}
Event: 771.066 GC heap before
{Heap before GC invocations=137 (full 33):
 garbage-first heap   total 1572864K, used 152553K [0x0000000701800000, 0x0000000800000000)
  region size 2048K, 20 young (40960K), 3 survivors (6144K)
 Metaspace       used 89084K, committed 89792K, reserved 1179648K
  class space    used 12041K, committed 12416K, reserved 1048576K
}
Event: 771.122 GC heap after
{Heap after GC invocations=138 (full 34):
 garbage-first heap   total 524288K, used 102429K [0x0000000701800000, 0x0000000800000000)
  region size 2048K, 0 young (0K), 0 survivors (0K)
 Metaspace       used 89084K, committed 89792K, reserved 1179648K
  class space    used 12041K, committed 12416K, reserved 1048576K
}
Event: 780.456 GC heap before
{Heap before GC invocations=138 (full 34):
 garbage-first heap   total 524288K, used 186397K [0x0000000701800000, 0x0000000800000000)
  region size 2048K, 40 young (81920K), 0 survivors (0K)
 Metaspace       used 89146K, committed 89920K, reserved 1179648K
  class space    used 12041K, committed 12416K, reserved 1048576K
}
Event: 780.459 GC heap after
{Heap after GC invocations=139 (full 34):
 garbage-first heap   total 524288K, used 105935K [0x0000000701800000, 0x0000000800000000)
  region size 2048K, 1 young (2048K), 1 survivors (2048K)
 Metaspace       used 89146K, committed 89920K, reserved 1179648K
  class space    used 12041K, committed 12416K, reserved 1048576K
}
Event: 780.720 GC heap before
{Heap before GC invocations=139 (full 34):
 garbage-first heap   total 524288K, used 185807K [0x0000000701800000, 0x0000000800000000)
  region size 2048K, 41 young (83968K), 1 survivors (2048K)
 Metaspace       used 89146K, committed 89920K, reserved 1179648K
  class space    used 12041K, committed 12416K, reserved 1048576K
}
Event: 780.722 GC heap after
{Heap after GC invocations=140 (full 34):
 garbage-first heap   total 524288K, used 103142K [0x0000000701800000, 0x0000000800000000)
  region size 2048K, 1 young (2048K), 1 survivors (2048K)
 Metaspace       used 89146K, committed 89920K, reserved 1179648K
  class space    used 12041K, committed 12416K, reserved 1048576K
}
Event: 781.178 GC heap before
{Heap before GC invocations=140 (full 34):
 garbage-first heap   total 524288K, used 183014K [0x0000000701800000, 0x0000000800000000)
  region size 2048K, 40 young (81920K), 1 survivors (2048K)
 Metaspace       used 89146K, committed 89920K, reserved 1179648K
  class space    used 12041K, committed 12416K, reserved 1048576K
}
Event: 781.180 GC heap after
{Heap after GC invocations=141 (full 34):
 garbage-first heap   total 524288K, used 102998K [0x0000000701800000, 0x0000000800000000)
  region size 2048K, 1 young (2048K), 1 survivors (2048K)
 Metaspace       used 89146K, committed 89920K, reserved 1179648K
  class space    used 12041K, committed 12416K, reserved 1048576K
}
Event: 793.923 GC heap before
{Heap before GC invocations=141 (full 34):
 garbage-first heap   total 524288K, used 182870K [0x0000000701800000, 0x0000000800000000)
  region size 2048K, 40 young (81920K), 1 survivors (2048K)
 Metaspace       used 89279K, committed 90112K, reserved 1179648K
  class space    used 12060K, committed 12480K, reserved 1048576K
}
Event: 793.925 GC heap after
{Heap after GC invocations=142 (full 34):
 garbage-first heap   total 524288K, used 104032K [0x0000000701800000, 0x0000000800000000)
  region size 2048K, 1 young (2048K), 1 survivors (2048K)
 Metaspace       used 89279K, committed 90112K, reserved 1179648K
  class space    used 12060K, committed 12480K, reserved 1048576K
}
Event: 812.610 GC heap before
{Heap before GC invocations=142 (full 34):
 garbage-first heap   total 524288K, used 183904K [0x0000000701800000, 0x0000000800000000)
  region size 2048K, 40 young (81920K), 1 survivors (2048K)
 Metaspace       used 89363K, committed 90176K, reserved 1179648K
  class space    used 12061K, committed 12480K, reserved 1048576K
}
Event: 812.615 GC heap after
{Heap after GC invocations=143 (full 34):
 garbage-first heap   total 524288K, used 106010K [0x0000000701800000, 0x0000000800000000)
  region size 2048K, 2 young (4096K), 2 survivors (4096K)
 Metaspace       used 89363K, committed 90176K, reserved 1179648K
  class space    used 12061K, committed 12480K, reserved 1048576K
}
Event: 812.842 GC heap before
{Heap before GC invocations=143 (full 34):
 garbage-first heap   total 524288K, used 183834K [0x0000000701800000, 0x0000000800000000)
  region size 2048K, 40 young (81920K), 2 survivors (4096K)
 Metaspace       used 89364K, committed 90176K, reserved 1179648K
  class space    used 12061K, committed 12480K, reserved 1048576K
}
Event: 812.846 GC heap after
{Heap after GC invocations=144 (full 34):
 garbage-first heap   total 524288K, used 106905K [0x0000000701800000, 0x0000000800000000)
  region size 2048K, 3 young (6144K), 3 survivors (6144K)
 Metaspace       used 89364K, committed 90176K, reserved 1179648K
  class space    used 12061K, committed 12480K, reserved 1048576K
}
Event: 816.944 GC heap before
{Heap before GC invocations=144 (full 34):
 garbage-first heap   total 524288K, used 182681K [0x0000000701800000, 0x0000000800000000)
  region size 2048K, 40 young (81920K), 3 survivors (6144K)
 Metaspace       used 89407K, committed 90240K, reserved 1179648K
  class space    used 12061K, committed 12480K, reserved 1048576K
}
Event: 816.950 GC heap after
{Heap after GC invocations=145 (full 34):
 garbage-first heap   total 524288K, used 108463K [0x0000000701800000, 0x0000000800000000)
  region size 2048K, 3 young (6144K), 3 survivors (6144K)
 Metaspace       used 89407K, committed 90240K, reserved 1179648K
  class space    used 12061K, committed 12480K, reserved 1048576K
}

