# JRE version: OpenJDK Runtime Environment Temurin-17.0.7+7 (17.0.7+7) (build 17.0.7+7)
# Java VM: OpenJDK 64-Bit Server VM Temurin-17.0.7+7 (17.0.7+7, mixed mode, sharing, tiered, compressed oops, compressed class ptrs, g1 gc, windows-amd64)
GC Precious Log:
 CPUs: 16 total, 16 available
 Memory: 16003M
 Large Page Support: Disabled
 NUMA Support: Disabled
 Compressed Oops: Enabled (Zero based)
 Heap Region Size: 2M
 Heap Min Capacity: 512M
 Heap Initial Capacity: 512M
 Heap Max Capacity: 4072M
 Pre-touch: Disabled
 Parallel Workers: 13
 Concurrent Workers: 3
 Concurrent Refinement Workers: 13
 Periodic GC: Disabled
 String Deduplication is enabled
Heap:
 garbage-first heap   total 524288K, used 112364K [0x0000000701800000, 0x0000000800000000)
  region size 2048K, 14 young (28672K), 2 survivors (4096K)
 Metaspace       used 87045K, committed 87808K, reserved 1179648K
  class space    used 12146K, committed 12544K, reserved 1048576K
GC Heap History (20 events):
Event: 430.198 GC heap before
{Heap before GC invocations=44 (full 5):
 garbage-first heap   total 524288K, used 165936K [0x0000000701800000, 0x0000000800000000)
  region size 2048K, 40 young (81920K), 3 survivors (6144K)
 Metaspace       used 86447K, committed 87168K, reserved 1179648K
  class space    used 12112K, committed 12480K, reserved 1048576K
}
Event: 430.203 GC heap after
{Heap after GC invocations=45 (full 5):
 garbage-first heap   total 524288K, used 89893K [0x0000000701800000, 0x0000000800000000)
  region size 2048K, 3 young (6144K), 3 survivors (6144K)
 Metaspace       used 86447K, committed 87168K, reserved 1179648K
  class space    used 12112K, committed 12480K, reserved 1048576K
}
Event: 433.465 GC heap before
{Heap before GC invocations=45 (full 5):
 garbage-first heap   total 524288K, used 165669K [0x0000000701800000, 0x0000000800000000)
  region size 2048K, 40 young (81920K), 3 survivors (6144K)
 Metaspace       used 86475K, committed 87168K, reserved 1179648K
  class space    used 12113K, committed 12480K, reserved 1048576K
}
Event: 433.468 GC heap after
{Heap after GC invocations=46 (full 5):
 garbage-first heap   total 524288K, used 90011K [0x0000000701800000, 0x0000000800000000)
  region size 2048K, 3 young (6144K), 3 survivors (6144K)
 Metaspace       used 86475K, committed 87168K, reserved 1179648K
  class space    used 12113K, committed 12480K, reserved 1048576K
}
Event: 441.609 GC heap before
{Heap before GC invocations=46 (full 5):
 garbage-first heap   total 524288K, used 165787K [0x0000000701800000, 0x0000000800000000)
  region size 2048K, 40 young (81920K), 3 survivors (6144K)
 Metaspace       used 86482K, committed 87168K, reserved 1179648K
  class space    used 12113K, committed 12480K, reserved 1048576K
}
Event: 441.617 GC heap after
{Heap after GC invocations=47 (full 5):
 garbage-first heap   total 524288K, used 90286K [0x0000000701800000, 0x0000000800000000)
  region size 2048K, 3 young (6144K), 3 survivors (6144K)
 Metaspace       used 86482K, committed 87168K, reserved 1179648K
  class space    used 12113K, committed 12480K, reserved 1048576K
}
Event: 470.548 GC heap before
{Heap before GC invocations=47 (full 5):
 garbage-first heap   total 524288K, used 166062K [0x0000000701800000, 0x0000000800000000)
  region size 2048K, 40 young (81920K), 3 survivors (6144K)
 Metaspace       used 86782K, committed 87552K, reserved 1179648K
  class space    used 12145K, committed 12544K, reserved 1048576K
}
Event: 470.552 GC heap after
{Heap after GC invocations=48 (full 5):
 garbage-first heap   total 524288K, used 90090K [0x0000000701800000, 0x0000000800000000)
  region size 2048K, 3 young (6144K), 3 survivors (6144K)
 Metaspace       used 86782K, committed 87552K, reserved 1179648K
  class space    used 12145K, committed 12544K, reserved 1048576K
}
Event: 491.878 GC heap before
{Heap before GC invocations=48 (full 5):
 garbage-first heap   total 524288K, used 165866K [0x0000000701800000, 0x0000000800000000)
  region size 2048K, 40 young (81920K), 3 survivors (6144K)
 Metaspace       used 86842K, committed 87616K, reserved 1179648K
  class space    used 12145K, committed 12544K, reserved 1048576K
}
Event: 491.885 GC heap after
{Heap after GC invocations=49 (full 5):
 garbage-first heap   total 524288K, used 89947K [0x0000000701800000, 0x0000000800000000)
  region size 2048K, 3 young (6144K), 3 survivors (6144K)
 Metaspace       used 86842K, committed 87616K, reserved 1179648K
  class space    used 12145K, committed 12544K, reserved 1048576K
}
Event: 529.174 GC heap before
{Heap before GC invocations=49 (full 5):
 garbage-first heap   total 524288K, used 165723K [0x0000000701800000, 0x0000000800000000)
  region size 2048K, 40 young (81920K), 3 survivors (6144K)
 Metaspace       used 86890K, committed 87680K, reserved 1179648K
  class space    used 12145K, committed 12544K, reserved 1048576K
}
Event: 529.183 GC heap after
{Heap after GC invocations=50 (full 5):
 garbage-first heap   total 524288K, used 89849K [0x0000000701800000, 0x0000000800000000)
  region size 2048K, 2 young (4096K), 2 survivors (4096K)
 Metaspace       used 86890K, committed 87680K, reserved 1179648K
  class space    used 12145K, committed 12544K, reserved 1048576K
}
Event: 561.572 GC heap before
{Heap before GC invocations=50 (full 5):
 garbage-first heap   total 524288K, used 167673K [0x0000000701800000, 0x0000000800000000)
  region size 2048K, 40 young (81920K), 2 survivors (4096K)
 Metaspace       used 86938K, committed 87744K, reserved 1179648K
  class space    used 12146K, committed 12544K, reserved 1048576K
}
Event: 561.575 GC heap after
{Heap after GC invocations=51 (full 5):
 garbage-first heap   total 524288K, used 89702K [0x0000000701800000, 0x0000000800000000)
  region size 2048K, 2 young (4096K), 2 survivors (4096K)
 Metaspace       used 86938K, committed 87744K, reserved 1179648K
  class space    used 12146K, committed 12544K, reserved 1048576K
}
Event: 572.164 GC heap before
{Heap before GC invocations=51 (full 5):
 garbage-first heap   total 524288K, used 167526K [0x0000000701800000, 0x0000000800000000)
  region size 2048K, 40 young (81920K), 2 survivors (4096K)
 Metaspace       used 86942K, committed 87744K, reserved 1179648K
  class space    used 12146K, committed 12544K, reserved 1048576K
}
Event: 572.167 GC heap after
{Heap after GC invocations=52 (full 5):
 garbage-first heap   total 524288K, used 89821K [0x0000000701800000, 0x0000000800000000)
  region size 2048K, 2 young (4096K), 2 survivors (4096K)
 Metaspace       used 86942K, committed 87744K, reserved 1179648K
  class space    used 12146K, committed 12544K, reserved 1048576K
}
Event: 596.840 GC heap before
{Heap before GC invocations=52 (full 5):
 garbage-first heap   total 524288K, used 167645K [0x0000000701800000, 0x0000000800000000)
  region size 2048K, 40 young (81920K), 2 survivors (4096K)
 Metaspace       used 87028K, committed 87808K, reserved 1179648K
  class space    used 12146K, committed 12544K, reserved 1048576K
}
Event: 596.845 GC heap after
{Heap after GC invocations=53 (full 5):
 garbage-first heap   total 524288K, used 89930K [0x0000000701800000, 0x0000000800000000)
  region size 2048K, 2 young (4096K), 2 survivors (4096K)
 Metaspace       used 87028K, committed 87808K, reserved 1179648K
  class space    used 12146K, committed 12544K, reserved 1048576K
}
Event: 611.890 GC heap before
{Heap before GC invocations=53 (full 5):
 garbage-first heap   total 524288K, used 167754K [0x0000000701800000, 0x0000000800000000)
  region size 2048K, 40 young (81920K), 2 survivors (4096K)
 Metaspace       used 87044K, committed 87808K, reserved 1179648K
  class space    used 12146K, committed 12544K, reserved 1048576K
}
Event: 611.894 GC heap after
{Heap after GC invocations=54 (full 5):
 garbage-first heap   total 524288K, used 89836K [0x0000000701800000, 0x0000000800000000)
  region size 2048K, 2 young (4096K), 2 survivors (4096K)
 Metaspace       used 87044K, committed 87808K, reserved 1179648K
  class space    used 12146K, committed 12544K, reserved 1048576K
}

