# JRE version: OpenJDK Runtime Environment Temurin-17.0.7+7 (17.0.7+7) (build 17.0.7+7)
# Java VM: OpenJDK 64-Bit Server VM Temurin-17.0.7+7 (17.0.7+7, mixed mode, sharing, tiered, compressed oops, compressed class ptrs, g1 gc, windows-amd64)
GC Precious Log:
 CPUs: 16 total, 16 available
 Memory: 16003M
 Large Page Support: Disabled
 NUMA Support: Disabled
 Compressed Oops: Enabled (Zero based)
 Heap Region Size: 2M
 Heap Min Capacity: 512M
 Heap Initial Capacity: 512M
 Heap Max Capacity: 4072M
 Pre-touch: Disabled
 Parallel Workers: 13
 Concurrent Workers: 3
 Concurrent Refinement Workers: 13
 Periodic GC: Disabled
 String Deduplication is enabled
Heap:
 garbage-first heap   total 524288K, used 92785K [0x0000000701800000, 0x0000000800000000)
  region size 2048K, 3 young (6144K), 2 survivors (4096K)
 Metaspace       used 80235K, committed 80896K, reserved 1179648K
  class space    used 10889K, committed 11200K, reserved 1048576K
GC Heap History (20 events):
Event: 664.581 GC heap before
{Heap before GC invocations=53 (full 1):
 garbage-first heap   total 524288K, used 170830K [0x0000000701800000, 0x0000000800000000)
  region size 2048K, 40 young (81920K), 3 survivors (6144K)
 Metaspace       used 79354K, committed 79936K, reserved 1179648K
  class space    used 10814K, committed 11072K, reserved 1048576K
}
Event: 664.590 GC heap after
{Heap after GC invocations=54 (full 1):
 garbage-first heap   total 524288K, used 95744K [0x0000000701800000, 0x0000000800000000)
  region size 2048K, 3 young (6144K), 3 survivors (6144K)
 Metaspace       used 79354K, committed 79936K, reserved 1179648K
  class space    used 10814K, committed 11072K, reserved 1048576K
}
Event: 676.307 GC heap before
{Heap before GC invocations=54 (full 1):
 garbage-first heap   total 524288K, used 171520K [0x0000000701800000, 0x0000000800000000)
  region size 2048K, 40 young (81920K), 3 survivors (6144K)
 Metaspace       used 79848K, committed 80512K, reserved 1179648K
  class space    used 10881K, committed 11200K, reserved 1048576K
}
Event: 676.313 GC heap after
{Heap after GC invocations=55 (full 1):
 garbage-first heap   total 524288K, used 96249K [0x0000000701800000, 0x0000000800000000)
  region size 2048K, 3 young (6144K), 3 survivors (6144K)
 Metaspace       used 79848K, committed 80512K, reserved 1179648K
  class space    used 10881K, committed 11200K, reserved 1048576K
}
Event: 677.701 GC heap before
{Heap before GC invocations=55 (full 1):
 garbage-first heap   total 524288K, used 96249K [0x0000000701800000, 0x0000000800000000)
  region size 2048K, 4 young (8192K), 3 survivors (6144K)
 Metaspace       used 79848K, committed 80512K, reserved 1179648K
  class space    used 10881K, committed 11200K, reserved 1048576K
}
Event: 677.762 GC heap after
{Heap after GC invocations=56 (full 2):
 garbage-first heap   total 524288K, used 89919K [0x0000000701800000, 0x0000000800000000)
  region size 2048K, 0 young (0K), 0 survivors (0K)
 Metaspace       used 79848K, committed 80512K, reserved 1179648K
  class space    used 10881K, committed 11200K, reserved 1048576K
}
Event: 693.233 GC heap before
{Heap before GC invocations=56 (full 2):
 garbage-first heap   total 524288K, used 171839K [0x0000000701800000, 0x0000000800000000)
  region size 2048K, 40 young (81920K), 0 survivors (0K)
 Metaspace       used 79981K, committed 80576K, reserved 1179648K
  class space    used 10888K, committed 11200K, reserved 1048576K
}
Event: 693.236 GC heap after
{Heap after GC invocations=57 (full 2):
 garbage-first heap   total 524288K, used 91671K [0x0000000701800000, 0x0000000800000000)
  region size 2048K, 1 young (2048K), 1 survivors (2048K)
 Metaspace       used 79981K, committed 80576K, reserved 1179648K
  class space    used 10888K, committed 11200K, reserved 1048576K
}
Event: 724.907 GC heap before
{Heap before GC invocations=57 (full 2):
 garbage-first heap   total 524288K, used 171543K [0x0000000701800000, 0x0000000800000000)
  region size 2048K, 40 young (81920K), 1 survivors (2048K)
 Metaspace       used 79992K, committed 80576K, reserved 1179648K
  class space    used 10888K, committed 11200K, reserved 1048576K
}
Event: 724.914 GC heap after
{Heap after GC invocations=58 (full 2):
 garbage-first heap   total 524288K, used 91046K [0x0000000701800000, 0x0000000800000000)
  region size 2048K, 1 young (2048K), 1 survivors (2048K)
 Metaspace       used 79992K, committed 80576K, reserved 1179648K
  class space    used 10888K, committed 11200K, reserved 1048576K
}
Event: 747.166 GC heap before
{Heap before GC invocations=58 (full 2):
 garbage-first heap   total 524288K, used 170918K [0x0000000701800000, 0x0000000800000000)
  region size 2048K, 40 young (81920K), 1 survivors (2048K)
 Metaspace       used 80003K, committed 80576K, reserved 1179648K
  class space    used 10888K, committed 11200K, reserved 1048576K
}
Event: 747.168 GC heap after
{Heap after GC invocations=59 (full 2):
 garbage-first heap   total 524288K, used 91136K [0x0000000701800000, 0x0000000800000000)
  region size 2048K, 1 young (2048K), 1 survivors (2048K)
 Metaspace       used 80003K, committed 80576K, reserved 1179648K
  class space    used 10888K, committed 11200K, reserved 1048576K
}
Event: 758.705 GC heap before
{Heap before GC invocations=59 (full 2):
 garbage-first heap   total 524288K, used 171008K [0x0000000701800000, 0x0000000800000000)
  region size 2048K, 40 young (81920K), 1 survivors (2048K)
 Metaspace       used 80133K, committed 80768K, reserved 1179648K
  class space    used 10889K, committed 11200K, reserved 1048576K
}
Event: 758.709 GC heap after
{Heap after GC invocations=60 (full 2):
 garbage-first heap   total 524288K, used 91958K [0x0000000701800000, 0x0000000800000000)
  region size 2048K, 1 young (2048K), 1 survivors (2048K)
 Metaspace       used 80133K, committed 80768K, reserved 1179648K
  class space    used 10889K, committed 11200K, reserved 1048576K
}
Event: 774.199 GC heap before
{Heap before GC invocations=60 (full 2):
 garbage-first heap   total 524288K, used 171830K [0x0000000701800000, 0x0000000800000000)
  region size 2048K, 40 young (81920K), 1 survivors (2048K)
 Metaspace       used 80185K, committed 80832K, reserved 1179648K
  class space    used 10889K, committed 11200K, reserved 1048576K
}
Event: 774.204 GC heap after
{Heap after GC invocations=61 (full 2):
 garbage-first heap   total 524288K, used 92190K [0x0000000701800000, 0x0000000800000000)
  region size 2048K, 2 young (4096K), 2 survivors (4096K)
 Metaspace       used 80185K, committed 80832K, reserved 1179648K
  class space    used 10889K, committed 11200K, reserved 1048576K
}
Event: 781.483 GC heap before
{Heap before GC invocations=61 (full 2):
 garbage-first heap   total 524288K, used 170014K [0x0000000701800000, 0x0000000800000000)
  region size 2048K, 40 young (81920K), 2 survivors (4096K)
 Metaspace       used 80210K, committed 80832K, reserved 1179648K
  class space    used 10889K, committed 11200K, reserved 1048576K
}
Event: 781.490 GC heap after
{Heap after GC invocations=62 (full 2):
 garbage-first heap   total 524288K, used 93016K [0x0000000701800000, 0x0000000800000000)
  region size 2048K, 2 young (4096K), 2 survivors (4096K)
 Metaspace       used 80210K, committed 80832K, reserved 1179648K
  class space    used 10889K, committed 11200K, reserved 1048576K
}
Event: 813.951 GC heap before
{Heap before GC invocations=62 (full 2):
 garbage-first heap   total 524288K, used 170840K [0x0000000701800000, 0x0000000800000000)
  region size 2048K, 40 young (81920K), 2 survivors (4096K)
 Metaspace       used 80235K, committed 80896K, reserved 1179648K
  class space    used 10889K, committed 11200K, reserved 1048576K
}
Event: 813.954 GC heap after
{Heap after GC invocations=63 (full 2):
 garbage-first heap   total 524288K, used 92785K [0x0000000701800000, 0x0000000800000000)
  region size 2048K, 2 young (4096K), 2 survivors (4096K)
 Metaspace       used 80235K, committed 80896K, reserved 1179648K
  class space    used 10889K, committed 11200K, reserved 1048576K
}

