# JRE version: OpenJDK Runtime Environment Temurin-17.0.7+7 (17.0.7+7) (build 17.0.7+7)
# Java VM: OpenJDK 64-Bit Server VM Temurin-17.0.7+7 (17.0.7+7, mixed mode, sharing, tiered, compressed oops, compressed class ptrs, g1 gc, windows-amd64)
GC Precious Log:
 CPUs: 16 total, 16 available
 Memory: 16003M
 Large Page Support: Disabled
 NUMA Support: Disabled
 Compressed Oops: Enabled (Zero based)
 Heap Region Size: 2M
 Heap Min Capacity: 512M
 Heap Initial Capacity: 512M
 Heap Max Capacity: 4072M
 Pre-touch: Disabled
 Parallel Workers: 13
 Concurrent Workers: 3
 Concurrent Refinement Workers: 13
 Periodic GC: Disabled
 String Deduplication is enabled
Heap:
 garbage-first heap   total 524288K, used 159558K [0x0000000701800000, 0x0000000800000000)
  region size 2048K, 12 young (24576K), 3 survivors (6144K)
 Metaspace       used 92579K, committed 93312K, reserved 1179648K
  class space    used 12440K, committed 12800K, reserved 1048576K
GC Heap History (20 events):
Event: 2065.878 GC heap before
{Heap before GC invocations=259 (full 89):
 garbage-first heap   total 1572864K, used 218605K [0x0000000701800000, 0x0000000800000000)
  region size 2048K, 35 young (71680K), 2 survivors (4096K)
 Metaspace       used 92452K, committed 93184K, reserved 1179648K
  class space    used 12440K, committed 12800K, reserved 1048576K
}
Event: 2065.950 GC heap after
{Heap after GC invocations=260 (full 90):
 garbage-first heap   total 524288K, used 132578K [0x0000000701800000, 0x0000000800000000)
  region size 2048K, 0 young (0K), 0 survivors (0K)
 Metaspace       used 92452K, committed 93184K, reserved 1179648K
  class space    used 12440K, committed 12800K, reserved 1048576K
}
Event: 2067.557 GC heap before
{Heap before GC invocations=260 (full 90):
 garbage-first heap   total 524288K, used 171490K [0x0000000701800000, 0x0000000800000000)
  region size 2048K, 12 young (24576K), 0 survivors (0K)
 Metaspace       used 92458K, committed 93184K, reserved 1179648K
  class space    used 12440K, committed 12800K, reserved 1048576K
}
Event: 2067.616 GC heap after
{Heap after GC invocations=261 (full 91):
 garbage-first heap   total 524288K, used 138154K [0x0000000701800000, 0x0000000800000000)
  region size 2048K, 0 young (0K), 0 survivors (0K)
 Metaspace       used 92458K, committed 93184K, reserved 1179648K
  class space    used 12440K, committed 12800K, reserved 1048576K
}
Event: 2082.151 GC heap before
{Heap before GC invocations=261 (full 91):
 garbage-first heap   total 524288K, used 185258K [0x0000000701800000, 0x0000000800000000)
  region size 2048K, 16 young (32768K), 0 survivors (0K)
 Metaspace       used 92459K, committed 93184K, reserved 1179648K
  class space    used 12440K, committed 12800K, reserved 1048576K
}
Event: 2082.211 GC heap after
{Heap after GC invocations=262 (full 92):
 garbage-first heap   total 524288K, used 137167K [0x0000000701800000, 0x0000000800000000)
  region size 2048K, 0 young (0K), 0 survivors (0K)
 Metaspace       used 92459K, committed 93184K, reserved 1179648K
  class space    used 12440K, committed 12800K, reserved 1048576K
}
Event: 2095.633 GC heap before
{Heap before GC invocations=262 (full 92):
 garbage-first heap   total 524288K, used 161743K [0x0000000701800000, 0x0000000800000000)
  region size 2048K, 9 young (18432K), 0 survivors (0K)
 Metaspace       used 92461K, committed 93184K, reserved 1179648K
  class space    used 12440K, committed 12800K, reserved 1048576K
}
Event: 2095.687 GC heap after
{Heap after GC invocations=263 (full 93):
 garbage-first heap   total 524288K, used 137287K [0x0000000701800000, 0x0000000800000000)
  region size 2048K, 0 young (0K), 0 survivors (0K)
 Metaspace       used 92461K, committed 93184K, reserved 1179648K
  class space    used 12440K, committed 12800K, reserved 1048576K
}
Event: 2144.634 GC heap before
{Heap before GC invocations=263 (full 93):
 garbage-first heap   total 524288K, used 217159K [0x0000000701800000, 0x0000000800000000)
  region size 2048K, 40 young (81920K), 0 survivors (0K)
 Metaspace       used 92467K, committed 93184K, reserved 1179648K
  class space    used 12440K, committed 12800K, reserved 1048576K
}
Event: 2144.636 GC heap after
{Heap after GC invocations=264 (full 93):
 garbage-first heap   total 524288K, used 138195K [0x0000000701800000, 0x0000000800000000)
  region size 2048K, 1 young (2048K), 1 survivors (2048K)
 Metaspace       used 92467K, committed 93184K, reserved 1179648K
  class space    used 12440K, committed 12800K, reserved 1048576K
}
Event: 2149.344 GC heap before
{Heap before GC invocations=264 (full 93):
 garbage-first heap   total 524288K, used 218067K [0x0000000701800000, 0x0000000800000000)
  region size 2048K, 40 young (81920K), 1 survivors (2048K)
 Metaspace       used 92477K, committed 93184K, reserved 1179648K
  class space    used 12440K, committed 12800K, reserved 1048576K
}
Event: 2149.349 GC heap after
{Heap after GC invocations=265 (full 93):
 garbage-first heap   total 524288K, used 139451K [0x0000000701800000, 0x0000000800000000)
  region size 2048K, 2 young (4096K), 2 survivors (4096K)
 Metaspace       used 92477K, committed 93184K, reserved 1179648K
  class space    used 12440K, committed 12800K, reserved 1048576K
}
Event: 2149.663 GC heap before
{Heap before GC invocations=265 (full 93):
 garbage-first heap   total 524288K, used 217275K [0x0000000701800000, 0x0000000800000000)
  region size 2048K, 40 young (81920K), 2 survivors (4096K)
 Metaspace       used 92498K, committed 93248K, reserved 1179648K
  class space    used 12440K, committed 12800K, reserved 1048576K
}
Event: 2149.666 GC heap after
{Heap after GC invocations=266 (full 93):
 garbage-first heap   total 524288K, used 141690K [0x0000000701800000, 0x0000000800000000)
  region size 2048K, 3 young (6144K), 3 survivors (6144K)
 Metaspace       used 92498K, committed 93248K, reserved 1179648K
  class space    used 12440K, committed 12800K, reserved 1048576K
}
Event: 2159.258 GC heap before
{Heap before GC invocations=266 (full 93):
 garbage-first heap   total 524288K, used 217466K [0x0000000701800000, 0x0000000800000000)
  region size 2048K, 40 young (81920K), 3 survivors (6144K)
 Metaspace       used 92525K, committed 93312K, reserved 1179648K
  class space    used 12440K, committed 12800K, reserved 1048576K
}
Event: 2159.267 GC heap after
{Heap after GC invocations=267 (full 93):
 garbage-first heap   total 524288K, used 142548K [0x0000000701800000, 0x0000000800000000)
  region size 2048K, 3 young (6144K), 3 survivors (6144K)
 Metaspace       used 92525K, committed 93312K, reserved 1179648K
  class space    used 12440K, committed 12800K, reserved 1048576K
}
Event: 2188.243 GC heap before
{Heap before GC invocations=267 (full 93):
 garbage-first heap   total 524288K, used 218324K [0x0000000701800000, 0x0000000800000000)
  region size 2048K, 40 young (81920K), 3 survivors (6144K)
 Metaspace       used 92526K, committed 93312K, reserved 1179648K
  class space    used 12440K, committed 12800K, reserved 1048576K
}
Event: 2188.249 GC heap after
{Heap after GC invocations=268 (full 93):
 garbage-first heap   total 524288K, used 142396K [0x0000000701800000, 0x0000000800000000)
  region size 2048K, 3 young (6144K), 3 survivors (6144K)
 Metaspace       used 92526K, committed 93312K, reserved 1179648K
  class space    used 12440K, committed 12800K, reserved 1048576K
}
Event: 2203.421 GC heap before
{Heap before GC invocations=268 (full 93):
 garbage-first heap   total 524288K, used 218172K [0x0000000701800000, 0x0000000800000000)
  region size 2048K, 40 young (81920K), 3 survivors (6144K)
 Metaspace       used 92549K, committed 93312K, reserved 1179648K
  class space    used 12440K, committed 12800K, reserved 1048576K
}
Event: 2203.427 GC heap after
{Heap after GC invocations=269 (full 93):
 garbage-first heap   total 524288K, used 143174K [0x0000000701800000, 0x0000000800000000)
  region size 2048K, 3 young (6144K), 3 survivors (6144K)
 Metaspace       used 92549K, committed 93312K, reserved 1179648K
  class space    used 12440K, committed 12800K, reserved 1048576K
}

