# JRE version: OpenJDK Runtime Environment Temurin-17.0.7+7 (17.0.7+7) (build 17.0.7+7)
# Java VM: OpenJDK 64-Bit Server VM Temurin-17.0.7+7 (17.0.7+7, mixed mode, sharing, tiered, compressed oops, compressed class ptrs, g1 gc, windows-amd64)
GC Precious Log:
 CPUs: 16 total, 16 available
 Memory: 16003M
 Large Page Support: Disabled
 NUMA Support: Disabled
 Compressed Oops: Enabled (Zero based)
 Heap Region Size: 2M
 Heap Min Capacity: 512M
 Heap Initial Capacity: 512M
 Heap Max Capacity: 4072M
 Pre-touch: Disabled
 Parallel Workers: 13
 Concurrent Workers: 3
 Concurrent Refinement Workers: 13
 Periodic GC: Disabled
 String Deduplication is enabled
Heap:
 garbage-first heap   total 524288K, used 164619K [0x0000000701800000, 0x0000000800000000)
  region size 2048K, 32 young (65536K), 2 survivors (4096K)
 Metaspace       used 86261K, committed 86976K, reserved 1179648K
  class space    used 12115K, committed 12480K, reserved 1048576K
GC Heap History (20 events):
Event: 158.071 GC heap before
{Heap before GC invocations=35 (full 7):
 garbage-first heap   total 524288K, used 114906K [0x0000000701800000, 0x0000000800000000)
  region size 2048K, 3 young (6144K), 0 survivors (0K)
 Metaspace       used 85251K, committed 85888K, reserved 1179648K
  class space    used 12028K, committed 12352K, reserved 1048576K
}
Event: 158.130 GC heap after
{Heap after GC invocations=36 (full 8):
 garbage-first heap   total 524288K, used 94428K [0x0000000701800000, 0x0000000800000000)
  region size 2048K, 0 young (0K), 0 survivors (0K)
 Metaspace       used 85251K, committed 85888K, reserved 1179648K
  class space    used 12028K, committed 12352K, reserved 1048576K
}
Event: 158.211 GC heap before
{Heap before GC invocations=36 (full 8):
 garbage-first heap   total 524288K, used 114908K [0x0000000701800000, 0x0000000800000000)
  region size 2048K, 3 young (6144K), 0 survivors (0K)
 Metaspace       used 85258K, committed 85952K, reserved 1179648K
  class space    used 12028K, committed 12352K, reserved 1048576K
}
Event: 158.247 GC heap after
{Heap after GC invocations=37 (full 9):
 garbage-first heap   total 524288K, used 94416K [0x0000000701800000, 0x0000000800000000)
  region size 2048K, 0 young (0K), 0 survivors (0K)
 Metaspace       used 85258K, committed 85952K, reserved 1179648K
  class space    used 12028K, committed 12352K, reserved 1048576K
}
Event: 158.313 GC heap before
{Heap before GC invocations=37 (full 9):
 garbage-first heap   total 524288K, used 114896K [0x0000000701800000, 0x0000000800000000)
  region size 2048K, 3 young (6144K), 0 survivors (0K)
 Metaspace       used 85259K, committed 85952K, reserved 1179648K
  class space    used 12028K, committed 12352K, reserved 1048576K
}
Event: 158.366 GC heap after
{Heap after GC invocations=38 (full 10):
 garbage-first heap   total 524288K, used 94409K [0x0000000701800000, 0x0000000800000000)
  region size 2048K, 0 young (0K), 0 survivors (0K)
 Metaspace       used 85259K, committed 85952K, reserved 1179648K
  class space    used 12028K, committed 12352K, reserved 1048576K
}
Event: 158.439 GC heap before
{Heap before GC invocations=38 (full 10):
 garbage-first heap   total 524288K, used 118985K [0x0000000701800000, 0x0000000800000000)
  region size 2048K, 5 young (10240K), 0 survivors (0K)
 Metaspace       used 85271K, committed 85952K, reserved 1179648K
  class space    used 12028K, committed 12352K, reserved 1048576K
}
Event: 158.484 GC heap after
{Heap after GC invocations=39 (full 11):
 garbage-first heap   total 524288K, used 94566K [0x0000000701800000, 0x0000000800000000)
  region size 2048K, 0 young (0K), 0 survivors (0K)
 Metaspace       used 85271K, committed 85952K, reserved 1179648K
  class space    used 12028K, committed 12352K, reserved 1048576K
}
Event: 195.418 GC heap before
{Heap before GC invocations=39 (full 11):
 garbage-first heap   total 524288K, used 184678K [0x0000000701800000, 0x0000000800000000)
  region size 2048K, 40 young (81920K), 0 survivors (0K)
 Metaspace       used 85346K, committed 86016K, reserved 1179648K
  class space    used 12029K, committed 12352K, reserved 1048576K
}
Event: 195.421 GC heap after
{Heap after GC invocations=40 (full 11):
 garbage-first heap   total 524288K, used 103661K [0x0000000701800000, 0x0000000800000000)
  region size 2048K, 1 young (2048K), 1 survivors (2048K)
 Metaspace       used 85346K, committed 86016K, reserved 1179648K
  class space    used 12029K, committed 12352K, reserved 1048576K
}
Event: 250.563 GC heap before
{Heap before GC invocations=40 (full 11):
 garbage-first heap   total 524288K, used 183533K [0x0000000701800000, 0x0000000800000000)
  region size 2048K, 40 young (81920K), 1 survivors (2048K)
 Metaspace       used 85527K, committed 86144K, reserved 1179648K
  class space    used 12035K, committed 12352K, reserved 1048576K
}
Event: 250.568 GC heap after
{Heap after GC invocations=41 (full 11):
 garbage-first heap   total 524288K, used 103717K [0x0000000701800000, 0x0000000800000000)
  region size 2048K, 1 young (2048K), 1 survivors (2048K)
 Metaspace       used 85527K, committed 86144K, reserved 1179648K
  class space    used 12035K, committed 12352K, reserved 1048576K
}
Event: 277.501 GC heap before
{Heap before GC invocations=41 (full 11):
 garbage-first heap   total 524288K, used 183589K [0x0000000701800000, 0x0000000800000000)
  region size 2048K, 40 young (81920K), 1 survivors (2048K)
 Metaspace       used 85986K, committed 86720K, reserved 1179648K
  class space    used 12104K, committed 12480K, reserved 1048576K
}
Event: 277.505 GC heap after
{Heap after GC invocations=42 (full 11):
 garbage-first heap   total 524288K, used 104929K [0x0000000701800000, 0x0000000800000000)
  region size 2048K, 2 young (4096K), 2 survivors (4096K)
 Metaspace       used 85986K, committed 86720K, reserved 1179648K
  class space    used 12104K, committed 12480K, reserved 1048576K
}
Event: 317.553 GC heap before
{Heap before GC invocations=42 (full 11):
 garbage-first heap   total 524288K, used 182753K [0x0000000701800000, 0x0000000800000000)
  region size 2048K, 40 young (81920K), 2 survivors (4096K)
 Metaspace       used 86063K, committed 86784K, reserved 1179648K
  class space    used 12104K, committed 12480K, reserved 1048576K
}
Event: 317.558 GC heap after
{Heap after GC invocations=43 (full 11):
 garbage-first heap   total 524288K, used 104486K [0x0000000701800000, 0x0000000800000000)
  region size 2048K, 1 young (2048K), 1 survivors (2048K)
 Metaspace       used 86063K, committed 86784K, reserved 1179648K
  class space    used 12104K, committed 12480K, reserved 1048576K
}
Event: 330.754 GC heap before
{Heap before GC invocations=43 (full 11):
 garbage-first heap   total 524288K, used 184358K [0x0000000701800000, 0x0000000800000000)
  region size 2048K, 40 young (81920K), 1 survivors (2048K)
 Metaspace       used 86129K, committed 86912K, reserved 1179648K
  class space    used 12104K, committed 12480K, reserved 1048576K
}
Event: 330.759 GC heap after
{Heap after GC invocations=44 (full 11):
 garbage-first heap   total 524288K, used 105097K [0x0000000701800000, 0x0000000800000000)
  region size 2048K, 2 young (4096K), 2 survivors (4096K)
 Metaspace       used 86129K, committed 86912K, reserved 1179648K
  class space    used 12104K, committed 12480K, reserved 1048576K
}
Event: 386.546 GC heap before
{Heap before GC invocations=44 (full 11):
 garbage-first heap   total 524288K, used 182921K [0x0000000701800000, 0x0000000800000000)
  region size 2048K, 40 young (81920K), 2 survivors (4096K)
 Metaspace       used 86216K, committed 86976K, reserved 1179648K
  class space    used 12112K, committed 12480K, reserved 1048576K
}
Event: 386.557 GC heap after
{Heap after GC invocations=45 (full 11):
 garbage-first heap   total 524288K, used 105227K [0x0000000701800000, 0x0000000800000000)
  region size 2048K, 2 young (4096K), 2 survivors (4096K)
 Metaspace       used 86216K, committed 86976K, reserved 1179648K
  class space    used 12112K, committed 12480K, reserved 1048576K
}

