# JRE version: OpenJDK Runtime Environment Temurin-17.0.7+7 (17.0.7+7) (build 17.0.7+7)
# Java VM: OpenJDK 64-Bit Server VM Temurin-17.0.7+7 (17.0.7+7, mixed mode, sharing, tiered, compressed oops, compressed class ptrs, g1 gc, windows-amd64)
GC Precious Log:
 CPUs: 16 total, 16 available
 Memory: 16003M
 Large Page Support: Disabled
 NUMA Support: Disabled
 Compressed Oops: Enabled (Zero based)
 Heap Region Size: 2M
 Heap Min Capacity: 512M
 Heap Initial Capacity: 512M
 Heap Max Capacity: 4072M
 Pre-touch: Disabled
 Parallel Workers: 13
 Concurrent Workers: 3
 Concurrent Refinement Workers: 13
 Periodic GC: Disabled
 String Deduplication is enabled
Heap:
 garbage-first heap   total 524288K, used 112846K [0x0000000701800000, 0x0000000800000000)
  region size 2048K, 17 young (34816K), 3 survivors (6144K)
 Metaspace       used 76877K, committed 77504K, reserved 1179648K
  class space    used 10788K, committed 11136K, reserved 1048576K
GC Heap History (20 events):
Event: 7.953 GC heap before
{Heap before GC invocations=11 (full 0):
 garbage-first heap   total 524288K, used 141028K [0x0000000701800000, 0x0000000800000000)
  region size 2048K, 40 young (81920K), 5 survivors (10240K)
 Metaspace       used 53773K, committed 54144K, reserved 1114112K
  class space    used 7181K, committed 7360K, reserved 1048576K
}
Event: 7.960 GC heap after
{Heap after GC invocations=12 (full 0):
 garbage-first heap   total 524288K, used 77646K [0x0000000701800000, 0x0000000800000000)
  region size 2048K, 5 young (10240K), 5 survivors (10240K)
 Metaspace       used 53773K, committed 54144K, reserved 1114112K
  class space    used 7181K, committed 7360K, reserved 1048576K
}
Event: 12.896 GC heap before
{Heap before GC invocations=12 (full 0):
 garbage-first heap   total 524288K, used 106318K [0x0000000701800000, 0x0000000800000000)
  region size 2048K, 21 young (43008K), 5 survivors (10240K)
 Metaspace       used 56224K, committed 56640K, reserved 1114112K
  class space    used 7496K, committed 7744K, reserved 1048576K
}
Event: 12.931 GC heap after
{Heap after GC invocations=13 (full 1):
 garbage-first heap   total 524288K, used 72146K [0x0000000701800000, 0x0000000800000000)
  region size 2048K, 0 young (0K), 0 survivors (0K)
 Metaspace       used 56224K, committed 56640K, reserved 1114112K
  class space    used 7496K, committed 7744K, reserved 1048576K
}
Event: 15.065 GC heap before
{Heap before GC invocations=13 (full 1):
 garbage-first heap   total 524288K, used 154066K [0x0000000701800000, 0x0000000800000000)
  region size 2048K, 40 young (81920K), 0 survivors (0K)
 Metaspace       used 69760K, committed 70144K, reserved 1114112K
  class space    used 10098K, committed 10304K, reserved 1048576K
}
Event: 15.070 GC heap after
{Heap after GC invocations=14 (full 1):
 garbage-first heap   total 524288K, used 81084K [0x0000000701800000, 0x0000000800000000)
  region size 2048K, 5 young (10240K), 5 survivors (10240K)
 Metaspace       used 69760K, committed 70144K, reserved 1114112K
  class space    used 10098K, committed 10304K, reserved 1048576K
}
Event: 15.732 GC heap before
{Heap before GC invocations=14 (full 1):
 garbage-first heap   total 524288K, used 152764K [0x0000000701800000, 0x0000000800000000)
  region size 2048K, 40 young (81920K), 5 survivors (10240K)
 Metaspace       used 70669K, committed 71104K, reserved 1114112K
  class space    used 10207K, committed 10432K, reserved 1048576K
}
Event: 15.737 GC heap after
{Heap after GC invocations=15 (full 1):
 garbage-first heap   total 524288K, used 81327K [0x0000000701800000, 0x0000000800000000)
  region size 2048K, 2 young (4096K), 2 survivors (4096K)
 Metaspace       used 70669K, committed 71104K, reserved 1114112K
  class space    used 10207K, committed 10432K, reserved 1048576K
}
Event: 17.984 GC heap before
{Heap before GC invocations=15 (full 1):
 garbage-first heap   total 524288K, used 159151K [0x0000000701800000, 0x0000000800000000)
  region size 2048K, 40 young (81920K), 2 survivors (4096K)
 Metaspace       used 71936K, committed 72448K, reserved 1114112K
  class space    used 10286K, committed 10560K, reserved 1048576K
}
Event: 17.988 GC heap after
{Heap after GC invocations=16 (full 1):
 garbage-first heap   total 524288K, used 81936K [0x0000000701800000, 0x0000000800000000)
  region size 2048K, 2 young (4096K), 2 survivors (4096K)
 Metaspace       used 71936K, committed 72448K, reserved 1114112K
  class space    used 10286K, committed 10560K, reserved 1048576K
}
Event: 39.898 GC heap before
{Heap before GC invocations=16 (full 1):
 garbage-first heap   total 524288K, used 159760K [0x0000000701800000, 0x0000000800000000)
  region size 2048K, 40 young (81920K), 2 survivors (4096K)
 Metaspace       used 74812K, committed 75392K, reserved 1114112K
  class space    used 10671K, committed 10944K, reserved 1048576K
}
Event: 39.902 GC heap after
{Heap after GC invocations=17 (full 1):
 garbage-first heap   total 524288K, used 84549K [0x0000000701800000, 0x0000000800000000)
  region size 2048K, 3 young (6144K), 3 survivors (6144K)
 Metaspace       used 74812K, committed 75392K, reserved 1114112K
  class space    used 10671K, committed 10944K, reserved 1048576K
}
Event: 56.901 GC heap before
{Heap before GC invocations=17 (full 1):
 garbage-first heap   total 524288K, used 160325K [0x0000000701800000, 0x0000000800000000)
  region size 2048K, 40 young (81920K), 3 survivors (6144K)
 Metaspace       used 75289K, committed 75840K, reserved 1114112K
  class space    used 10682K, committed 10944K, reserved 1048576K
}
Event: 56.905 GC heap after
{Heap after GC invocations=18 (full 1):
 garbage-first heap   total 524288K, used 84981K [0x0000000701800000, 0x0000000800000000)
  region size 2048K, 3 young (6144K), 3 survivors (6144K)
 Metaspace       used 75289K, committed 75840K, reserved 1114112K
  class space    used 10682K, committed 10944K, reserved 1048576K
}
Event: 81.233 GC heap before
{Heap before GC invocations=18 (full 1):
 garbage-first heap   total 524288K, used 160757K [0x0000000701800000, 0x0000000800000000)
  region size 2048K, 40 young (81920K), 3 survivors (6144K)
 Metaspace       used 75910K, committed 76544K, reserved 1179648K
  class space    used 10713K, committed 11008K, reserved 1048576K
}
Event: 81.242 GC heap after
{Heap after GC invocations=19 (full 1):
 garbage-first heap   total 524288K, used 85502K [0x0000000701800000, 0x0000000800000000)
  region size 2048K, 3 young (6144K), 3 survivors (6144K)
 Metaspace       used 75910K, committed 76544K, reserved 1179648K
  class space    used 10713K, committed 11008K, reserved 1048576K
}
Event: 149.956 GC heap before
{Heap before GC invocations=19 (full 1):
 garbage-first heap   total 524288K, used 161278K [0x0000000701800000, 0x0000000800000000)
  region size 2048K, 40 young (81920K), 3 survivors (6144K)
 Metaspace       used 76337K, committed 76992K, reserved 1179648K
  class space    used 10746K, committed 11072K, reserved 1048576K
}
Event: 149.960 GC heap after
{Heap after GC invocations=20 (full 1):
 garbage-first heap   total 524288K, used 86037K [0x0000000701800000, 0x0000000800000000)
  region size 2048K, 3 young (6144K), 3 survivors (6144K)
 Metaspace       used 76337K, committed 76992K, reserved 1179648K
  class space    used 10746K, committed 11072K, reserved 1048576K
}
Event: 167.987 GC heap before
{Heap before GC invocations=20 (full 1):
 garbage-first heap   total 524288K, used 161813K [0x0000000701800000, 0x0000000800000000)
  region size 2048K, 40 young (81920K), 3 survivors (6144K)
 Metaspace       used 76615K, committed 77248K, reserved 1179648K
  class space    used 10754K, committed 11072K, reserved 1048576K
}
Event: 167.997 GC heap after
{Heap after GC invocations=21 (full 1):
 garbage-first heap   total 524288K, used 86222K [0x0000000701800000, 0x0000000800000000)
  region size 2048K, 3 young (6144K), 3 survivors (6144K)
 Metaspace       used 76615K, committed 77248K, reserved 1179648K
  class space    used 10754K, committed 11072K, reserved 1048576K
}

