# JRE version: OpenJDK Runtime Environment Temurin-17.0.7+7 (17.0.7+7) (build 17.0.7+7)
# Java VM: OpenJDK 64-Bit Server VM Temurin-17.0.7+7 (17.0.7+7, mixed mode, sharing, tiered, compressed oops, compressed class ptrs, g1 gc, windows-amd64)
GC Precious Log:
 CPUs: 16 total, 16 available
 Memory: 16003M
 Large Page Support: Disabled
 NUMA Support: Disabled
 Compressed Oops: Enabled (Zero based)
 Heap Region Size: 2M
 Heap Min Capacity: 512M
 Heap Initial Capacity: 512M
 Heap Max Capacity: 4072M
 Pre-touch: Disabled
 Parallel Workers: 13
 Concurrent Workers: 3
 Concurrent Refinement Workers: 13
 Periodic GC: Disabled
 String Deduplication is enabled
Heap:
 garbage-first heap   total 524288K, used 159737K [0x0000000701800000, 0x0000000800000000)
  region size 2048K, 24 young (49152K), 1 survivors (2048K)
 Metaspace       used 87183K, committed 87936K, reserved 1179648K
  class space    used 11750K, committed 12096K, reserved 1048576K
GC Heap History (20 events):
Event: 1114.135 GC heap before
{Heap before GC invocations=137 (full 70):
 garbage-first heap   total 524288K, used 139828K [0x0000000701800000, 0x0000000800000000)
  region size 2048K, 2 young (4096K), 0 survivors (0K)
 Metaspace       used 87097K, committed 87744K, reserved 1179648K
  class space    used 11750K, committed 12096K, reserved 1048576K
}
Event: 1114.188 GC heap after
{Heap after GC invocations=138 (full 71):
 garbage-first heap   total 524288K, used 113204K [0x0000000701800000, 0x0000000800000000)
  region size 2048K, 0 young (0K), 0 survivors (0K)
 Metaspace       used 87097K, committed 87744K, reserved 1179648K
  class space    used 11750K, committed 12096K, reserved 1048576K
}
Event: 1114.264 GC heap before
{Heap before GC invocations=138 (full 71):
 garbage-first heap   total 524288K, used 123444K [0x0000000701800000, 0x0000000800000000)
  region size 2048K, 2 young (4096K), 0 survivors (0K)
 Metaspace       used 87103K, committed 87808K, reserved 1179648K
  class space    used 11750K, committed 12096K, reserved 1048576K
}
Event: 1114.346 GC heap after
{Heap after GC invocations=139 (full 72):
 garbage-first heap   total 524288K, used 113206K [0x0000000701800000, 0x0000000800000000)
  region size 2048K, 0 young (0K), 0 survivors (0K)
 Metaspace       used 87103K, committed 87808K, reserved 1179648K
  class space    used 11750K, committed 12096K, reserved 1048576K
}
Event: 1114.390 GC heap before
{Heap before GC invocations=139 (full 72):
 garbage-first heap   total 524288K, used 139830K [0x0000000701800000, 0x0000000800000000)
  region size 2048K, 2 young (4096K), 0 survivors (0K)
 Metaspace       used 87103K, committed 87808K, reserved 1179648K
  class space    used 11750K, committed 12096K, reserved 1048576K
}
Event: 1114.447 GC heap after
{Heap after GC invocations=140 (full 73):
 garbage-first heap   total 524288K, used 113205K [0x0000000701800000, 0x0000000800000000)
  region size 2048K, 0 young (0K), 0 survivors (0K)
 Metaspace       used 87103K, committed 87808K, reserved 1179648K
  class space    used 11750K, committed 12096K, reserved 1048576K
}
Event: 1114.502 GC heap before
{Heap before GC invocations=140 (full 73):
 garbage-first heap   total 524288K, used 139829K [0x0000000701800000, 0x0000000800000000)
  region size 2048K, 2 young (4096K), 0 survivors (0K)
 Metaspace       used 87103K, committed 87872K, reserved 1179648K
  class space    used 11750K, committed 12096K, reserved 1048576K
}
Event: 1114.575 GC heap after
{Heap after GC invocations=141 (full 74):
 garbage-first heap   total 524288K, used 113204K [0x0000000701800000, 0x0000000800000000)
  region size 2048K, 0 young (0K), 0 survivors (0K)
 Metaspace       used 87103K, committed 87872K, reserved 1179648K
  class space    used 11750K, committed 12096K, reserved 1048576K
}
Event: 1114.717 GC heap before
{Heap before GC invocations=141 (full 74):
 garbage-first heap   total 524288K, used 139828K [0x0000000701800000, 0x0000000800000000)
  region size 2048K, 2 young (4096K), 0 survivors (0K)
 Metaspace       used 87106K, committed 87872K, reserved 1179648K
  class space    used 11750K, committed 12096K, reserved 1048576K
}
Event: 1114.782 GC heap after
{Heap after GC invocations=142 (full 75):
 garbage-first heap   total 524288K, used 113201K [0x0000000701800000, 0x0000000800000000)
  region size 2048K, 0 young (0K), 0 survivors (0K)
 Metaspace       used 87106K, committed 87872K, reserved 1179648K
  class space    used 11750K, committed 12096K, reserved 1048576K
}
Event: 1114.817 GC heap before
{Heap before GC invocations=142 (full 75):
 garbage-first heap   total 524288K, used 139825K [0x0000000701800000, 0x0000000800000000)
  region size 2048K, 2 young (4096K), 0 survivors (0K)
 Metaspace       used 87106K, committed 87872K, reserved 1179648K
  class space    used 11750K, committed 12096K, reserved 1048576K
}
Event: 1114.885 GC heap after
{Heap after GC invocations=143 (full 76):
 garbage-first heap   total 524288K, used 113203K [0x0000000701800000, 0x0000000800000000)
  region size 2048K, 0 young (0K), 0 survivors (0K)
 Metaspace       used 87106K, committed 87872K, reserved 1179648K
  class space    used 11750K, committed 12096K, reserved 1048576K
}
Event: 1115.040 GC heap before
{Heap before GC invocations=143 (full 76):
 garbage-first heap   total 524288K, used 115251K [0x0000000701800000, 0x0000000800000000)
  region size 2048K, 2 young (4096K), 0 survivors (0K)
 Metaspace       used 87108K, committed 87872K, reserved 1179648K
  class space    used 11750K, committed 12096K, reserved 1048576K
}
Event: 1115.094 GC heap after
{Heap after GC invocations=144 (full 77):
 garbage-first heap   total 524288K, used 113205K [0x0000000701800000, 0x0000000800000000)
  region size 2048K, 0 young (0K), 0 survivors (0K)
 Metaspace       used 87108K, committed 87872K, reserved 1179648K
  class space    used 11750K, committed 12096K, reserved 1048576K
}
Event: 1115.294 GC heap before
{Heap before GC invocations=144 (full 77):
 garbage-first heap   total 524288K, used 131637K [0x0000000701800000, 0x0000000800000000)
  region size 2048K, 2 young (4096K), 0 survivors (0K)
 Metaspace       used 87108K, committed 87872K, reserved 1179648K
  class space    used 11750K, committed 12096K, reserved 1048576K
}
Event: 1115.351 GC heap after
{Heap after GC invocations=145 (full 78):
 garbage-first heap   total 524288K, used 113203K [0x0000000701800000, 0x0000000800000000)
  region size 2048K, 0 young (0K), 0 survivors (0K)
 Metaspace       used 87108K, committed 87872K, reserved 1179648K
  class space    used 11750K, committed 12096K, reserved 1048576K
}
Event: 1118.514 GC heap before
{Heap before GC invocations=145 (full 78):
 garbage-first heap   total 524288K, used 119347K [0x0000000701800000, 0x0000000800000000)
  region size 2048K, 4 young (8192K), 0 survivors (0K)
 Metaspace       used 87115K, committed 87872K, reserved 1179648K
  class space    used 11750K, committed 12096K, reserved 1048576K
}
Event: 1118.574 GC heap after
{Heap after GC invocations=146 (full 79):
 garbage-first heap   total 524288K, used 113235K [0x0000000701800000, 0x0000000800000000)
  region size 2048K, 0 young (0K), 0 survivors (0K)
 Metaspace       used 87115K, committed 87872K, reserved 1179648K
  class space    used 11750K, committed 12096K, reserved 1048576K
}
Event: 1141.673 GC heap before
{Heap before GC invocations=146 (full 79):
 garbage-first heap   total 524288K, used 195155K [0x0000000701800000, 0x0000000800000000)
  region size 2048K, 40 young (81920K), 0 survivors (0K)
 Metaspace       used 87147K, committed 87872K, reserved 1179648K
  class space    used 11750K, committed 12096K, reserved 1048576K
}
Event: 1141.676 GC heap after
{Heap after GC invocations=147 (full 79):
 garbage-first heap   total 524288K, used 114681K [0x0000000701800000, 0x0000000800000000)
  region size 2048K, 1 young (2048K), 1 survivors (2048K)
 Metaspace       used 87147K, committed 87872K, reserved 1179648K
  class space    used 11750K, committed 12096K, reserved 1048576K
}

