# JRE version: OpenJDK Runtime Environment Temurin-17.0.7+7 (17.0.7+7) (build 17.0.7+7)
# Java VM: OpenJDK 64-Bit Server VM Temurin-17.0.7+7 (17.0.7+7, mixed mode, sharing, tiered, compressed oops, compressed class ptrs, g1 gc, windows-amd64)
GC Precious Log:
 CPUs: 16 total, 16 available
 Memory: 16003M
 Large Page Support: Disabled
 NUMA Support: Disabled
 Compressed Oops: Enabled (Zero based)
 Heap Region Size: 2M
 Heap Min Capacity: 512M
 Heap Initial Capacity: 512M
 Heap Max Capacity: 4072M
 Pre-touch: Disabled
 Parallel Workers: 13
 Concurrent Workers: 3
 Concurrent Refinement Workers: 13
 Periodic GC: Disabled
 String Deduplication is enabled
Heap:
 garbage-first heap   total 524288K, used 118552K [0x0000000701800000, 0x0000000800000000)
  region size 2048K, 11 young (22528K), 2 survivors (4096K)
 Metaspace       used 90974K, committed 91648K, reserved 1179648K
  class space    used 12470K, committed 12800K, reserved 1048576K
GC Heap History (20 events):
Event: 339.770 GC heap before
{Heap before GC invocations=72 (full 16):
 garbage-first heap   total 524288K, used 172780K [0x0000000701800000, 0x0000000800000000)
  region size 2048K, 40 young (81920K), 1 survivors (2048K)
 Metaspace       used 90372K, committed 91072K, reserved 1179648K
  class space    used 12459K, committed 12800K, reserved 1048576K
}
Event: 339.771 GC heap after
{Heap after GC invocations=73 (full 16):
 garbage-first heap   total 524288K, used 92534K [0x0000000701800000, 0x0000000800000000)
  region size 2048K, 1 young (2048K), 1 survivors (2048K)
 Metaspace       used 90372K, committed 91072K, reserved 1179648K
  class space    used 12459K, committed 12800K, reserved 1048576K
}
Event: 343.417 GC heap before
{Heap before GC invocations=73 (full 16):
 garbage-first heap   total 524288K, used 172406K [0x0000000701800000, 0x0000000800000000)
  region size 2048K, 40 young (81920K), 1 survivors (2048K)
 Metaspace       used 90437K, committed 91136K, reserved 1179648K
  class space    used 12462K, committed 12800K, reserved 1048576K
}
Event: 343.419 GC heap after
{Heap after GC invocations=74 (full 16):
 garbage-first heap   total 524288K, used 94766K [0x0000000701800000, 0x0000000800000000)
  region size 2048K, 2 young (4096K), 2 survivors (4096K)
 Metaspace       used 90437K, committed 91136K, reserved 1179648K
  class space    used 12462K, committed 12800K, reserved 1048576K
}
Event: 344.901 GC heap before
{Heap before GC invocations=74 (full 16):
 garbage-first heap   total 524288K, used 172590K [0x0000000701800000, 0x0000000800000000)
  region size 2048K, 40 young (81920K), 2 survivors (4096K)
 Metaspace       used 90501K, committed 91200K, reserved 1179648K
  class space    used 12462K, committed 12800K, reserved 1048576K
}
Event: 344.904 GC heap after
{Heap after GC invocations=75 (full 16):
 garbage-first heap   total 524288K, used 95143K [0x0000000701800000, 0x0000000800000000)
  region size 2048K, 2 young (4096K), 2 survivors (4096K)
 Metaspace       used 90501K, committed 91200K, reserved 1179648K
  class space    used 12462K, committed 12800K, reserved 1048576K
}
Event: 389.989 GC heap before
{Heap before GC invocations=75 (full 16):
 garbage-first heap   total 524288K, used 172967K [0x0000000701800000, 0x0000000800000000)
  region size 2048K, 40 young (81920K), 2 survivors (4096K)
 Metaspace       used 90578K, committed 91264K, reserved 1179648K
  class space    used 12462K, committed 12800K, reserved 1048576K
}
Event: 389.992 GC heap after
{Heap after GC invocations=76 (full 16):
 garbage-first heap   total 524288K, used 95938K [0x0000000701800000, 0x0000000800000000)
  region size 2048K, 3 young (6144K), 3 survivors (6144K)
 Metaspace       used 90578K, committed 91264K, reserved 1179648K
  class space    used 12462K, committed 12800K, reserved 1048576K
}
Event: 437.459 GC heap before
{Heap before GC invocations=76 (full 16):
 garbage-first heap   total 524288K, used 171714K [0x0000000701800000, 0x0000000800000000)
  region size 2048K, 40 young (81920K), 3 survivors (6144K)
 Metaspace       used 90671K, committed 91328K, reserved 1179648K
  class space    used 12463K, committed 12800K, reserved 1048576K
}
Event: 437.466 GC heap after
{Heap after GC invocations=77 (full 16):
 garbage-first heap   total 524288K, used 97305K [0x0000000701800000, 0x0000000800000000)
  region size 2048K, 3 young (6144K), 3 survivors (6144K)
 Metaspace       used 90671K, committed 91328K, reserved 1179648K
  class space    used 12463K, committed 12800K, reserved 1048576K
}
Event: 439.122 GC heap before
{Heap before GC invocations=77 (full 16):
 garbage-first heap   total 524288K, used 173081K [0x0000000701800000, 0x0000000800000000)
  region size 2048K, 40 young (81920K), 3 survivors (6144K)
 Metaspace       used 90737K, committed 91456K, reserved 1179648K
  class space    used 12464K, committed 12800K, reserved 1048576K
}
Event: 439.130 GC heap after
{Heap after GC invocations=78 (full 16):
 garbage-first heap   total 524288K, used 100851K [0x0000000701800000, 0x0000000800000000)
  region size 2048K, 5 young (10240K), 5 survivors (10240K)
 Metaspace       used 90737K, committed 91456K, reserved 1179648K
  class space    used 12464K, committed 12800K, reserved 1048576K
}
Event: 439.438 GC heap before
{Heap before GC invocations=78 (full 16):
 garbage-first heap   total 524288K, used 172531K [0x0000000701800000, 0x0000000800000000)
  region size 2048K, 40 young (81920K), 5 survivors (10240K)
 Metaspace       used 90778K, committed 91456K, reserved 1179648K
  class space    used 12464K, committed 12800K, reserved 1048576K
}
Event: 439.444 GC heap after
{Heap after GC invocations=79 (full 16):
 garbage-first heap   total 524288K, used 101889K [0x0000000701800000, 0x0000000800000000)
  region size 2048K, 3 young (6144K), 3 survivors (6144K)
 Metaspace       used 90778K, committed 91456K, reserved 1179648K
  class space    used 12464K, committed 12800K, reserved 1048576K
}
Event: 448.621 GC heap before
{Heap before GC invocations=79 (full 16):
 garbage-first heap   total 524288K, used 177665K [0x0000000701800000, 0x0000000800000000)
  region size 2048K, 40 young (81920K), 3 survivors (6144K)
 Metaspace       used 90825K, committed 91520K, reserved 1179648K
  class space    used 12469K, committed 12800K, reserved 1048576K
}
Event: 448.624 GC heap after
{Heap after GC invocations=80 (full 16):
 garbage-first heap   total 524288K, used 101551K [0x0000000701800000, 0x0000000800000000)
  region size 2048K, 3 young (6144K), 3 survivors (6144K)
 Metaspace       used 90825K, committed 91520K, reserved 1179648K
  class space    used 12469K, committed 12800K, reserved 1048576K
}
Event: 457.435 GC heap before
{Heap before GC invocations=80 (full 16):
 garbage-first heap   total 524288K, used 177327K [0x0000000701800000, 0x0000000800000000)
  region size 2048K, 40 young (81920K), 3 survivors (6144K)
 Metaspace       used 90893K, committed 91584K, reserved 1179648K
  class space    used 12469K, committed 12800K, reserved 1048576K
}
Event: 457.440 GC heap after
{Heap after GC invocations=81 (full 16):
 garbage-first heap   total 524288K, used 102056K [0x0000000701800000, 0x0000000800000000)
  region size 2048K, 3 young (6144K), 3 survivors (6144K)
 Metaspace       used 90893K, committed 91584K, reserved 1179648K
  class space    used 12469K, committed 12800K, reserved 1048576K
}
Event: 560.009 GC heap before
{Heap before GC invocations=81 (full 16):
 garbage-first heap   total 524288K, used 177832K [0x0000000701800000, 0x0000000800000000)
  region size 2048K, 40 young (81920K), 3 survivors (6144K)
 Metaspace       used 90938K, committed 91584K, reserved 1179648K
  class space    used 12469K, committed 12800K, reserved 1048576K
}
Event: 560.014 GC heap after
{Heap after GC invocations=82 (full 16):
 garbage-first heap   total 524288K, used 102168K [0x0000000701800000, 0x0000000800000000)
  region size 2048K, 2 young (4096K), 2 survivors (4096K)
 Metaspace       used 90938K, committed 91584K, reserved 1179648K
  class space    used 12469K, committed 12800K, reserved 1048576K
}

