# JRE version: OpenJDK Runtime Environment Temurin-17.0.7+7 (17.0.7+7) (build 17.0.7+7)
# Java VM: OpenJDK 64-Bit Server VM Temurin-17.0.7+7 (17.0.7+7, mixed mode, sharing, tiered, compressed oops, compressed class ptrs, g1 gc, windows-amd64)
GC Precious Log:
 CPUs: 16 total, 16 available
 Memory: 16003M
 Large Page Support: Disabled
 NUMA Support: Disabled
 Compressed Oops: Enabled (Zero based)
 Heap Region Size: 2M
 Heap Min Capacity: 512M
 Heap Initial Capacity: 512M
 Heap Max Capacity: 4072M
 Pre-touch: Disabled
 Parallel Workers: 13
 Concurrent Workers: 3
 Concurrent Refinement Workers: 13
 Periodic GC: Disabled
 String Deduplication is enabled
Heap:
 garbage-first heap   total 524288K, used 143177K [0x0000000701800000, 0x0000000800000000)
  region size 2048K, 20 young (40960K), 3 survivors (6144K)
 Metaspace       used 91029K, committed 91776K, reserved 1179648K
  class space    used 12466K, committed 12800K, reserved 1048576K
GC Heap History (20 events):
Event: 781.368 GC heap before
{Heap before GC invocations=93 (full 16):
 garbage-first heap   total 524288K, used 203014K [0x0000000701800000, 0x0000000800000000)
  region size 2048K, 40 young (81920K), 0 survivors (0K)
 Metaspace       used 90457K, committed 91200K, reserved 1179648K
  class space    used 12445K, committed 12800K, reserved 1048576K
}
Event: 781.371 GC heap after
{Heap after GC invocations=94 (full 16):
 garbage-first heap   total 524288K, used 122531K [0x0000000701800000, 0x0000000800000000)
  region size 2048K, 1 young (2048K), 1 survivors (2048K)
 Metaspace       used 90457K, committed 91200K, reserved 1179648K
  class space    used 12445K, committed 12800K, reserved 1048576K
}
Event: 798.373 GC heap before
{Heap before GC invocations=94 (full 16):
 garbage-first heap   total 524288K, used 202403K [0x0000000701800000, 0x0000000800000000)
  region size 2048K, 40 young (81920K), 1 survivors (2048K)
 Metaspace       used 90512K, committed 91200K, reserved 1179648K
  class space    used 12445K, committed 12800K, reserved 1048576K
}
Event: 798.378 GC heap after
{Heap after GC invocations=95 (full 16):
 garbage-first heap   total 524288K, used 108059K [0x0000000701800000, 0x0000000800000000)
  region size 2048K, 2 young (4096K), 2 survivors (4096K)
 Metaspace       used 90512K, committed 91200K, reserved 1179648K
  class space    used 12445K, committed 12800K, reserved 1048576K
}
Event: 809.058 GC heap before
{Heap before GC invocations=95 (full 16):
 garbage-first heap   total 524288K, used 185883K [0x0000000701800000, 0x0000000800000000)
  region size 2048K, 40 young (81920K), 2 survivors (4096K)
 Metaspace       used 90609K, committed 91328K, reserved 1179648K
  class space    used 12450K, committed 12800K, reserved 1048576K
}
Event: 809.062 GC heap after
{Heap after GC invocations=96 (full 16):
 garbage-first heap   total 524288K, used 108700K [0x0000000701800000, 0x0000000800000000)
  region size 2048K, 2 young (4096K), 2 survivors (4096K)
 Metaspace       used 90609K, committed 91328K, reserved 1179648K
  class space    used 12450K, committed 12800K, reserved 1048576K
}
Event: 816.688 GC heap before
{Heap before GC invocations=96 (full 16):
 garbage-first heap   total 524288K, used 186524K [0x0000000701800000, 0x0000000800000000)
  region size 2048K, 40 young (81920K), 2 survivors (4096K)
 Metaspace       used 90665K, committed 91328K, reserved 1179648K
  class space    used 12455K, committed 12800K, reserved 1048576K
}
Event: 816.692 GC heap after
{Heap after GC invocations=97 (full 16):
 garbage-first heap   total 524288K, used 108657K [0x0000000701800000, 0x0000000800000000)
  region size 2048K, 2 young (4096K), 2 survivors (4096K)
 Metaspace       used 90665K, committed 91328K, reserved 1179648K
  class space    used 12455K, committed 12800K, reserved 1048576K
}
Event: 848.635 GC heap before
{Heap before GC invocations=97 (full 16):
 garbage-first heap   total 524288K, used 186481K [0x0000000701800000, 0x0000000800000000)
  region size 2048K, 40 young (81920K), 2 survivors (4096K)
 Metaspace       used 90833K, committed 91584K, reserved 1179648K
  class space    used 12463K, committed 12800K, reserved 1048576K
}
Event: 848.645 GC heap after
{Heap after GC invocations=98 (full 16):
 garbage-first heap   total 524288K, used 109210K [0x0000000701800000, 0x0000000800000000)
  region size 2048K, 3 young (6144K), 3 survivors (6144K)
 Metaspace       used 90833K, committed 91584K, reserved 1179648K
  class space    used 12463K, committed 12800K, reserved 1048576K
}
Event: 870.463 GC heap before
{Heap before GC invocations=98 (full 16):
 garbage-first heap   total 524288K, used 184986K [0x0000000701800000, 0x0000000800000000)
  region size 2048K, 40 young (81920K), 3 survivors (6144K)
 Metaspace       used 90908K, committed 91648K, reserved 1179648K
  class space    used 12463K, committed 12800K, reserved 1048576K
}
Event: 870.467 GC heap after
{Heap after GC invocations=99 (full 16):
 garbage-first heap   total 524288K, used 110146K [0x0000000701800000, 0x0000000800000000)
  region size 2048K, 3 young (6144K), 3 survivors (6144K)
 Metaspace       used 90908K, committed 91648K, reserved 1179648K
  class space    used 12463K, committed 12800K, reserved 1048576K
}
Event: 948.071 GC heap before
{Heap before GC invocations=99 (full 16):
 garbage-first heap   total 524288K, used 185922K [0x0000000701800000, 0x0000000800000000)
  region size 2048K, 40 young (81920K), 3 survivors (6144K)
 Metaspace       used 90915K, committed 91648K, reserved 1179648K
  class space    used 12463K, committed 12800K, reserved 1048576K
}
Event: 948.076 GC heap after
{Heap after GC invocations=100 (full 16):
 garbage-first heap   total 524288K, used 109450K [0x0000000701800000, 0x0000000800000000)
  region size 2048K, 3 young (6144K), 3 survivors (6144K)
 Metaspace       used 90915K, committed 91648K, reserved 1179648K
  class space    used 12463K, committed 12800K, reserved 1048576K
}
Event: 952.321 GC heap before
{Heap before GC invocations=100 (full 16):
 garbage-first heap   total 524288K, used 185226K [0x0000000701800000, 0x0000000800000000)
  region size 2048K, 40 young (81920K), 3 survivors (6144K)
 Metaspace       used 90939K, committed 91648K, reserved 1179648K
  class space    used 12463K, committed 12800K, reserved 1048576K
}
Event: 952.325 GC heap after
{Heap after GC invocations=101 (full 16):
 garbage-first heap   total 524288K, used 109255K [0x0000000701800000, 0x0000000800000000)
  region size 2048K, 3 young (6144K), 3 survivors (6144K)
 Metaspace       used 90939K, committed 91648K, reserved 1179648K
  class space    used 12463K, committed 12800K, reserved 1048576K
}
Event: 979.504 GC heap before
{Heap before GC invocations=101 (full 16):
 garbage-first heap   total 524288K, used 185031K [0x0000000701800000, 0x0000000800000000)
  region size 2048K, 40 young (81920K), 3 survivors (6144K)
 Metaspace       used 90983K, committed 91712K, reserved 1179648K
  class space    used 12466K, committed 12800K, reserved 1048576K
}
Event: 979.510 GC heap after
{Heap after GC invocations=102 (full 16):
 garbage-first heap   total 524288K, used 109956K [0x0000000701800000, 0x0000000800000000)
  region size 2048K, 3 young (6144K), 3 survivors (6144K)
 Metaspace       used 90983K, committed 91712K, reserved 1179648K
  class space    used 12466K, committed 12800K, reserved 1048576K
}
Event: 994.841 GC heap before
{Heap before GC invocations=102 (full 16):
 garbage-first heap   total 524288K, used 185732K [0x0000000701800000, 0x0000000800000000)
  region size 2048K, 40 young (81920K), 3 survivors (6144K)
 Metaspace       used 91013K, committed 91712K, reserved 1179648K
  class space    used 12466K, committed 12800K, reserved 1048576K
}
Event: 994.847 GC heap after
{Heap after GC invocations=103 (full 16):
 garbage-first heap   total 524288K, used 110409K [0x0000000701800000, 0x0000000800000000)
  region size 2048K, 3 young (6144K), 3 survivors (6144K)
 Metaspace       used 91013K, committed 91712K, reserved 1179648K
  class space    used 12466K, committed 12800K, reserved 1048576K
}

