# JRE version: OpenJDK Runtime Environment Temurin-17.0.7+7 (17.0.7+7) (build 17.0.7+7)
# Java VM: OpenJDK 64-Bit Server VM Temurin-17.0.7+7 (17.0.7+7, mixed mode, sharing, tiered, compressed oops, compressed class ptrs, g1 gc, windows-amd64)
GC Precious Log:
 CPUs: 16 total, 16 available
 Memory: 16003M
 Large Page Support: Disabled
 NUMA Support: Disabled
 Compressed Oops: Enabled (Zero based)
 Heap Region Size: 2M
 Heap Min Capacity: 512M
 Heap Initial Capacity: 512M
 Heap Max Capacity: 4072M
 Pre-touch: Disabled
 Parallel Workers: 13
 Concurrent Workers: 3
 Concurrent Refinement Workers: 13
 Periodic GC: Disabled
 String Deduplication is enabled
Heap:
 garbage-first heap   total 524288K, used 157207K [0x0000000701800000, 0x0000000800000000)
  region size 2048K, 32 young (65536K), 2 survivors (4096K)
 Metaspace       used 85881K, committed 86528K, reserved 1179648K
  class space    used 11730K, committed 12032K, reserved 1048576K
GC Heap History (20 events):
Event: 392.696 GC heap before
{Heap before GC invocations=50 (full 2):
 garbage-first heap   total 524288K, used 146917K [0x0000000701800000, 0x0000000800000000)
  region size 2048K, 32 young (65536K), 4 survivors (8192K)
 Metaspace       used 84822K, committed 85440K, reserved 1179648K
  class space    used 11698K, committed 11968K, reserved 1048576K
}
Event: 392.748 GC heap after
{Heap after GC invocations=51 (full 3):
 garbage-first heap   total 524288K, used 85886K [0x0000000701800000, 0x0000000800000000)
  region size 2048K, 0 young (0K), 0 survivors (0K)
 Metaspace       used 84822K, committed 85440K, reserved 1179648K
  class space    used 11698K, committed 11968K, reserved 1048576K
}
Event: 439.496 GC heap before
{Heap before GC invocations=51 (full 3):
 garbage-first heap   total 524288K, used 167806K [0x0000000701800000, 0x0000000800000000)
  region size 2048K, 40 young (81920K), 0 survivors (0K)
 Metaspace       used 85044K, committed 85632K, reserved 1179648K
  class space    used 11712K, committed 12032K, reserved 1048576K
}
Event: 439.500 GC heap after
{Heap after GC invocations=52 (full 3):
 garbage-first heap   total 524288K, used 88943K [0x0000000701800000, 0x0000000800000000)
  region size 2048K, 2 young (4096K), 2 survivors (4096K)
 Metaspace       used 85044K, committed 85632K, reserved 1179648K
  class space    used 11712K, committed 12032K, reserved 1048576K
}
Event: 472.512 GC heap before
{Heap before GC invocations=52 (full 3):
 garbage-first heap   total 524288K, used 166767K [0x0000000701800000, 0x0000000800000000)
  region size 2048K, 40 young (81920K), 2 survivors (4096K)
 Metaspace       used 85171K, committed 85824K, reserved 1179648K
  class space    used 11712K, committed 12032K, reserved 1048576K
}
Event: 472.518 GC heap after
{Heap after GC invocations=53 (full 3):
 garbage-first heap   total 524288K, used 89327K [0x0000000701800000, 0x0000000800000000)
  region size 2048K, 2 young (4096K), 2 survivors (4096K)
 Metaspace       used 85171K, committed 85824K, reserved 1179648K
  class space    used 11712K, committed 12032K, reserved 1048576K
}
Event: 488.874 GC heap before
{Heap before GC invocations=53 (full 3):
 garbage-first heap   total 524288K, used 167151K [0x0000000701800000, 0x0000000800000000)
  region size 2048K, 40 young (81920K), 2 survivors (4096K)
 Metaspace       used 85386K, committed 86016K, reserved 1179648K
  class space    used 11713K, committed 12032K, reserved 1048576K
}
Event: 488.879 GC heap after
{Heap after GC invocations=54 (full 3):
 garbage-first heap   total 524288K, used 90920K [0x0000000701800000, 0x0000000800000000)
  region size 2048K, 3 young (6144K), 3 survivors (6144K)
 Metaspace       used 85386K, committed 86016K, reserved 1179648K
  class space    used 11713K, committed 12032K, reserved 1048576K
}
Event: 526.841 GC heap before
{Heap before GC invocations=54 (full 3):
 garbage-first heap   total 524288K, used 166696K [0x0000000701800000, 0x0000000800000000)
  region size 2048K, 40 young (81920K), 3 survivors (6144K)
 Metaspace       used 85483K, committed 86080K, reserved 1179648K
  class space    used 11713K, committed 12032K, reserved 1048576K
}
Event: 526.847 GC heap after
{Heap after GC invocations=55 (full 3):
 garbage-first heap   total 524288K, used 92329K [0x0000000701800000, 0x0000000800000000)
  region size 2048K, 4 young (8192K), 4 survivors (8192K)
 Metaspace       used 85483K, committed 86080K, reserved 1179648K
  class space    used 11713K, committed 12032K, reserved 1048576K
}
Event: 527.122 GC heap before
{Heap before GC invocations=55 (full 3):
 garbage-first heap   total 524288K, used 166057K [0x0000000701800000, 0x0000000800000000)
  region size 2048K, 40 young (81920K), 4 survivors (8192K)
 Metaspace       used 85581K, committed 86208K, reserved 1179648K
  class space    used 11713K, committed 12032K, reserved 1048576K
}
Event: 527.130 GC heap after
{Heap after GC invocations=56 (full 3):
 garbage-first heap   total 524288K, used 94759K [0x0000000701800000, 0x0000000800000000)
  region size 2048K, 4 young (8192K), 4 survivors (8192K)
 Metaspace       used 85581K, committed 86208K, reserved 1179648K
  class space    used 11713K, committed 12032K, reserved 1048576K
}
Event: 527.348 GC heap before
{Heap before GC invocations=56 (full 3):
 garbage-first heap   total 524288K, used 168487K [0x0000000701800000, 0x0000000800000000)
  region size 2048K, 40 young (81920K), 4 survivors (8192K)
 Metaspace       used 85590K, committed 86208K, reserved 1179648K
  class space    used 11713K, committed 12032K, reserved 1048576K
}
Event: 527.355 GC heap after
{Heap after GC invocations=57 (full 3):
 garbage-first heap   total 524288K, used 95252K [0x0000000701800000, 0x0000000800000000)
  region size 2048K, 2 young (4096K), 2 survivors (4096K)
 Metaspace       used 85590K, committed 86208K, reserved 1179648K
  class space    used 11713K, committed 12032K, reserved 1048576K
}
Event: 531.972 GC heap before
{Heap before GC invocations=57 (full 3):
 garbage-first heap   total 524288K, used 173076K [0x0000000701800000, 0x0000000800000000)
  region size 2048K, 40 young (81920K), 2 survivors (4096K)
 Metaspace       used 85652K, committed 86272K, reserved 1179648K
  class space    used 11715K, committed 12032K, reserved 1048576K
}
Event: 531.980 GC heap after
{Heap after GC invocations=58 (full 3):
 garbage-first heap   total 524288K, used 97108K [0x0000000701800000, 0x0000000800000000)
  region size 2048K, 3 young (6144K), 3 survivors (6144K)
 Metaspace       used 85652K, committed 86272K, reserved 1179648K
  class space    used 11715K, committed 12032K, reserved 1048576K
}
Event: 548.256 GC heap before
{Heap before GC invocations=58 (full 3):
 garbage-first heap   total 524288K, used 172884K [0x0000000701800000, 0x0000000800000000)
  region size 2048K, 40 young (81920K), 3 survivors (6144K)
 Metaspace       used 85788K, committed 86464K, reserved 1179648K
  class space    used 11715K, committed 12032K, reserved 1048576K
}
Event: 548.262 GC heap after
{Heap after GC invocations=59 (full 3):
 garbage-first heap   total 524288K, used 98169K [0x0000000701800000, 0x0000000800000000)
  region size 2048K, 3 young (6144K), 3 survivors (6144K)
 Metaspace       used 85788K, committed 86464K, reserved 1179648K
  class space    used 11715K, committed 12032K, reserved 1048576K
}
Event: 611.632 GC heap before
{Heap before GC invocations=59 (full 3):
 garbage-first heap   total 524288K, used 173945K [0x0000000701800000, 0x0000000800000000)
  region size 2048K, 40 young (81920K), 3 survivors (6144K)
 Metaspace       used 85799K, committed 86464K, reserved 1179648K
  class space    used 11715K, committed 12032K, reserved 1048576K
}
Event: 611.643 GC heap after
{Heap after GC invocations=60 (full 3):
 garbage-first heap   total 524288K, used 97815K [0x0000000701800000, 0x0000000800000000)
  region size 2048K, 2 young (4096K), 2 survivors (4096K)
 Metaspace       used 85799K, committed 86464K, reserved 1179648K
  class space    used 11715K, committed 12032K, reserved 1048576K
}

