# JRE version: OpenJDK Runtime Environment Temurin-17.0.7+7 (17.0.7+7) (build 17.0.7+7)
# Java VM: OpenJDK 64-Bit Server VM Temurin-17.0.7+7 (17.0.7+7, mixed mode, sharing, tiered, compressed oops, compressed class ptrs, g1 gc, windows-amd64)
GC Precious Log:
 CPUs: 16 total, 16 available
 Memory: 16003M
 Large Page Support: Disabled
 NUMA Support: Disabled
 Compressed Oops: Enabled (Zero based)
 Heap Region Size: 2M
 Heap Min Capacity: 512M
 Heap Initial Capacity: 512M
 Heap Max Capacity: 4072M
 Pre-touch: Disabled
 Parallel Workers: 13
 Concurrent Workers: 3
 Concurrent Refinement Workers: 13
 Periodic GC: Disabled
 String Deduplication is enabled
Heap:
 garbage-first heap   total 1038336K, used 148102K [0x0000000701800000, 0x0000000800000000)
  region size 2048K, 15 young (30720K), 3 survivors (6144K)
 Metaspace       used 93669K, committed 94464K, reserved 1179648K
  class space    used 12681K, committed 13056K, reserved 1048576K
GC Heap History (20 events):
Event: 1806.002 GC heap before
{Heap before GC invocations=712 (full 273):
 garbage-first heap   total 1038336K, used 201673K [0x0000000701800000, 0x0000000800000000)
  region size 2048K, 40 young (81920K), 2 survivors (4096K)
 Metaspace       used 93490K, committed 94272K, reserved 1179648K
  class space    used 12681K, committed 13056K, reserved 1048576K
}
Event: 1806.006 GC heap after
{Heap after GC invocations=713 (full 273):
 garbage-first heap   total 1038336K, used 124202K [0x0000000701800000, 0x0000000800000000)
  region size 2048K, 2 young (4096K), 2 survivors (4096K)
 Metaspace       used 93490K, committed 94272K, reserved 1179648K
  class space    used 12681K, committed 13056K, reserved 1048576K
}
Event: 1834.346 GC heap before
{Heap before GC invocations=713 (full 273):
 garbage-first heap   total 1038336K, used 202026K [0x0000000701800000, 0x0000000800000000)
  region size 2048K, 40 young (81920K), 2 survivors (4096K)
 Metaspace       used 93490K, committed 94272K, reserved 1179648K
  class space    used 12681K, committed 13056K, reserved 1048576K
}
Event: 1834.350 GC heap after
{Heap after GC invocations=714 (full 273):
 garbage-first heap   total 1038336K, used 124265K [0x0000000701800000, 0x0000000800000000)
  region size 2048K, 2 young (4096K), 2 survivors (4096K)
 Metaspace       used 93490K, committed 94272K, reserved 1179648K
  class space    used 12681K, committed 13056K, reserved 1048576K
}
Event: 1834.619 GC heap before
{Heap before GC invocations=714 (full 273):
 garbage-first heap   total 1038336K, used 202089K [0x0000000701800000, 0x0000000800000000)
  region size 2048K, 40 young (81920K), 2 survivors (4096K)
 Metaspace       used 93490K, committed 94272K, reserved 1179648K
  class space    used 12681K, committed 13056K, reserved 1048576K
}
Event: 1834.622 GC heap after
{Heap after GC invocations=715 (full 273):
 garbage-first heap   total 1038336K, used 124263K [0x0000000701800000, 0x0000000800000000)
  region size 2048K, 2 young (4096K), 2 survivors (4096K)
 Metaspace       used 93490K, committed 94272K, reserved 1179648K
  class space    used 12681K, committed 13056K, reserved 1048576K
}
Event: 1845.944 GC heap before
{Heap before GC invocations=715 (full 273):
 garbage-first heap   total 1038336K, used 202087K [0x0000000701800000, 0x0000000800000000)
  region size 2048K, 40 young (81920K), 2 survivors (4096K)
 Metaspace       used 93493K, committed 94272K, reserved 1179648K
  class space    used 12681K, committed 13056K, reserved 1048576K
}
Event: 1845.956 GC heap after
{Heap after GC invocations=716 (full 273):
 garbage-first heap   total 1038336K, used 124881K [0x0000000701800000, 0x0000000800000000)
  region size 2048K, 2 young (4096K), 2 survivors (4096K)
 Metaspace       used 93493K, committed 94272K, reserved 1179648K
  class space    used 12681K, committed 13056K, reserved 1048576K
}
Event: 1854.658 GC heap before
{Heap before GC invocations=716 (full 273):
 garbage-first heap   total 1038336K, used 202705K [0x0000000701800000, 0x0000000800000000)
  region size 2048K, 40 young (81920K), 2 survivors (4096K)
 Metaspace       used 93536K, committed 94272K, reserved 1179648K
  class space    used 12681K, committed 13056K, reserved 1048576K
}
Event: 1854.662 GC heap after
{Heap after GC invocations=717 (full 273):
 garbage-first heap   total 1038336K, used 125812K [0x0000000701800000, 0x0000000800000000)
  region size 2048K, 3 young (6144K), 3 survivors (6144K)
 Metaspace       used 93536K, committed 94272K, reserved 1179648K
  class space    used 12681K, committed 13056K, reserved 1048576K
}
Event: 1857.525 GC heap before
{Heap before GC invocations=717 (full 273):
 garbage-first heap   total 1038336K, used 201588K [0x0000000701800000, 0x0000000800000000)
  region size 2048K, 40 young (81920K), 3 survivors (6144K)
 Metaspace       used 93553K, committed 94336K, reserved 1179648K
  class space    used 12681K, committed 13056K, reserved 1048576K
}
Event: 1857.528 GC heap after
{Heap after GC invocations=718 (full 273):
 garbage-first heap   total 1038336K, used 125087K [0x0000000701800000, 0x0000000800000000)
  region size 2048K, 2 young (4096K), 2 survivors (4096K)
 Metaspace       used 93553K, committed 94336K, reserved 1179648K
  class space    used 12681K, committed 13056K, reserved 1048576K
}
Event: 1860.686 GC heap before
{Heap before GC invocations=718 (full 273):
 garbage-first heap   total 1038336K, used 202911K [0x0000000701800000, 0x0000000800000000)
  region size 2048K, 40 young (81920K), 2 survivors (4096K)
 Metaspace       used 93564K, committed 94336K, reserved 1179648K
  class space    used 12681K, committed 13056K, reserved 1048576K
}
Event: 1860.690 GC heap after
{Heap after GC invocations=719 (full 273):
 garbage-first heap   total 1038336K, used 125597K [0x0000000701800000, 0x0000000800000000)
  region size 2048K, 3 young (6144K), 3 survivors (6144K)
 Metaspace       used 93564K, committed 94336K, reserved 1179648K
  class space    used 12681K, committed 13056K, reserved 1048576K
}
Event: 1879.671 GC heap before
{Heap before GC invocations=719 (full 273):
 garbage-first heap   total 1038336K, used 201373K [0x0000000701800000, 0x0000000800000000)
  region size 2048K, 40 young (81920K), 3 survivors (6144K)
 Metaspace       used 93581K, committed 94400K, reserved 1179648K
  class space    used 12681K, committed 13056K, reserved 1048576K
}
Event: 1879.674 GC heap after
{Heap after GC invocations=720 (full 273):
 garbage-first heap   total 1038336K, used 125391K [0x0000000701800000, 0x0000000800000000)
  region size 2048K, 2 young (4096K), 2 survivors (4096K)
 Metaspace       used 93581K, committed 94400K, reserved 1179648K
  class space    used 12681K, committed 13056K, reserved 1048576K
}
Event: 1882.701 GC heap before
{Heap before GC invocations=720 (full 273):
 garbage-first heap   total 1038336K, used 203215K [0x0000000701800000, 0x0000000800000000)
  region size 2048K, 40 young (81920K), 2 survivors (4096K)
 Metaspace       used 93599K, committed 94400K, reserved 1179648K
  class space    used 12681K, committed 13056K, reserved 1048576K
}
Event: 1882.705 GC heap after
{Heap after GC invocations=721 (full 273):
 garbage-first heap   total 1038336K, used 125956K [0x0000000701800000, 0x0000000800000000)
  region size 2048K, 3 young (6144K), 3 survivors (6144K)
 Metaspace       used 93599K, committed 94400K, reserved 1179648K
  class space    used 12681K, committed 13056K, reserved 1048576K
}
Event: 1899.511 GC heap before
{Heap before GC invocations=721 (full 273):
 garbage-first heap   total 1038336K, used 201732K [0x0000000701800000, 0x0000000800000000)
  region size 2048K, 40 young (81920K), 3 survivors (6144K)
 Metaspace       used 93667K, committed 94464K, reserved 1179648K
  class space    used 12681K, committed 13056K, reserved 1048576K
}
Event: 1899.514 GC heap after
{Heap after GC invocations=722 (full 273):
 garbage-first heap   total 1038336K, used 125574K [0x0000000701800000, 0x0000000800000000)
  region size 2048K, 3 young (6144K), 3 survivors (6144K)
 Metaspace       used 93667K, committed 94464K, reserved 1179648K
  class space    used 12681K, committed 13056K, reserved 1048576K
}

